{"meta": {"format": 3, "version": "7.13.5", "timestamp": "2026-04-14T17:05:51.195205", "branch_coverage": false, "show_contexts": false}, "files": {"backend/app/api/v1/endpoints/__init__.py": {"executed_lines": [], "summary": {"covered_lines": 0, "num_statements": 0, "percent_covered": 100.0, "percent_covered_display": "100", "missing_lines": 0, "excluded_lines": 0, "percent_statements_covered": 100.0, "percent_statements_covered_display": "100"}, "missing_lines": [], "excluded_lines": [], "functions": {"": {"executed_lines": [], "summary": {"covered_lines": 0, "num_statements": 0, "percent_covered": 100.0, "percent_covered_display": "100", "missing_lines": 0, "excluded_lines": 0, "percent_statements_covered": 100.0, "percent_statements_covered_display": "100"}, "missing_lines": [], "excluded_lines": [], "start_line": 1}}, "classes": {"": {"executed_lines": [], "summary": {"covered_lines": 0, "num_statements": 0, "percent_covered": 100.0, "percent_covered_display": "100", "missing_lines": 0, "excluded_lines": 0, "percent_statements_covered": 100.0, "percent_statements_covered_display": "100"}, "missing_lines": [], "excluded_lines": [], "start_line": 1}}}, "backend/app/api/v1/endpoints/admin_config.py": {"executed_lines": [2, 3, 4, 6, 8, 9, 12, 15, 20, 21, 22, 25, 31], "summary": {"covered_lines": 13, "num_statements": 15, "percent_covered": 86.66666666666667, "percent_covered_display": "87", "missing_lines": 2, "excluded_lines": 0, "percent_statements_covered": 86.66666666666667, "percent_statements_covered_display": "87"}, "missing_lines": [42, 44], "excluded_lines": [], "functions": {"update_config": {"executed_lines": [], "summary": {"covered_lines": 0, "num_statements": 2, "percent_covered": 0.0, "percent_covered_display": "0", "missing_lines": 2, "excluded_lines": 0, "percent_statements_covered": 0.0, "percent_statements_covered_display": "0"}, "missing_lines": [42, 44], "excluded_lines": [], "start_line": 31}, "": {"executed_lines": [2, 3, 4, 6, 8, 9, 12, 15, 20, 21, 22, 25, 31], "summary": {"covered_lines": 13, "num_statements": 13, "percent_covered": 100.0, "percent_covered_display": "100", "missing_lines": 0, "excluded_lines": 0, "percent_statements_covered": 100.0, "percent_statements_covered_display": "100"}, "missing_lines": [], "excluded_lines": [], "start_line": 1}}, "classes": {"ConfigUpdateRequest": {"executed_lines": [], "summary": {"covered_lines": 0, "num_statements": 0, "percent_covered": 100.0, "percent_covered_display": "100", "missing_lines": 0, "excluded_lines": 0, "percent_statements_covered": 100.0, "percent_statements_covered_display": "100"}, "missing_lines": [], "excluded_lines": [], "start_line": 12}, "ConfigUpdateResponse": {"executed_lines": [], "summary": {"covered_lines": 0, "num_statements": 0, "percent_covered": 100.0, "percent_covered_display": "100", "missing_lines": 0, "excluded_lines": 0, "percent_statements_covered": 100.0, "percent_statements_covered_display": "100"}, "missing_lines": [], "excluded_lines": [], "start_line": 20}, "": {"executed_lines": [2, 3, 4, 6, 8, 9, 12, 15, 20, 21, 22, 25, 31], "summary": {"covered_lines": 13, "num_statements": 15, "percent_covered": 86.66666666666667, "percent_covered_display": "87", "missing_lines": 2, "excluded_lines": 0, "percent_statements_covered": 86.66666666666667, "percent_statements_covered_display": "87"}, "missing_lines": [42, 44], "excluded_lines": [], "start_line": 1}}}, "backend/app/api/v1/endpoints/admin_graph.py": {"executed_lines": [], "summary": {"covered_lines": 0, "num_statements": 30, "percent_covered": 0.0, "percent_covered_display": "0", "missing_lines": 30, "excluded_lines": 0, "percent_statements_covered": 0.0, "percent_statements_covered_display": "0"}, "missing_lines": [1, 2, 4, 5, 6, 8, 9, 11, 12, 14, 15, 16, 18, 53, 55, 57, 58, 66, 67, 77, 79, 80, 91, 95, 96, 98, 100, 105, 106, 108], "excluded_lines": [], "functions": {"_purge_incompatible_threads_task": {"executed_lines": [], "summary": {"covered_lines": 0, "num_statements": 2, "percent_covered": 0.0, "percent_covered_display": "0", "missing_lines": 2, "excluded_lines": 0, "percent_statements_covered": 0.0, "percent_statements_covered_display": "0"}, "missing_lines": [53, 55], "excluded_lines": [], "start_line": 18}, "purge_incompatible_threads": {"executed_lines": [], "summary": {"covered_lines": 0, "num_statements": 2, "percent_covered": 0.0, "percent_covered_display": "0", "missing_lines": 2, "excluded_lines": 0, "percent_statements_covered": 0.0, "percent_statements_covered_display": "0"}, "missing_lines": [66, 67], "excluded_lines": [], "start_line": 58}, "get_contextual_graph": {"executed_lines": [], "summary": {"covered_lines": 0, "num_statements": 8, "percent_covered": 0.0, "percent_covered_display": "0", "missing_lines": 8, "excluded_lines": 0, "percent_statements_covered": 0.0, "percent_statements_covered_display": "0"}, "missing_lines": [91, 95, 96, 98, 100, 105, 106, 108], "excluded_lines": [], "start_line": 80}, "": {"executed_lines": [], "summary": {"covered_lines": 0, "num_statements": 18, "percent_covered": 0.0, "percent_covered_display": "0", "missing_lines": 18, "excluded_lines": 0, "percent_statements_covered": 0.0, "percent_statements_covered_display": "0"}, "missing_lines": [1, 2, 4, 5, 6, 8, 9, 11, 12, 14, 15, 16, 18, 57, 58, 77, 79, 80], "excluded_lines": [], "start_line": 1}}, "classes": {"CleanupResult": {"executed_lines": [], "summary": {"covered_lines": 0, "num_statements": 0, "percent_covered": 100.0, "percent_covered_display": "100", "missing_lines": 0, "excluded_lines": 0, "percent_statements_covered": 100.0, "percent_statements_covered_display": "100"}, "missing_lines": [], "excluded_lines": [], "start_line": 14}, "": {"executed_lines": [], "summary": {"covered_lines": 0, "num_statements": 30, "percent_covered": 0.0, "percent_covered_display": "0", "missing_lines": 30, "excluded_lines": 0, "percent_statements_covered": 0.0, "percent_statements_covered_display": "0"}, "missing_lines": [1, 2, 4, 5, 6, 8, 9, 11, 12, 14, 15, 16, 18, 53, 55, 57, 58, 66, 67, 77, 79, 80, 91, 95, 96, 98, 100, 105, 106, 108], "excluded_lines": [], "start_line": 1}}}, "backend/app/api/v1/endpoints/agent.py": {"executed_lines": [1, 2, 3, 4, 6, 7, 9, 10, 15, 16, 17, 19, 20, 21, 22, 24, 27, 28, 29, 30, 31, 37, 40, 49, 57, 61], "summary": {"covered_lines": 26, "num_statements": 27, "percent_covered": 96.29629629629629, "percent_covered_display": "96", "missing_lines": 1, "excluded_lines": 0, "percent_statements_covered": 96.29629629629629, "percent_statements_covered_display": "96"}, "missing_lines": [23], "excluded_lines": [], "functions": {"AgentExecutionRequest.question_must_not_be_empty": {"executed_lines": [22, 24], "summary": {"covered_lines": 2, "num_statements": 3, "percent_covered": 66.66666666666667, "percent_covered_display": "67", "missing_lines": 1, "excluded_lines": 0, "percent_statements_covered": 66.66666666666667, "percent_statements_covered_display": "67"}, "missing_lines": [23], "excluded_lines": [], "start_line": 21}, "agent_execute": {"executed_lines": [49, 57, 61], "summary": {"covered_lines": 3, "num_statements": 3, "percent_covered": 100.0, "percent_covered_display": "100", "missing_lines": 0, "excluded_lines": 0, "percent_statements_covered": 100.0, "percent_statements_covered_display": "100"}, "missing_lines": [], "excluded_lines": [], "start_line": 40}, "": {"executed_lines": [1, 2, 3, 4, 6, 7, 9, 10, 15, 16, 17, 19, 20, 21, 27, 28, 29, 30, 31, 37, 40], "summary": {"covered_lines": 21, "num_statements": 21, "percent_covered": 100.0, "percent_covered_display": "100", "missing_lines": 0, "excluded_lines": 0, "percent_statements_covered": 100.0, "percent_statements_covered_display": "100"}, "missing_lines": [], "excluded_lines": [], "start_line": 1}}, "classes": {"AgentExecutionRequest": {"executed_lines": [22, 24], "summary": {"covered_lines": 2, "num_statements": 3, "percent_covered": 66.66666666666667, "percent_covered_display": "67", "missing_lines": 1, "excluded_lines": 0, "percent_statements_covered": 66.66666666666667, "percent_statements_covered_display": "67"}, "missing_lines": [23], "excluded_lines": [], "start_line": 15}, "AgentResponse": {"executed_lines": [], "summary": {"covered_lines": 0, "num_statements": 0, "percent_covered": 100.0, "percent_covered_display": "100", "missing_lines": 0, "excluded_lines": 0, "percent_statements_covered": 100.0, "percent_statements_covered_display": "100"}, "missing_lines": [], "excluded_lines": [], "start_line": 27}, "": {"executed_lines": [1, 2, 3, 4, 6, 7, 9, 10, 15, 16, 17, 19, 20, 21, 27, 28, 29, 30, 31, 37, 40, 49, 57, 61], "summary": {"covered_lines": 24, "num_statements": 24, "percent_covered": 100.0, "percent_covered_display": "100", "missing_lines": 0, "excluded_lines": 0, "percent_statements_covered": 100.0, "percent_statements_covered_display": "100"}, "missing_lines": [], "excluded_lines": [], "start_line": 1}}}, "backend/app/api/v1/endpoints/assistant.py": {"executed_lines": [1, 3, 4, 5, 7, 8, 10, 11, 14, 15, 16, 19, 22, 23, 24, 29, 30, 31, 32, 33, 34, 35, 38, 43, 46, 47, 56], "summary": {"covered_lines": 27, "num_statements": 30, "percent_covered": 90.0, "percent_covered_display": "90", "missing_lines": 3, "excluded_lines": 0, "percent_statements_covered": 90.0, "percent_statements_covered_display": "90"}, "missing_lines": [57, 58, 59], "excluded_lines": [], "functions": {"assistant_execute": {"executed_lines": [46, 47, 56], "summary": {"covered_lines": 3, "num_statements": 6, "percent_covered": 50.0, "percent_covered_display": "50", "missing_lines": 3, "excluded_lines": 0, "percent_statements_covered": 50.0, "percent_statements_covered_display": "50"}, "missing_lines": [57, 58, 59], "excluded_lines": [], "start_line": 43}, "": {"executed_lines": [1, 3, 4, 5, 7, 8, 10, 11, 14, 15, 16, 19, 22, 23, 24, 29, 30, 31, 32, 33, 34, 35, 38, 43], "summary": {"covered_lines": 24, "num_statements": 24, "percent_covered": 100.0, "percent_covered_display": "100", "missing_lines": 0, "excluded_lines": 0, "percent_statements_covered": 100.0, "percent_statements_covered_display": "100"}, "missing_lines": [], "excluded_lines": [], "start_line": 1}}, "classes": {"AssistantExecuteRequest": {"executed_lines": [], "summary": {"covered_lines": 0, "num_statements": 0, "percent_covered": 100.0, "percent_covered_display": "100", "missing_lines": 0, "excluded_lines": 0, "percent_statements_covered": 100.0, "percent_statements_covered_display": "100"}, "missing_lines": [], "excluded_lines": [], "start_line": 14}, "AssistantExecutionResult": {"executed_lines": [], "summary": {"covered_lines": 0, "num_statements": 0, "percent_covered": 100.0, "percent_covered_display": "100", "missing_lines": 0, "excluded_lines": 0, "percent_statements_covered": 100.0, "percent_statements_covered_display": "100"}, "missing_lines": [], "excluded_lines": [], "start_line": 29}, "": {"executed_lines": [1, 3, 4, 5, 7, 8, 10, 11, 14, 15, 16, 19, 22, 23, 24, 29, 30, 31, 32, 33, 34, 35, 38, 43, 46, 47, 56], "summary": {"covered_lines": 27, "num_statements": 30, "percent_covered": 90.0, "percent_covered_display": "90", "missing_lines": 3, "excluded_lines": 0, "percent_statements_covered": 90.0, "percent_statements_covered_display": "90"}, "missing_lines": [57, 58, 59], "excluded_lines": [], "start_line": 1}}}, "backend/app/api/v1/endpoints/auth.py": {"executed_lines": [1, 2, 3, 5, 6, 8, 9, 10, 11, 12, 13, 14, 16, 19, 20, 21, 24, 25, 28, 32, 33, 36, 37, 38, 39, 40, 41, 42, 45, 46, 49, 50, 53, 54, 55, 56, 75, 76, 81, 82, 85, 86, 87, 88, 91, 92, 93, 96, 97, 98, 99, 100, 101, 102, 103, 106, 107, 108, 109, 112, 113, 116, 117, 118, 121, 122, 123, 124, 125, 126, 127, 130, 131, 132, 135, 136, 137, 140, 141, 142, 143, 149, 150, 153, 154, 155, 160, 163, 164, 165, 166, 171, 172, 173, 174, 179, 184, 185, 186, 187, 207, 208, 209, 210, 224, 237, 238, 293, 294, 297, 302, 303, 304, 305, 307, 308, 309, 311, 314, 317, 318, 326, 327, 333, 335, 338, 341, 342, 343, 344, 346, 347, 350, 351, 354, 355, 356, 357, 359, 360, 361, 362, 364, 365, 366, 368, 369, 371, 374, 375, 378, 379, 380, 381, 383, 384, 385, 386, 389, 390, 393, 396, 397, 398, 399, 401, 402, 403, 404, 405, 407, 409, 412, 413, 416, 417, 418, 419, 420, 421, 424, 425, 426, 427, 430, 431, 432, 434, 435, 436, 437], "summary": {"covered_lines": 191, "num_statements": 299, "percent_covered": 63.87959866220736, "percent_covered_display": "64", "missing_lines": 108, "excluded_lines": 0, "percent_statements_covered": 63.87959866220736, "percent_statements_covered_display": "64"}, "missing_lines": [29, 57, 58, 60, 61, 62, 63, 64, 65, 66, 69, 70, 71, 72, 73, 74, 77, 78, 144, 145, 146, 156, 167, 168, 175, 176, 180, 181, 189, 190, 191, 192, 194, 195, 196, 197, 199, 200, 201, 202, 203, 204, 212, 213, 214, 216, 217, 218, 219, 220, 221, 225, 226, 228, 229, 230, 231, 232, 233, 234, 241, 242, 246, 247, 248, 249, 254, 255, 257, 258, 259, 261, 262, 263, 264, 265, 269, 270, 271, 273, 274, 275, 276, 278, 279, 281, 282, 283, 285, 286, 287, 298, 310, 312, 328, 329, 330, 331, 334, 336, 339, 363, 367, 372, 382, 408, 422, 433], "excluded_lines": [], "functions": {"get_user_repo": {"executed_lines": [], "summary": {"covered_lines": 0, "num_statements": 1, "percent_covered": 0.0, "percent_covered_display": "0", "missing_lines": 1, "excluded_lines": 0, "percent_statements_covered": 0.0, "percent_statements_covered_display": "0"}, "missing_lines": [29], "excluded_lines": [], "start_line": 28}, "issue_token": {"executed_lines": [36, 37, 38, 39, 40, 41, 42], "summary": {"covered_lines": 7, "num_statements": 7, "percent_covered": 100.0, "percent_covered_display": "100", "missing_lines": 0, "excluded_lines": 0, "percent_statements_covered": 100.0, "percent_statements_covered_display": "100"}, "missing_lines": [], "excluded_lines": [], "start_line": 33}, "supabase_exchange": {"executed_lines": [53, 54, 55, 56, 75, 76], "summary": {"covered_lines": 6, "num_statements": 23, "percent_covered": 26.08695652173913, "percent_covered_display": "26", "missing_lines": 17, "excluded_lines": 0, "percent_statements_covered": 26.08695652173913, "percent_statements_covered_display": "26"}, "missing_lines": [57, 58, 60, 61, 62, 63, 64, 65, 66, 69, 70, 71, 72, 73, 74, 77, 78], "excluded_lines": [], "start_line": 50}, "_can_return_reset_token": {"executed_lines": [141, 142, 143], "summary": {"covered_lines": 3, "num_statements": 6, "percent_covered": 50.0, "percent_covered_display": "50", "missing_lines": 3, "excluded_lines": 0, "percent_statements_covered": 50.0, "percent_statements_covered_display": "50"}, "missing_lines": [144, 145, 146], "excluded_lines": [], "start_line": 140}, "_normalize_cpf": {"executed_lines": [150], "summary": {"covered_lines": 1, "num_statements": 1, "percent_covered": 100.0, "percent_covered_display": "100", "missing_lines": 0, "excluded_lines": 0, "percent_statements_covered": 100.0, "percent_statements_covered_display": "100"}, "missing_lines": [], "excluded_lines": [], "start_line": 149}, "_validate_cpf_or_raise": {"executed_lines": [154, 155, 160], "summary": {"covered_lines": 3, "num_statements": 4, "percent_covered": 75.0, "percent_covered_display": "75", "missing_lines": 1, "excluded_lines": 0, "percent_statements_covered": 75.0, "percent_statements_covered_display": "75"}, "missing_lines": [156], "excluded_lines": [], "start_line": 153}, "_cpf_hash_scope": {"executed_lines": [164, 165, 166], "summary": {"covered_lines": 3, "num_statements": 5, "percent_covered": 60.0, "percent_covered_display": "60", "missing_lines": 2, "excluded_lines": 0, "percent_statements_covered": 60.0, "percent_statements_covered_display": "60"}, "missing_lines": [167, 168], "excluded_lines": [], "start_line": 163}, "_is_allowlisted_admin_cpf": {"executed_lines": [172, 173, 174], "summary": {"covered_lines": 3, "num_statements": 5, "percent_covered": 60.0, "percent_covered_display": "60", "missing_lines": 2, "excluded_lines": 0, "percent_statements_covered": 60.0, "percent_statements_covered_display": "60"}, "missing_lines": [175, 176], "excluded_lines": [], "start_line": 171}, "_ensure_admin_role_for_user": {"executed_lines": [], "summary": {"covered_lines": 0, "num_statements": 2, "percent_covered": 0.0, "percent_covered_display": "0", "missing_lines": 2, "excluded_lines": 0, "percent_statements_covered": 0.0, "percent_statements_covered_display": "0"}, "missing_lines": [180, 181], "excluded_lines": [], "start_line": 179}, "_should_promote_user_to_admin_by_cpf": {"executed_lines": [185, 186, 187], "summary": {"covered_lines": 3, "num_statements": 17, "percent_covered": 17.647058823529413, "percent_covered_display": "18", "missing_lines": 14, "excluded_lines": 0, "percent_statements_covered": 17.647058823529413, "percent_statements_covered_display": "18"}, "missing_lines": [189, 190, 191, 192, 194, 195, 196, 197, 199, 200, 201, 202, 203, 204], "excluded_lines": [], "start_line": 184}, "_is_cpf_already_registered": {"executed_lines": [208, 209, 210], "summary": {"covered_lines": 3, "num_statements": 12, "percent_covered": 25.0, "percent_covered_display": "25", "missing_lines": 9, "excluded_lines": 0, "percent_statements_covered": 25.0, "percent_statements_covered_display": "25"}, "missing_lines": [212, 213, 214, 216, 217, 218, 219, 220, 221], "excluded_lines": [], "start_line": 207}, "_ensure_firebase_initialized": {"executed_lines": [], "summary": {"covered_lines": 0, "num_statements": 9, "percent_covered": 0.0, "percent_covered_display": "0", "missing_lines": 9, "excluded_lines": 0, "percent_statements_covered": 0.0, "percent_statements_covered_display": "0"}, "missing_lines": [225, 226, 228, 229, 230, 231, 232, 233, 234], "excluded_lines": [], "start_line": 224}, "firebase_exchange": {"executed_lines": [], "summary": {"covered_lines": 0, "num_statements": 31, "percent_covered": 0.0, "percent_covered_display": "0", "missing_lines": 31, "excluded_lines": 0, "percent_statements_covered": 0.0, "percent_statements_covered_display": "0"}, "missing_lines": [241, 242, 246, 247, 248, 249, 254, 255, 257, 258, 259, 261, 262, 263, 264, 265, 269, 270, 271, 273, 274, 275, 276, 278, 279, 281, 282, 283, 285, 286, 287], "excluded_lines": [], "start_line": 238}, "local_register": {"executed_lines": [297, 302, 303, 304, 305, 307, 308, 309, 311, 314, 317, 318, 326, 327, 333, 335, 338, 341, 342, 343, 344, 346, 347], "summary": {"covered_lines": 23, "num_statements": 33, "percent_covered": 69.6969696969697, "percent_covered_display": "70", "missing_lines": 10, "excluded_lines": 0, "percent_statements_covered": 69.6969696969697, "percent_statements_covered_display": "70"}, "missing_lines": [298, 310, 312, 328, 329, 330, 331, 334, 336, 339], "excluded_lines": [], "start_line": 294}, "local_login": {"executed_lines": [354, 355, 356, 357, 359, 360, 361, 362, 364, 365, 366, 368, 369, 371, 374, 375], "summary": {"covered_lines": 16, "num_statements": 19, "percent_covered": 84.21052631578948, "percent_covered_display": "84", "missing_lines": 3, "excluded_lines": 0, "percent_statements_covered": 84.21052631578948, "percent_statements_covered_display": "84"}, "missing_lines": [363, 367, 372], "excluded_lines": [], "start_line": 351}, "local_me": {"executed_lines": [380, 381, 383, 384, 385, 386], "summary": {"covered_lines": 6, "num_statements": 7, "percent_covered": 85.71428571428571, "percent_covered_display": "86", "missing_lines": 1, "excluded_lines": 0, "percent_statements_covered": 85.71428571428571, "percent_statements_covered_display": "86"}, "missing_lines": [382], "excluded_lines": [], "start_line": 379}, "local_request_reset": {"executed_lines": [393, 396, 397, 398, 399, 401, 402, 403, 404, 405, 407, 409], "summary": {"covered_lines": 12, "num_statements": 13, "percent_covered": 92.3076923076923, "percent_covered_display": "92", "missing_lines": 1, "excluded_lines": 0, "percent_statements_covered": 92.3076923076923, "percent_statements_covered_display": "92"}, "missing_lines": [408], "excluded_lines": [], "start_line": 390}, "local_reset_password": {"executed_lines": [416, 417, 418, 419, 420, 421, 424, 425, 426, 427], "summary": {"covered_lines": 10, "num_statements": 11, "percent_covered": 90.9090909090909, "percent_covered_display": "91", "missing_lines": 1, "excluded_lines": 0, "percent_statements_covered": 90.9090909090909, "percent_statements_covered_display": "91"}, "missing_lines": [422], "excluded_lines": [], "start_line": 413}, "_build_local_user": {"executed_lines": [431, 432, 434, 435, 436, 437], "summary": {"covered_lines": 6, "num_statements": 7, "percent_covered": 85.71428571428571, "percent_covered_display": "86", "missing_lines": 1, "excluded_lines": 0, "percent_statements_covered": 85.71428571428571, "percent_statements_covered_display": "86"}, "missing_lines": [433], "excluded_lines": [], "start_line": 430}, "": {"executed_lines": [1, 2, 3, 5, 6, 8, 9, 10, 11, 12, 13, 14, 16, 19, 20, 21, 24, 25, 28, 32, 33, 45, 46, 49, 50, 81, 82, 85, 86, 87, 88, 91, 92, 93, 96, 97, 98, 99, 100, 101, 102, 103, 106, 107, 108, 109, 112, 113, 116, 117, 118, 121, 122, 123, 124, 125, 126, 127, 130, 131, 132, 135, 136, 137, 140, 149, 153, 163, 171, 179, 184, 207, 224, 237, 238, 293, 294, 350, 351, 378, 379, 389, 390, 412, 413, 430], "summary": {"covered_lines": 86, "num_statements": 86, "percent_covered": 100.0, "percent_covered_display": "100", "missing_lines": 0, "excluded_lines": 0, "percent_statements_covered": 100.0, "percent_statements_covered_display": "100"}, "missing_lines": [], "excluded_lines": [], "start_line": 1}}, "classes": {"TokenRequest": {"executed_lines": [], "summary": {"covered_lines": 0, "num_statements": 0, "percent_covered": 100.0, "percent_covered_display": "100", "missing_lines": 0, "excluded_lines": 0, "percent_statements_covered": 100.0, "percent_statements_covered_display": "100"}, "missing_lines": [], "excluded_lines": [], "start_line": 19}, "TokenResponse": {"executed_lines": [], "summary": {"covered_lines": 0, "num_statements": 0, "percent_covered": 100.0, "percent_covered_display": "100", "missing_lines": 0, "excluded_lines": 0, "percent_statements_covered": 100.0, "percent_statements_covered_display": "100"}, "missing_lines": [], "excluded_lines": [], "start_line": 24}, "SupabaseExchangeRequest": {"executed_lines": [], "summary": {"covered_lines": 0, "num_statements": 0, "percent_covered": 100.0, "percent_covered_display": "100", "missing_lines": 0, "excluded_lines": 0, "percent_statements_covered": 100.0, "percent_statements_covered_display": "100"}, "missing_lines": [], "excluded_lines": [], "start_line": 45}, "FirebaseExchangeRequest": {"executed_lines": [], "summary": {"covered_lines": 0, "num_statements": 0, "percent_covered": 100.0, "percent_covered_display": "100", "missing_lines": 0, "excluded_lines": 0, "percent_statements_covered": 100.0, "percent_statements_covered_display": "100"}, "missing_lines": [], "excluded_lines": [], "start_line": 81}, "AuthUserResponse": {"executed_lines": [], "summary": {"covered_lines": 0, "num_statements": 0, "percent_covered": 100.0, "percent_covered_display": "100", "missing_lines": 0, "excluded_lines": 0, "percent_statements_covered": 100.0, "percent_statements_covered_display": "100"}, "missing_lines": [], "excluded_lines": [], "start_line": 85}, "AuthExchangeResponse": {"executed_lines": [], "summary": {"covered_lines": 0, "num_statements": 0, "percent_covered": 100.0, "percent_covered_display": "100", "missing_lines": 0, "excluded_lines": 0, "percent_statements_covered": 100.0, "percent_statements_covered_display": "100"}, "missing_lines": [], "excluded_lines": [], "start_line": 91}, "LocalRegisterRequest": {"executed_lines": [], "summary": {"covered_lines": 0, "num_statements": 0, "percent_covered": 100.0, "percent_covered_display": "100", "missing_lines": 0, "excluded_lines": 0, "percent_statements_covered": 100.0, "percent_statements_covered_display": "100"}, "missing_lines": [], "excluded_lines": [], "start_line": 96}, "LocalLoginRequest": {"executed_lines": [], "summary": {"covered_lines": 0, "num_statements": 0, "percent_covered": 100.0, "percent_covered_display": "100", "missing_lines": 0, "excluded_lines": 0, "percent_statements_covered": 100.0, "percent_statements_covered_display": "100"}, "missing_lines": [], "excluded_lines": [], "start_line": 106}, "LocalResetRequest": {"executed_lines": [], "summary": {"covered_lines": 0, "num_statements": 0, "percent_covered": 100.0, "percent_covered_display": "100", "missing_lines": 0, "excluded_lines": 0, "percent_statements_covered": 100.0, "percent_statements_covered_display": "100"}, "missing_lines": [], "excluded_lines": [], "start_line": 112}, "LocalResetConfirmRequest": {"executed_lines": [], "summary": {"covered_lines": 0, "num_statements": 0, "percent_covered": 100.0, "percent_covered_display": "100", "missing_lines": 0, "excluded_lines": 0, "percent_statements_covered": 100.0, "percent_statements_covered_display": "100"}, "missing_lines": [], "excluded_lines": [], "start_line": 116}, "LocalAuthUserResponse": {"executed_lines": [], "summary": {"covered_lines": 0, "num_statements": 0, "percent_covered": 100.0, "percent_covered_display": "100", "missing_lines": 0, "excluded_lines": 0, "percent_statements_covered": 100.0, "percent_statements_covered_display": "100"}, "missing_lines": [], "excluded_lines": [], "start_line": 121}, "LocalAuthResponse": {"executed_lines": [], "summary": {"covered_lines": 0, "num_statements": 0, "percent_covered": 100.0, "percent_covered_display": "100", "missing_lines": 0, "excluded_lines": 0, "percent_statements_covered": 100.0, "percent_statements_covered_display": "100"}, "missing_lines": [], "excluded_lines": [], "start_line": 130}, "LocalResetResponse": {"executed_lines": [], "summary": {"covered_lines": 0, "num_statements": 0, "percent_covered": 100.0, "percent_covered_display": "100", "missing_lines": 0, "excluded_lines": 0, "percent_statements_covered": 100.0, "percent_statements_covered_display": "100"}, "missing_lines": [], "excluded_lines": [], "start_line": 135}, "": {"executed_lines": [1, 2, 3, 5, 6, 8, 9, 10, 11, 12, 13, 14, 16, 19, 20, 21, 24, 25, 28, 32, 33, 36, 37, 38, 39, 40, 41, 42, 45, 46, 49, 50, 53, 54, 55, 56, 75, 76, 81, 82, 85, 86, 87, 88, 91, 92, 93, 96, 97, 98, 99, 100, 101, 102, 103, 106, 107, 108, 109, 112, 113, 116, 117, 118, 121, 122, 123, 124, 125, 126, 127, 130, 131, 132, 135, 136, 137, 140, 141, 142, 143, 149, 150, 153, 154, 155, 160, 163, 164, 165, 166, 171, 172, 173, 174, 179, 184, 185, 186, 187, 207, 208, 209, 210, 224, 237, 238, 293, 294, 297, 302, 303, 304, 305, 307, 308, 309, 311, 314, 317, 318, 326, 327, 333, 335, 338, 341, 342, 343, 344, 346, 347, 350, 351, 354, 355, 356, 357, 359, 360, 361, 362, 364, 365, 366, 368, 369, 371, 374, 375, 378, 379, 380, 381, 383, 384, 385, 386, 389, 390, 393, 396, 397, 398, 399, 401, 402, 403, 404, 405, 407, 409, 412, 413, 416, 417, 418, 419, 420, 421, 424, 425, 426, 427, 430, 431, 432, 434, 435, 436, 437], "summary": {"covered_lines": 191, "num_statements": 299, "percent_covered": 63.87959866220736, "percent_covered_display": "64", "missing_lines": 108, "excluded_lines": 0, "percent_statements_covered": 63.87959866220736, "percent_statements_covered_display": "64"}, "missing_lines": [29, 57, 58, 60, 61, 62, 63, 64, 65, 66, 69, 70, 71, 72, 73, 74, 77, 78, 144, 145, 146, 156, 167, 168, 175, 176, 180, 181, 189, 190, 191, 192, 194, 195, 196, 197, 199, 200, 201, 202, 203, 204, 212, 213, 214, 216, 217, 218, 219, 220, 221, 225, 226, 228, 229, 230, 231, 232, 233, 234, 241, 242, 246, 247, 248, 249, 254, 255, 257, 258, 259, 261, 262, 263, 264, 265, 269, 270, 271, 273, 274, 275, 276, 278, 279, 281, 282, 283, 285, 286, 287, 298, 310, 312, 328, 329, 330, 331, 334, 336, 339, 363, 367, 372, 382, 408, 422, 433], "excluded_lines": [], "start_line": 1}}}, "backend/app/api/v1/endpoints/auto_analysis.py": {"executed_lines": [5, 6, 8, 9, 10, 12, 13, 14, 16, 17, 20, 21, 22, 23, 24, 27, 28, 29, 30, 31, 34, 35, 95, 144, 162, 177, 191], "summary": {"covered_lines": 27, "num_statements": 86, "percent_covered": 31.3953488372093, "percent_covered_display": "31", "missing_lines": 59, "excluded_lines": 0, "percent_statements_covered": 31.3953488372093, "percent_statements_covered_display": "31"}, "missing_lines": [45, 47, 49, 51, 52, 53, 56, 57, 58, 61, 62, 63, 66, 69, 71, 78, 79, 80, 97, 98, 101, 103, 104, 112, 113, 114, 115, 117, 118, 120, 121, 122, 123, 124, 125, 127, 134, 135, 136, 146, 150, 157, 158, 159, 164, 165, 172, 173, 174, 179, 188, 193, 194, 196, 198, 199, 200, 201, 203], "excluded_lines": [], "functions": {"auto_analyze": {"executed_lines": [], "summary": {"covered_lines": 0, "num_statements": 18, "percent_covered": 0.0, "percent_covered_display": "0", "missing_lines": 18, "excluded_lines": 0, "percent_statements_covered": 0.0, "percent_statements_covered_display": "0"}, "missing_lines": [45, 47, 49, 51, 52, 53, 56, 57, 58, 61, 62, 63, 66, 69, 71, 78, 79, 80], "excluded_lines": [], "start_line": 35}, "_analyze_api_costs": {"executed_lines": [], "summary": {"covered_lines": 0, "num_statements": 21, "percent_covered": 0.0, "percent_covered_display": "0", "missing_lines": 21, "excluded_lines": 0, "percent_statements_covered": 0.0, "percent_statements_covered_display": "0"}, "missing_lines": [97, 98, 101, 103, 104, 112, 113, 114, 115, 117, 118, 120, 121, 122, 123, 124, 125, 127, 134, 135, 136], "excluded_lines": [], "start_line": 95}, "_analyze_performance": {"executed_lines": [], "summary": {"covered_lines": 0, "num_statements": 5, "percent_covered": 0.0, "percent_covered_display": "0", "missing_lines": 5, "excluded_lines": 0, "percent_statements_covered": 0.0, "percent_statements_covered_display": "0"}, "missing_lines": [146, 150, 157, 158, 159], "excluded_lines": [], "start_line": 144}, "_analyze_response_quality": {"executed_lines": [], "summary": {"covered_lines": 0, "num_statements": 5, "percent_covered": 0.0, "percent_covered_display": "0", "missing_lines": 5, "excluded_lines": 0, "percent_statements_covered": 0.0, "percent_statements_covered_display": "0"}, "missing_lines": [164, 165, 172, 173, 174], "excluded_lines": [], "start_line": 162}, "_generate_fun_fact": {"executed_lines": [], "summary": {"covered_lines": 0, "num_statements": 2, "percent_covered": 0.0, "percent_covered_display": "0", "missing_lines": 2, "excluded_lines": 0, "percent_statements_covered": 0.0, "percent_statements_covered_display": "0"}, "missing_lines": [179, 188], "excluded_lines": [], "start_line": 177}, "_calculate_overall_health": {"executed_lines": [], "summary": {"covered_lines": 0, "num_statements": 8, "percent_covered": 0.0, "percent_covered_display": "0", "missing_lines": 8, "excluded_lines": 0, "percent_statements_covered": 0.0, "percent_statements_covered_display": "0"}, "missing_lines": [193, 194, 196, 198, 199, 200, 201, 203], "excluded_lines": [], "start_line": 191}, "": {"executed_lines": [5, 6, 8, 9, 10, 12, 13, 14, 16, 17, 20, 21, 22, 23, 24, 27, 28, 29, 30, 31, 34, 35, 95, 144, 162, 177, 191], "summary": {"covered_lines": 27, "num_statements": 27, "percent_covered": 100.0, "percent_covered_display": "100", "missing_lines": 0, "excluded_lines": 0, "percent_statements_covered": 100.0, "percent_statements_covered_display": "100"}, "missing_lines": [], "excluded_lines": [], "start_line": 1}}, "classes": {"HealthInsight": {"executed_lines": [], "summary": {"covered_lines": 0, "num_statements": 0, "percent_covered": 100.0, "percent_covered_display": "100", "missing_lines": 0, "excluded_lines": 0, "percent_statements_covered": 100.0, "percent_statements_covered_display": "100"}, "missing_lines": [], "excluded_lines": [], "start_line": 20}, "AutoAnalysisResponse": {"executed_lines": [], "summary": {"covered_lines": 0, "num_statements": 0, "percent_covered": 100.0, "percent_covered_display": "100", "missing_lines": 0, "excluded_lines": 0, "percent_statements_covered": 100.0, "percent_statements_covered_display": "100"}, "missing_lines": [], "excluded_lines": [], "start_line": 27}, "": {"executed_lines": [5, 6, 8, 9, 10, 12, 13, 14, 16, 17, 20, 21, 22, 23, 24, 27, 28, 29, 30, 31, 34, 35, 95, 144, 162, 177, 191], "summary": {"covered_lines": 27, "num_statements": 86, "percent_covered": 31.3953488372093, "percent_covered_display": "31", "missing_lines": 59, "excluded_lines": 0, "percent_statements_covered": 31.3953488372093, "percent_statements_covered_display": "31"}, "missing_lines": [45, 47, 49, 51, 52, 53, 56, 57, 58, 61, 62, 63, 66, 69, 71, 78, 79, 80, 97, 98, 101, 103, 104, 112, 113, 114, 115, 117, 118, 120, 121, 122, 123, 124, 125, 127, 134, 135, 136, 146, 150, 157, 158, 159, 164, 165, 172, 173, 174, 179, 188, 193, 194, 196, 198, 199, 200, 201, 203], "excluded_lines": [], "start_line": 1}}}, "backend/app/api/v1/endpoints/autonomy.py": {"executed_lines": [1, 3, 4, 5, 7, 8, 9, 10, 12, 13, 19, 20, 21, 22, 23, 24, 25, 26, 27, 28, 29, 34, 35, 36, 37, 38, 39, 42, 43, 46, 55, 56, 57, 112, 113, 114, 115, 116, 117, 120, 121, 124, 125, 126, 127, 128, 129, 130, 131, 132, 133, 139, 140, 144, 149, 162, 163, 174, 177, 178, 179, 180, 184, 187, 190, 191, 194, 195, 199, 200, 201, 207, 208, 211, 212, 213, 214, 215, 216, 217, 220, 221, 224, 232, 235, 236, 237, 238, 239, 250, 251, 252, 259, 262, 263, 264, 265, 268, 269, 270, 271, 272, 273, 276, 279, 286, 292, 295, 296, 297, 298, 305, 308, 309, 310, 311, 312, 313], "summary": {"covered_lines": 118, "num_statements": 147, "percent_covered": 80.27210884353741, "percent_covered_display": "80", "missing_lines": 29, "excluded_lines": 0, "percent_statements_covered": 80.27210884353741, "percent_statements_covered_display": "80"}, "missing_lines": [58, 59, 63, 64, 65, 66, 70, 71, 77, 78, 82, 83, 88, 89, 90, 96, 97, 98, 100, 101, 103, 145, 164, 165, 166, 167, 171, 181, 299], "excluded_lines": [], "functions": {"_validate_plan_steps": {"executed_lines": [55, 56, 57], "summary": {"covered_lines": 3, "num_statements": 24, "percent_covered": 12.5, "percent_covered_display": "12", "missing_lines": 21, "excluded_lines": 0, "percent_statements_covered": 12.5, "percent_statements_covered_display": "12"}, "missing_lines": [58, 59, 63, 64, 65, 66, 70, 71, 77, 78, 82, 83, 88, 89, 90, 96, 97, 98, 100, 101, 103], "excluded_lines": [], "start_line": 46}, "start_autonomy": {"executed_lines": [144, 149, 162, 163, 174], "summary": {"covered_lines": 5, "num_statements": 11, "percent_covered": 45.45454545454545, "percent_covered_display": "45", "missing_lines": 6, "excluded_lines": 0, "percent_statements_covered": 45.45454545454545, "percent_statements_covered_display": "45"}, "missing_lines": [145, 164, 165, 166, 167, 171], "excluded_lines": [], "start_line": 140}, "stop_autonomy": {"executed_lines": [179, 180, 184], "summary": {"covered_lines": 3, "num_statements": 4, "percent_covered": 75.0, "percent_covered_display": "75", "missing_lines": 1, "excluded_lines": 0, "percent_statements_covered": 75.0, "percent_statements_covered_display": "75"}, "missing_lines": [181], "excluded_lines": [], "start_line": 178}, "autonomy_status": {"executed_lines": [191], "summary": {"covered_lines": 1, "num_statements": 1, "percent_covered": 100.0, "percent_covered_display": "100", "missing_lines": 0, "excluded_lines": 0, "percent_statements_covered": 100.0, "percent_statements_covered_display": "100"}, "missing_lines": [], "excluded_lines": [], "start_line": 190}, "update_autonomy_plan": {"executed_lines": [199, 200, 201, 207, 208], "summary": {"covered_lines": 5, "num_statements": 5, "percent_covered": 100.0, "percent_covered_display": "100", "missing_lines": 0, "excluded_lines": 0, "percent_statements_covered": 100.0, "percent_statements_covered_display": "100"}, "missing_lines": [], "excluded_lines": [], "start_line": 195}, "update_policy": {"executed_lines": [224, 232], "summary": {"covered_lines": 2, "num_statements": 2, "percent_covered": 100.0, "percent_covered_display": "100", "missing_lines": 0, "excluded_lines": 0, "percent_statements_covered": 100.0, "percent_statements_covered_display": "100"}, "missing_lines": [], "excluded_lines": [], "start_line": 221}, "get_autonomy_plan": {"executed_lines": [237, 238, 239], "summary": {"covered_lines": 3, "num_statements": 3, "percent_covered": 100.0, "percent_covered_display": "100", "missing_lines": 0, "excluded_lines": 0, "percent_statements_covered": 100.0, "percent_statements_covered_display": "100"}, "missing_lines": [], "excluded_lines": [], "start_line": 236}, "create_goal": {"executed_lines": [252, 259], "summary": {"covered_lines": 2, "num_statements": 2, "percent_covered": 100.0, "percent_covered_display": "100", "missing_lines": 0, "excluded_lines": 0, "percent_statements_covered": 100.0, "percent_statements_covered_display": "100"}, "missing_lines": [], "excluded_lines": [], "start_line": 251}, "list_goals": {"executed_lines": [264, 265], "summary": {"covered_lines": 2, "num_statements": 2, "percent_covered": 100.0, "percent_covered_display": "100", "missing_lines": 0, "excluded_lines": 0, "percent_statements_covered": 100.0, "percent_statements_covered_display": "100"}, "missing_lines": [], "excluded_lines": [], "start_line": 263}, "get_goal": {"executed_lines": [270, 271, 272, 273], "summary": {"covered_lines": 4, "num_statements": 4, "percent_covered": 100.0, "percent_covered_display": "100", "missing_lines": 0, "excluded_lines": 0, "percent_statements_covered": 100.0, "percent_statements_covered_display": "100"}, "missing_lines": [], "excluded_lines": [], "start_line": 269}, "update_goal_status": {"executed_lines": [286, 292, 295, 296, 297, 298, 305], "summary": {"covered_lines": 7, "num_statements": 8, "percent_covered": 87.5, "percent_covered_display": "88", "missing_lines": 1, "excluded_lines": 0, "percent_statements_covered": 87.5, "percent_statements_covered_display": "88"}, "missing_lines": [299], "excluded_lines": [], "start_line": 279}, "delete_goal": {"executed_lines": [310, 311, 312, 313], "summary": {"covered_lines": 4, "num_statements": 4, "percent_covered": 100.0, "percent_covered_display": "100", "missing_lines": 0, "excluded_lines": 0, "percent_statements_covered": 100.0, "percent_statements_covered_display": "100"}, "missing_lines": [], "excluded_lines": [], "start_line": 309}, "": {"executed_lines": [1, 3, 4, 5, 7, 8, 9, 10, 12, 13, 19, 20, 21, 22, 23, 24, 25, 26, 27, 28, 29, 34, 35, 36, 37, 38, 39, 42, 43, 46, 112, 113, 114, 115, 116, 117, 120, 121, 124, 125, 126, 127, 128, 129, 130, 131, 132, 133, 139, 140, 177, 178, 187, 190, 194, 195, 211, 212, 213, 214, 215, 216, 217, 220, 221, 235, 236, 250, 251, 262, 263, 268, 269, 276, 279, 308, 309], "summary": {"covered_lines": 77, "num_statements": 77, "percent_covered": 100.0, "percent_covered_display": "100", "missing_lines": 0, "excluded_lines": 0, "percent_statements_covered": 100.0, "percent_statements_covered_display": "100"}, "missing_lines": [], "excluded_lines": [], "start_line": 1}}, "classes": {"AutonomyStartRequest": {"executed_lines": [], "summary": {"covered_lines": 0, "num_statements": 0, "percent_covered": 100.0, "percent_covered_display": "100", "missing_lines": 0, "excluded_lines": 0, "percent_statements_covered": 100.0, "percent_statements_covered_display": "100"}, "missing_lines": [], "excluded_lines": [], "start_line": 19}, "AutonomyStatusResponse": {"executed_lines": [], "summary": {"covered_lines": 0, "num_statements": 0, "percent_covered": 100.0, "percent_covered_display": "100", "missing_lines": 0, "excluded_lines": 0, "percent_statements_covered": 100.0, "percent_statements_covered_display": "100"}, "missing_lines": [], "excluded_lines": [], "start_line": 34}, "PlanUpdateRequest": {"executed_lines": [], "summary": {"covered_lines": 0, "num_statements": 0, "percent_covered": 100.0, "percent_covered_display": "100", "missing_lines": 0, "excluded_lines": 0, "percent_statements_covered": 100.0, "percent_statements_covered_display": "100"}, "missing_lines": [], "excluded_lines": [], "start_line": 42}, "GoalCreateRequest": {"executed_lines": [], "summary": {"covered_lines": 0, "num_statements": 0, "percent_covered": 100.0, "percent_covered_display": "100", "missing_lines": 0, "excluded_lines": 0, "percent_statements_covered": 100.0, "percent_statements_covered_display": "100"}, "missing_lines": [], "excluded_lines": [], "start_line": 112}, "GoalStatusUpdateRequest": {"executed_lines": [], "summary": {"covered_lines": 0, "num_statements": 0, "percent_covered": 100.0, "percent_covered_display": "100", "missing_lines": 0, "excluded_lines": 0, "percent_statements_covered": 100.0, "percent_statements_covered_display": "100"}, "missing_lines": [], "excluded_lines": [], "start_line": 120}, "GoalResponse": {"executed_lines": [], "summary": {"covered_lines": 0, "num_statements": 0, "percent_covered": 100.0, "percent_covered_display": "100", "missing_lines": 0, "excluded_lines": 0, "percent_statements_covered": 100.0, "percent_statements_covered_display": "100"}, "missing_lines": [], "excluded_lines": [], "start_line": 124}, "PolicyUpdateRequest": {"executed_lines": [], "summary": {"covered_lines": 0, "num_statements": 0, "percent_covered": 100.0, "percent_covered_display": "100", "missing_lines": 0, "excluded_lines": 0, "percent_statements_covered": 100.0, "percent_statements_covered_display": "100"}, "missing_lines": [], "excluded_lines": [], "start_line": 211}, "": {"executed_lines": [1, 3, 4, 5, 7, 8, 9, 10, 12, 13, 19, 20, 21, 22, 23, 24, 25, 26, 27, 28, 29, 34, 35, 36, 37, 38, 39, 42, 43, 46, 55, 56, 57, 112, 113, 114, 115, 116, 117, 120, 121, 124, 125, 126, 127, 128, 129, 130, 131, 132, 133, 139, 140, 144, 149, 162, 163, 174, 177, 178, 179, 180, 184, 187, 190, 191, 194, 195, 199, 200, 201, 207, 208, 211, 212, 213, 214, 215, 216, 217, 220, 221, 224, 232, 235, 236, 237, 238, 239, 250, 251, 252, 259, 262, 263, 264, 265, 268, 269, 270, 271, 272, 273, 276, 279, 286, 292, 295, 296, 297, 298, 305, 308, 309, 310, 311, 312, 313], "summary": {"covered_lines": 118, "num_statements": 147, "percent_covered": 80.27210884353741, "percent_covered_display": "80", "missing_lines": 29, "excluded_lines": 0, "percent_statements_covered": 80.27210884353741, "percent_statements_covered_display": "80"}, "missing_lines": [58, 59, 63, 64, 65, 66, 70, 71, 77, 78, 82, 83, 88, 89, 90, 96, 97, 98, 100, 101, 103, 145, 164, 165, 166, 167, 171, 181, 299], "excluded_lines": [], "start_line": 1}}}, "backend/app/api/v1/endpoints/autonomy_admin.py": {"executed_lines": [1, 3, 5, 6, 8, 9, 15, 21, 22, 23, 24, 25, 26, 27, 30, 31, 32, 35, 36, 39, 40, 41, 42, 45, 46, 47, 48, 51, 52, 56, 57, 65, 66, 77, 78, 82, 83, 90, 91, 98, 99, 106, 107, 123, 124], "summary": {"covered_lines": 45, "num_statements": 56, "percent_covered": 80.35714285714286, "percent_covered_display": "80", "missing_lines": 11, "excluded_lines": 0, "percent_statements_covered": 80.35714285714286, "percent_statements_covered_display": "80"}, "missing_lines": [53, 62, 70, 79, 87, 95, 103, 111, 116, 128, 134], "excluded_lines": [], "functions": {"sync_backlog": {"executed_lines": [], "summary": {"covered_lines": 0, "num_statements": 1, "percent_covered": 0.0, "percent_covered_display": "0", "missing_lines": 1, "excluded_lines": 0, "percent_statements_covered": 0.0, "percent_statements_covered_display": "0"}, "missing_lines": [53], "excluded_lines": [], "start_line": 52}, "get_board": {"executed_lines": [], "summary": {"covered_lines": 0, "num_statements": 1, "percent_covered": 0.0, "percent_covered_display": "0", "missing_lines": 1, "excluded_lines": 0, "percent_statements_covered": 0.0, "percent_statements_covered_display": "0"}, "missing_lines": [62], "excluded_lines": [], "start_line": 57}, "run_self_study": {"executed_lines": [], "summary": {"covered_lines": 0, "num_statements": 1, "percent_covered": 0.0, "percent_covered_display": "0", "missing_lines": 1, "excluded_lines": 0, "percent_statements_covered": 0.0, "percent_statements_covered_display": "0"}, "missing_lines": [70], "excluded_lines": [], "start_line": 66}, "self_study_status": {"executed_lines": [], "summary": {"covered_lines": 0, "num_statements": 1, "percent_covered": 0.0, "percent_covered_display": "0", "missing_lines": 1, "excluded_lines": 0, "percent_statements_covered": 0.0, "percent_statements_covered_display": "0"}, "missing_lines": [79], "excluded_lines": [], "start_line": 78}, "self_study_runs": {"executed_lines": [], "summary": {"covered_lines": 0, "num_statements": 1, "percent_covered": 0.0, "percent_covered_display": "0", "missing_lines": 1, "excluded_lines": 0, "percent_statements_covered": 0.0, "percent_statements_covered_display": "0"}, "missing_lines": [87], "excluded_lines": [], "start_line": 83}, "self_study_neo4j_audit": {"executed_lines": [], "summary": {"covered_lines": 0, "num_statements": 1, "percent_covered": 0.0, "percent_covered_display": "0", "missing_lines": 1, "excluded_lines": 0, "percent_statements_covered": 0.0, "percent_statements_covered_display": "0"}, "missing_lines": [95], "excluded_lines": [], "start_line": 91}, "self_study_neo4j_repair": {"executed_lines": [], "summary": {"covered_lines": 0, "num_statements": 1, "percent_covered": 0.0, "percent_covered_display": "0", "missing_lines": 1, "excluded_lines": 0, "percent_statements_covered": 0.0, "percent_statements_covered_display": "0"}, "missing_lines": [103], "excluded_lines": [], "start_line": 99}, "code_qa": {"executed_lines": [], "summary": {"covered_lines": 0, "num_statements": 2, "percent_covered": 0.0, "percent_covered_display": "0", "missing_lines": 2, "excluded_lines": 0, "percent_statements_covered": 0.0, "percent_statements_covered_display": "0"}, "missing_lines": [111, 116], "excluded_lines": [], "start_line": 107}, "admin_manual_goal_completion_trigger": {"executed_lines": [], "summary": {"covered_lines": 0, "num_statements": 2, "percent_covered": 0.0, "percent_covered_display": "0", "missing_lines": 2, "excluded_lines": 0, "percent_statements_covered": 0.0, "percent_statements_covered_display": "0"}, "missing_lines": [128, 134], "excluded_lines": [], "start_line": 124}, "": {"executed_lines": [1, 3, 5, 6, 8, 9, 15, 21, 22, 23, 24, 25, 26, 27, 30, 31, 32, 35, 36, 39, 40, 41, 42, 45, 46, 47, 48, 51, 52, 56, 57, 65, 66, 77, 78, 82, 83, 90, 91, 98, 99, 106, 107, 123, 124], "summary": {"covered_lines": 45, "num_statements": 45, "percent_covered": 100.0, "percent_covered_display": "100", "missing_lines": 0, "excluded_lines": 0, "percent_statements_covered": 100.0, "percent_statements_covered_display": "100"}, "missing_lines": [], "excluded_lines": [], "start_line": 1}}, "classes": {"BacklogSyncResponse": {"executed_lines": [], "summary": {"covered_lines": 0, "num_statements": 0, "percent_covered": 100.0, "percent_covered_display": "100", "missing_lines": 0, "excluded_lines": 0, "percent_statements_covered": 100.0, "percent_statements_covered_display": "100"}, "missing_lines": [], "excluded_lines": [], "start_line": 21}, "SelfStudyRunRequest": {"executed_lines": [], "summary": {"covered_lines": 0, "num_statements": 0, "percent_covered": 100.0, "percent_covered_display": "100", "missing_lines": 0, "excluded_lines": 0, "percent_statements_covered": 100.0, "percent_statements_covered_display": "100"}, "missing_lines": [], "excluded_lines": [], "start_line": 30}, "SelfStudyNeo4jRepairRequest": {"executed_lines": [], "summary": {"covered_lines": 0, "num_statements": 0, "percent_covered": 100.0, "percent_covered_display": "100", "missing_lines": 0, "excluded_lines": 0, "percent_statements_covered": 100.0, "percent_statements_covered_display": "100"}, "missing_lines": [], "excluded_lines": [], "start_line": 35}, "CodeQARequest": {"executed_lines": [], "summary": {"covered_lines": 0, "num_statements": 0, "percent_covered": 100.0, "percent_covered_display": "100", "missing_lines": 0, "excluded_lines": 0, "percent_statements_covered": 100.0, "percent_statements_covered_display": "100"}, "missing_lines": [], "excluded_lines": [], "start_line": 39}, "CodeQAResponse": {"executed_lines": [], "summary": {"covered_lines": 0, "num_statements": 0, "percent_covered": 100.0, "percent_covered_display": "100", "missing_lines": 0, "excluded_lines": 0, "percent_statements_covered": 100.0, "percent_statements_covered_display": "100"}, "missing_lines": [], "excluded_lines": [], "start_line": 45}, "": {"executed_lines": [1, 3, 5, 6, 8, 9, 15, 21, 22, 23, 24, 25, 26, 27, 30, 31, 32, 35, 36, 39, 40, 41, 42, 45, 46, 47, 48, 51, 52, 56, 57, 65, 66, 77, 78, 82, 83, 90, 91, 98, 99, 106, 107, 123, 124], "summary": {"covered_lines": 45, "num_statements": 56, "percent_covered": 80.35714285714286, "percent_covered_display": "80", "missing_lines": 11, "excluded_lines": 0, "percent_statements_covered": 80.35714285714286, "percent_statements_covered_display": "80"}, "missing_lines": [53, 62, 70, 79, 87, 95, 103, 111, 116, 128, 134], "excluded_lines": [], "start_line": 1}}}, "backend/app/api/v1/endpoints/autonomy_history.py": {"executed_lines": [1, 2, 4, 6, 9, 13, 14, 15, 16, 17, 18, 19, 22, 23, 24, 25, 26, 27, 28, 29, 30, 31, 32, 33, 36, 37, 38, 39, 40, 41, 42, 43, 44, 45, 46, 47, 50, 51, 56, 57, 70, 71, 72, 73, 74, 75, 85, 88, 94, 95, 113, 118, 123, 124], "summary": {"covered_lines": 54, "num_statements": 55, "percent_covered": 98.18181818181819, "percent_covered_display": "98", "missing_lines": 1, "excluded_lines": 0, "percent_statements_covered": 98.18181818181819, "percent_statements_covered_display": "98"}, "missing_lines": [10], "excluded_lines": [], "functions": {"get_autonomy_repo": {"executed_lines": [], "summary": {"covered_lines": 0, "num_statements": 1, "percent_covered": 0.0, "percent_covered_display": "0", "missing_lines": 1, "excluded_lines": 0, "percent_statements_covered": 0.0, "percent_statements_covered_display": "0"}, "missing_lines": [10], "excluded_lines": [], "start_line": 9}, "list_runs": {"executed_lines": [56, 57], "summary": {"covered_lines": 2, "num_statements": 2, "percent_covered": 100.0, "percent_covered_display": "100", "missing_lines": 0, "excluded_lines": 0, "percent_statements_covered": 100.0, "percent_statements_covered_display": "100"}, "missing_lines": [], "excluded_lines": [], "start_line": 51}, "get_run": {"executed_lines": [72, 73, 74, 75], "summary": {"covered_lines": 4, "num_statements": 4, "percent_covered": 100.0, "percent_covered_display": "100", "missing_lines": 0, "excluded_lines": 0, "percent_statements_covered": 100.0, "percent_statements_covered_display": "100"}, "missing_lines": [], "excluded_lines": [], "start_line": 71}, "list_steps": {"executed_lines": [94, 95], "summary": {"covered_lines": 2, "num_statements": 2, "percent_covered": 100.0, "percent_covered_display": "100", "missing_lines": 0, "excluded_lines": 0, "percent_statements_covered": 100.0, "percent_statements_covered_display": "100"}, "missing_lines": [], "excluded_lines": [], "start_line": 88}, "list_enqueues": {"executed_lines": [123, 124], "summary": {"covered_lines": 2, "num_statements": 2, "percent_covered": 100.0, "percent_covered_display": "100", "missing_lines": 0, "excluded_lines": 0, "percent_statements_covered": 100.0, "percent_statements_covered_display": "100"}, "missing_lines": [], "excluded_lines": [], "start_line": 118}, "": {"executed_lines": [1, 2, 4, 6, 9, 13, 14, 15, 16, 17, 18, 19, 22, 23, 24, 25, 26, 27, 28, 29, 30, 31, 32, 33, 36, 37, 38, 39, 40, 41, 42, 43, 44, 45, 46, 47, 50, 51, 70, 71, 85, 88, 113, 118], "summary": {"covered_lines": 44, "num_statements": 44, "percent_covered": 100.0, "percent_covered_display": "100", "missing_lines": 0, "excluded_lines": 0, "percent_statements_covered": 100.0, "percent_statements_covered_display": "100"}, "missing_lines": [], "excluded_lines": [], "start_line": 1}}, "classes": {"RunSummary": {"executed_lines": [], "summary": {"covered_lines": 0, "num_statements": 0, "percent_covered": 100.0, "percent_covered_display": "100", "missing_lines": 0, "excluded_lines": 0, "percent_statements_covered": 100.0, "percent_statements_covered_display": "100"}, "missing_lines": [], "excluded_lines": [], "start_line": 13}, "StepItem": {"executed_lines": [], "summary": {"covered_lines": 0, "num_statements": 0, "percent_covered": 100.0, "percent_covered_display": "100", "missing_lines": 0, "excluded_lines": 0, "percent_statements_covered": 100.0, "percent_statements_covered_display": "100"}, "missing_lines": [], "excluded_lines": [], "start_line": 22}, "EnqueueLedgerItem": {"executed_lines": [], "summary": {"covered_lines": 0, "num_statements": 0, "percent_covered": 100.0, "percent_covered_display": "100", "missing_lines": 0, "excluded_lines": 0, "percent_statements_covered": 100.0, "percent_statements_covered_display": "100"}, "missing_lines": [], "excluded_lines": [], "start_line": 36}, "": {"executed_lines": [1, 2, 4, 6, 9, 13, 14, 15, 16, 17, 18, 19, 22, 23, 24, 25, 26, 27, 28, 29, 30, 31, 32, 33, 36, 37, 38, 39, 40, 41, 42, 43, 44, 45, 46, 47, 50, 51, 56, 57, 70, 71, 72, 73, 74, 75, 85, 88, 94, 95, 113, 118, 123, 124], "summary": {"covered_lines": 54, "num_statements": 55, "percent_covered": 98.18181818181819, "percent_covered_display": "98", "missing_lines": 1, "excluded_lines": 0, "percent_statements_covered": 98.18181818181819, "percent_statements_covered_display": "98"}, "missing_lines": [10], "excluded_lines": [], "start_line": 1}}}, "backend/app/api/v1/endpoints/chat/__init__.py": {"executed_lines": [1, 3, 4, 5, 6, 7, 9, 10, 11, 12, 13, 14, 16], "summary": {"covered_lines": 13, "num_statements": 13, "percent_covered": 100.0, "percent_covered_display": "100", "missing_lines": 0, "excluded_lines": 0, "percent_statements_covered": 100.0, "percent_statements_covered_display": "100"}, "missing_lines": [], "excluded_lines": [], "functions": {"": {"executed_lines": [1, 3, 4, 5, 6, 7, 9, 10, 11, 12, 13, 14, 16], "summary": {"covered_lines": 13, "num_statements": 13, "percent_covered": 100.0, "percent_covered_display": "100", "missing_lines": 0, "excluded_lines": 0, "percent_statements_covered": 100.0, "percent_statements_covered_display": "100"}, "missing_lines": [], "excluded_lines": [], "start_line": 1}}, "classes": {"": {"executed_lines": [1, 3, 4, 5, 6, 7, 9, 10, 11, 12, 13, 14, 16], "summary": {"covered_lines": 13, "num_statements": 13, "percent_covered": 100.0, "percent_covered_display": "100", "missing_lines": 0, "excluded_lines": 0, "percent_statements_covered": 100.0, "percent_statements_covered_display": "100"}, "missing_lines": [], "excluded_lines": [], "start_line": 1}}}, "backend/app/api/v1/endpoints/chat/chat_admin.py": {"executed_lines": [1, 3, 4, 6, 13, 17, 19, 20, 23, 24, 30, 31, 37, 38, 43, 49, 50, 51, 52, 53, 54, 60, 61, 62, 63, 64, 65, 78, 79, 85, 86, 92, 93, 98, 103, 104, 105], "summary": {"covered_lines": 37, "num_statements": 45, "percent_covered": 82.22222222222223, "percent_covered_display": "82", "missing_lines": 8, "excluded_lines": 0, "percent_statements_covered": 82.22222222222223, "percent_statements_covered_display": "82"}, "missing_lines": [39, 71, 72, 73, 94, 106, 107, 108], "excluded_lines": [], "functions": {"rename_conversation": {"executed_lines": [30, 31, 37, 38, 43, 49, 50, 51, 52, 53, 54], "summary": {"covered_lines": 11, "num_statements": 12, "percent_covered": 91.66666666666667, "percent_covered_display": "92", "missing_lines": 1, "excluded_lines": 0, "percent_statements_covered": 91.66666666666667, "percent_statements_covered_display": "92"}, "missing_lines": [39], "excluded_lines": [], "start_line": 24}, "chat_health": {"executed_lines": [62, 63, 64, 65], "summary": {"covered_lines": 4, "num_statements": 7, "percent_covered": 57.142857142857146, "percent_covered_display": "57", "missing_lines": 3, "excluded_lines": 0, "percent_statements_covered": 57.142857142857146, "percent_statements_covered_display": "57"}, "missing_lines": [71, 72, 73], "excluded_lines": [], "start_line": 61}, "delete_conversation": {"executed_lines": [85, 86, 92, 93, 98, 103, 104, 105], "summary": {"covered_lines": 8, "num_statements": 12, "percent_covered": 66.66666666666667, "percent_covered_display": "67", "missing_lines": 4, "excluded_lines": 0, "percent_statements_covered": 66.66666666666667, "percent_statements_covered_display": "67"}, "missing_lines": [94, 106, 107, 108], "excluded_lines": [], "start_line": 79}, "": {"executed_lines": [1, 3, 4, 6, 13, 17, 19, 20, 23, 24, 60, 61, 78, 79], "summary": {"covered_lines": 14, "num_statements": 14, "percent_covered": 100.0, "percent_covered_display": "100", "missing_lines": 0, "excluded_lines": 0, "percent_statements_covered": 100.0, "percent_statements_covered_display": "100"}, "missing_lines": [], "excluded_lines": [], "start_line": 1}}, "classes": {"": {"executed_lines": [1, 3, 4, 6, 13, 17, 19, 20, 23, 24, 30, 31, 37, 38, 43, 49, 50, 51, 52, 53, 54, 60, 61, 62, 63, 64, 65, 78, 79, 85, 86, 92, 93, 98, 103, 104, 105], "summary": {"covered_lines": 37, "num_statements": 45, "percent_covered": 82.22222222222223, "percent_covered_display": "82", "missing_lines": 8, "excluded_lines": 0, "percent_statements_covered": 82.22222222222223, "percent_statements_covered_display": "82"}, "missing_lines": [39, 71, 72, 73, 94, 106, 107, 108], "excluded_lines": [], "start_line": 1}}}, "backend/app/api/v1/endpoints/chat/chat_history.py": {"executed_lines": [1, 3, 4, 6, 13, 18, 26, 27, 30, 35, 44, 51, 52, 58, 59, 60, 64, 66, 67, 77, 78, 79, 80, 86, 88, 89, 90, 92, 98, 103, 104, 105, 106, 112, 118, 123, 124, 125, 126, 127, 128, 129, 142, 147, 156, 162, 163, 168, 169, 170, 180, 181, 182, 183, 189, 195, 224, 229, 235, 241, 242, 247, 253, 254, 255, 256, 264], "summary": {"covered_lines": 67, "num_statements": 88, "percent_covered": 76.13636363636364, "percent_covered_display": "76", "missing_lines": 21, "excluded_lines": 0, "percent_statements_covered": 76.13636363636364, "percent_statements_covered_display": "76"}, "missing_lines": [114, 115, 116, 133, 136, 137, 164, 191, 192, 193, 205, 206, 207, 208, 209, 210, 211, 215, 218, 219, 243], "excluded_lines": [], "functions": {"chat_history": {"executed_lines": [44, 51, 52, 58, 59, 60, 64, 66, 67, 77, 78, 79, 80, 86, 88, 89, 90, 92, 98, 103, 104, 105, 106, 112, 118, 123, 124, 125, 126, 127, 128, 129], "summary": {"covered_lines": 32, "num_statements": 38, "percent_covered": 84.21052631578948, "percent_covered_display": "84", "missing_lines": 6, "excluded_lines": 0, "percent_statements_covered": 84.21052631578948, "percent_statements_covered_display": "84"}, "missing_lines": [114, 115, 116, 133, 136, 137], "excluded_lines": [], "start_line": 35}, "chat_history_paginated": {"executed_lines": [156, 162, 163, 168, 169, 170, 180, 181, 182, 183, 189, 195], "summary": {"covered_lines": 12, "num_statements": 26, "percent_covered": 46.15384615384615, "percent_covered_display": "46", "missing_lines": 14, "excluded_lines": 0, "percent_statements_covered": 46.15384615384615, "percent_statements_covered_display": "46"}, "missing_lines": [164, 191, 192, 193, 205, 206, 207, 208, 209, 210, 211, 215, 218, 219], "excluded_lines": [], "start_line": 147}, "list_conversations": {"executed_lines": [235, 241, 242, 247, 253, 264], "summary": {"covered_lines": 6, "num_statements": 7, "percent_covered": 85.71428571428571, "percent_covered_display": "86", "missing_lines": 1, "excluded_lines": 0, "percent_statements_covered": 85.71428571428571, "percent_statements_covered_display": "86"}, "missing_lines": [243], "excluded_lines": [], "start_line": 229}, "list_conversations.map_item": {"executed_lines": [254, 255, 256], "summary": {"covered_lines": 3, "num_statements": 3, "percent_covered": 100.0, "percent_covered_display": "100", "missing_lines": 0, "excluded_lines": 0, "percent_statements_covered": 100.0, "percent_statements_covered_display": "100"}, "missing_lines": [], "excluded_lines": [], "start_line": 253}, "": {"executed_lines": [1, 3, 4, 6, 13, 18, 26, 27, 30, 35, 142, 147, 224, 229], "summary": {"covered_lines": 14, "num_statements": 14, "percent_covered": 100.0, "percent_covered_display": "100", "missing_lines": 0, "excluded_lines": 0, "percent_statements_covered": 100.0, "percent_statements_covered_display": "100"}, "missing_lines": [], "excluded_lines": [], "start_line": 1}}, "classes": {"": {"executed_lines": [1, 3, 4, 6, 13, 18, 26, 27, 30, 35, 44, 51, 52, 58, 59, 60, 64, 66, 67, 77, 78, 79, 80, 86, 88, 89, 90, 92, 98, 103, 104, 105, 106, 112, 118, 123, 124, 125, 126, 127, 128, 129, 142, 147, 156, 162, 163, 168, 169, 170, 180, 181, 182, 183, 189, 195, 224, 229, 235, 241, 242, 247, 253, 254, 255, 256, 264], "summary": {"covered_lines": 67, "num_statements": 88, "percent_covered": 76.13636363636364, "percent_covered_display": "76", "missing_lines": 21, "excluded_lines": 0, "percent_statements_covered": 76.13636363636364, "percent_statements_covered_display": "76"}, "missing_lines": [114, 115, 116, 133, 136, 137, 164, 191, 192, 193, 205, 206, 207, 208, 209, 210, 211, 215, 218, 219, 243], "excluded_lines": [], "start_line": 1}}}, "backend/app/api/v1/endpoints/chat/chat_message.py": {"executed_lines": [1, 2, 4, 5, 7, 8, 15, 16, 17, 22, 23, 32, 36, 42, 44, 45, 48, 49, 50, 52, 57, 58, 59, 62, 63, 68, 69, 72, 75, 80, 86, 87, 92, 93, 94, 97, 109, 112, 113, 123, 124, 181, 182, 183, 184, 185, 191, 192, 197, 202, 203, 204, 205, 206, 210, 211, 213, 214, 215, 216, 217, 220, 221, 222, 223, 224, 225, 226, 227, 228, 229, 230, 235, 236, 237, 238, 292, 296, 297, 298, 299, 304, 305, 306, 316, 317, 318, 332, 333, 334, 341, 349, 358, 359, 360, 363, 370, 379, 386, 389, 397, 401, 402, 403, 404, 405, 409, 410, 412, 413, 414, 420, 421, 422, 440, 448], "summary": {"covered_lines": 116, "num_statements": 174, "percent_covered": 66.66666666666667, "percent_covered_display": "67", "missing_lines": 58, "excluded_lines": 0, "percent_statements_covered": 66.66666666666667, "percent_statements_covered_display": "67"}, "missing_lines": [51, 98, 99, 110, 111, 135, 136, 146, 147, 157, 158, 159, 169, 170, 193, 194, 195, 196, 207, 208, 209, 218, 219, 239, 243, 244, 245, 246, 251, 252, 253, 257, 258, 263, 264, 265, 280, 281, 282, 287, 288, 291, 310, 311, 350, 351, 356, 361, 362, 371, 372, 373, 374, 387, 418, 419, 441, 442], "excluded_lines": [], "functions": {"_get_chat_study_job_service": {"executed_lines": [49, 50, 52, 57, 58, 59], "summary": {"covered_lines": 6, "num_statements": 7, "percent_covered": 85.71428571428571, "percent_covered_display": "86", "missing_lines": 1, "excluded_lines": 0, "percent_statements_covered": 85.71428571428571, "percent_statements_covered_display": "86"}, "missing_lines": [51], "excluded_lines": [], "start_line": 48}, "start_chat": {"executed_lines": [68, 69, 72], "summary": {"covered_lines": 3, "num_statements": 3, "percent_covered": 100.0, "percent_covered_display": "100", "missing_lines": 0, "excluded_lines": 0, "percent_statements_covered": 100.0, "percent_statements_covered_display": "100"}, "missing_lines": [], "excluded_lines": [], "start_line": 63}, "send_message": {"executed_lines": [86, 87, 92, 93, 94, 97, 109, 112, 113, 123, 124, 181, 182, 183, 184, 185, 191, 192, 197, 202, 203, 204, 205, 206, 210, 211, 213, 214, 215, 216, 217, 220, 221, 222, 223, 224, 225, 226, 227, 228, 229, 230, 235, 236, 237, 238, 292, 296, 297, 298, 299, 304, 305, 306, 316, 317, 318, 332, 333, 334, 341, 349, 358, 359, 360, 363, 370, 379, 386, 389, 397, 401, 402, 403, 404, 405, 409, 410, 412, 413, 414, 420, 421, 422, 440, 448], "summary": {"covered_lines": 86, "num_statements": 143, "percent_covered": 60.13986013986014, "percent_covered_display": "60", "missing_lines": 57, "excluded_lines": 0, "percent_statements_covered": 60.13986013986014, "percent_statements_covered_display": "60"}, "missing_lines": [98, 99, 110, 111, 135, 136, 146, 147, 157, 158, 159, 169, 170, 193, 194, 195, 196, 207, 208, 209, 218, 219, 239, 243, 244, 245, 246, 251, 252, 253, 257, 258, 263, 264, 265, 280, 281, 282, 287, 288, 291, 310, 311, 350, 351, 356, 361, 362, 371, 372, 373, 374, 387, 418, 419, 441, 442], "excluded_lines": [], "start_line": 80}, "": {"executed_lines": [1, 2, 4, 5, 7, 8, 15, 16, 17, 22, 23, 32, 36, 42, 44, 45, 48, 62, 63, 75, 80], "summary": {"covered_lines": 21, "num_statements": 21, "percent_covered": 100.0, "percent_covered_display": "100", "missing_lines": 0, "excluded_lines": 0, "percent_statements_covered": 100.0, "percent_statements_covered_display": "100"}, "missing_lines": [], "excluded_lines": [], "start_line": 1}}, "classes": {"": {"executed_lines": [1, 2, 4, 5, 7, 8, 15, 16, 17, 22, 23, 32, 36, 42, 44, 45, 48, 49, 50, 52, 57, 58, 59, 62, 63, 68, 69, 72, 75, 80, 86, 87, 92, 93, 94, 97, 109, 112, 113, 123, 124, 181, 182, 183, 184, 185, 191, 192, 197, 202, 203, 204, 205, 206, 210, 211, 213, 214, 215, 216, 217, 220, 221, 222, 223, 224, 225, 226, 227, 228, 229, 230, 235, 236, 237, 238, 292, 296, 297, 298, 299, 304, 305, 306, 316, 317, 318, 332, 333, 334, 341, 349, 358, 359, 360, 363, 370, 379, 386, 389, 397, 401, 402, 403, 404, 405, 409, 410, 412, 413, 414, 420, 421, 422, 440, 448], "summary": {"covered_lines": 116, "num_statements": 174, "percent_covered": 66.66666666666667, "percent_covered_display": "67", "missing_lines": 58, "excluded_lines": 0, "percent_statements_covered": 66.66666666666667, "percent_statements_covered_display": "67"}, "missing_lines": [51, 98, 99, 110, 111, 135, 136, 146, 147, 157, 158, 159, 169, 170, 193, 194, 195, 196, 207, 208, 209, 218, 219, 239, 243, 244, 245, 246, 251, 252, 253, 257, 258, 263, 264, 265, 280, 281, 282, 287, 288, 291, 310, 311, 350, 351, 356, 361, 362, 371, 372, 373, 374, 387, 418, 419, 441, 442], "excluded_lines": [], "start_line": 1}}}, "backend/app/api/v1/endpoints/chat/chat_stream.py": {"executed_lines": [1, 2, 3, 5, 6, 11, 12, 13, 15, 24, 25, 28, 29, 41, 42, 43, 44, 45, 46, 57, 58, 69, 71, 72, 73, 76, 77, 88, 89, 90, 96, 97, 108, 113, 117, 118, 119, 120, 152, 155, 181, 188, 189, 190, 191, 193, 194, 196, 199, 202, 208, 256, 259, 265, 267, 268, 269, 275, 276, 287, 288, 315, 318, 334, 341, 342, 343, 344, 346, 347, 349], "summary": {"covered_lines": 71, "num_statements": 101, "percent_covered": 70.29702970297029, "percent_covered_display": "70", "missing_lines": 30, "excluded_lines": 0, "percent_statements_covered": 70.29702970297029, "percent_statements_covered_display": "70"}, "missing_lines": [74, 75, 98, 114, 115, 116, 121, 122, 127, 128, 138, 139, 140, 150, 169, 170, 277, 289, 290, 291, 292, 302, 303, 304, 314, 319, 320, 321, 322, 323], "excluded_lines": [], "functions": {"stream_message": {"executed_lines": [41, 42, 43, 44, 45, 46, 57, 58, 69, 71, 72, 73, 76, 77, 88, 89, 90, 96, 97, 108, 113, 117, 118, 119, 120, 152, 155, 181, 188, 196], "summary": {"covered_lines": 30, "num_statements": 46, "percent_covered": 65.21739130434783, "percent_covered_display": "65", "missing_lines": 16, "excluded_lines": 0, "percent_statements_covered": 65.21739130434783, "percent_statements_covered_display": "65"}, "missing_lines": [74, 75, 98, 114, 115, 116, 121, 122, 127, 128, 138, 139, 140, 150, 169, 170], "excluded_lines": [], "start_line": 29}, "stream_message.guarded_gen": {"executed_lines": [189, 190, 191, 193, 194], "summary": {"covered_lines": 5, "num_statements": 5, "percent_covered": 100.0, "percent_covered_display": "100", "missing_lines": 0, "excluded_lines": 0, "percent_statements_covered": 100.0, "percent_statements_covered_display": "100"}, "missing_lines": [], "excluded_lines": [], "start_line": 188}, "get_conversation_trace": {"executed_lines": [208], "summary": {"covered_lines": 1, "num_statements": 1, "percent_covered": 100.0, "percent_covered_display": "100", "missing_lines": 0, "excluded_lines": 0, "percent_statements_covered": 100.0, "percent_statements_covered_display": "100"}, "missing_lines": [], "excluded_lines": [], "start_line": 202}, "stream_agent_events": {"executed_lines": [265, 267, 268, 269, 275, 276, 287, 288, 315, 318, 334, 341, 349], "summary": {"covered_lines": 13, "num_statements": 27, "percent_covered": 48.148148148148145, "percent_covered_display": "48", "missing_lines": 14, "excluded_lines": 0, "percent_statements_covered": 48.148148148148145, "percent_statements_covered_display": "48"}, "missing_lines": [277, 289, 290, 291, 292, 302, 303, 304, 314, 319, 320, 321, 322, 323], "excluded_lines": [], "start_line": 259}, "stream_agent_events.guarded_gen": {"executed_lines": [342, 343, 344, 346, 347], "summary": {"covered_lines": 5, "num_statements": 5, "percent_covered": 100.0, "percent_covered_display": "100", "missing_lines": 0, "excluded_lines": 0, "percent_statements_covered": 100.0, "percent_statements_covered_display": "100"}, "missing_lines": [], "excluded_lines": [], "start_line": 341}, "": {"executed_lines": [1, 2, 3, 5, 6, 11, 12, 13, 15, 24, 25, 28, 29, 199, 202, 256, 259], "summary": {"covered_lines": 17, "num_statements": 17, "percent_covered": 100.0, "percent_covered_display": "100", "missing_lines": 0, "excluded_lines": 0, "percent_statements_covered": 100.0, "percent_statements_covered_display": "100"}, "missing_lines": [], "excluded_lines": [], "start_line": 1}}, "classes": {"": {"executed_lines": [1, 2, 3, 5, 6, 11, 12, 13, 15, 24, 25, 28, 29, 41, 42, 43, 44, 45, 46, 57, 58, 69, 71, 72, 73, 76, 77, 88, 89, 90, 96, 97, 108, 113, 117, 118, 119, 120, 152, 155, 181, 188, 189, 190, 191, 193, 194, 196, 199, 202, 208, 256, 259, 265, 267, 268, 269, 275, 276, 287, 288, 315, 318, 334, 341, 342, 343, 344, 346, 347, 349], "summary": {"covered_lines": 71, "num_statements": 101, "percent_covered": 70.29702970297029, "percent_covered_display": "70", "missing_lines": 30, "excluded_lines": 0, "percent_statements_covered": 70.29702970297029, "percent_statements_covered_display": "70"}, "missing_lines": [74, 75, 98, 114, 115, 116, 121, 122, 127, 128, 138, 139, 140, 150, 169, 170, 277, 289, 290, 291, 292, 302, 303, 304, 314, 319, 320, 321, 322, 323], "excluded_lines": [], "start_line": 1}}}, "backend/app/api/v1/endpoints/chat/chat_study_jobs.py": {"executed_lines": [1, 3, 5, 7, 10, 14], "summary": {"covered_lines": 6, "num_statements": 21, "percent_covered": 28.571428571428573, "percent_covered_display": "29", "missing_lines": 15, "excluded_lines": 0, "percent_statements_covered": 28.571428571428573, "percent_statements_covered_display": "29"}, "missing_lines": [19, 25, 26, 27, 32, 33, 34, 35, 36, 37, 38, 39, 40, 41, 42], "excluded_lines": [], "functions": {"get_study_job": {"executed_lines": [], "summary": {"covered_lines": 0, "num_statements": 15, "percent_covered": 0.0, "percent_covered_display": "0", "missing_lines": 15, "excluded_lines": 0, "percent_statements_covered": 0.0, "percent_statements_covered_display": "0"}, "missing_lines": [19, 25, 26, 27, 32, 33, 34, 35, 36, 37, 38, 39, 40, 41, 42], "excluded_lines": [], "start_line": 14}, "": {"executed_lines": [1, 3, 5, 7, 10, 14], "summary": {"covered_lines": 6, "num_statements": 6, "percent_covered": 100.0, "percent_covered_display": "100", "missing_lines": 0, "excluded_lines": 0, "percent_statements_covered": 100.0, "percent_statements_covered_display": "100"}, "missing_lines": [], "excluded_lines": [], "start_line": 1}}, "classes": {"": {"executed_lines": [1, 3, 5, 7, 10, 14], "summary": {"covered_lines": 6, "num_statements": 21, "percent_covered": 28.571428571428573, "percent_covered_display": "29", "missing_lines": 15, "excluded_lines": 0, "percent_statements_covered": 28.571428571428573, "percent_statements_covered_display": "29"}, "missing_lines": [19, 25, 26, 27, 32, 33, 34, 35, 36, 37, 38, 39, 40, 41, 42], "excluded_lines": [], "start_line": 1}}}, "backend/app/api/v1/endpoints/chat/deps.py": {"executed_lines": [1, 2, 3, 4, 5, 6, 8, 10, 12, 13, 14, 15, 18, 19, 21, 22, 23, 28, 29, 31, 32, 33, 38, 39, 41, 42, 46, 47, 49, 50, 55, 59, 60, 68, 72, 73, 81, 82, 83, 88, 89, 90, 91, 96, 106, 107, 108, 109, 110, 111, 114, 130, 131, 132, 133, 134, 135, 138, 169, 184, 199, 201, 202, 209, 216, 231, 232, 233, 234, 235, 237, 241, 266, 286, 307, 308, 309, 310, 311, 314, 315, 316, 317, 318, 322, 323, 328, 329, 330, 348, 349, 350, 353, 354, 357, 358, 359, 360, 361, 364, 367, 368, 370, 371, 375, 376, 377, 380, 382, 383, 384, 386, 388, 389], "summary": {"covered_lines": 114, "num_statements": 183, "percent_covered": 62.295081967213115, "percent_covered_display": "62", "missing_lines": 69, "excluded_lines": 0, "percent_statements_covered": 62.295081967213115, "percent_statements_covered_display": "62"}, "missing_lines": [20, 24, 25, 30, 34, 35, 40, 48, 51, 52, 56, 69, 84, 85, 92, 93, 97, 139, 140, 142, 148, 149, 155, 161, 170, 171, 177, 185, 186, 188, 192, 203, 205, 217, 218, 220, 224, 248, 249, 250, 252, 256, 257, 258, 271, 277, 278, 279, 292, 298, 299, 300, 319, 324, 331, 332, 334, 342, 343, 344, 355, 363, 369, 372, 373, 378, 379, 385, 387], "excluded_lines": [], "functions": {"actor_user_id": {"executed_lines": [19, 21, 22, 23], "summary": {"covered_lines": 4, "num_statements": 7, "percent_covered": 57.142857142857146, "percent_covered_display": "57", "missing_lines": 3, "excluded_lines": 0, "percent_statements_covered": 57.142857142857146, "percent_statements_covered_display": "57"}, "missing_lines": [20, 24, 25], "excluded_lines": [], "start_line": 18}, "actor_project_id": {"executed_lines": [29, 31, 32, 33], "summary": {"covered_lines": 4, "num_statements": 7, "percent_covered": 57.142857142857146, "percent_covered_display": "57", "missing_lines": 3, "excluded_lines": 0, "percent_statements_covered": 57.142857142857146, "percent_statements_covered_display": "57"}, "missing_lines": [30, 34, 35], "excluded_lines": [], "start_line": 28}, "anonymous_user_id": {"executed_lines": [39, 41, 42, 46, 47, 49, 50], "summary": {"covered_lines": 7, "num_statements": 11, "percent_covered": 63.63636363636363, "percent_covered_display": "64", "missing_lines": 4, "excluded_lines": 0, "percent_statements_covered": 63.63636363636363, "percent_statements_covered_display": "64"}, "missing_lines": [40, 48, 51, 52], "excluded_lines": [], "start_line": 38}, "resolve_user_id": {"executed_lines": [], "summary": {"covered_lines": 0, "num_statements": 1, "percent_covered": 0.0, "percent_covered_display": "0", "missing_lines": 1, "excluded_lines": 0, "percent_statements_covered": 0.0, "percent_statements_covered_display": "0"}, "missing_lines": [56], "excluded_lines": [], "start_line": 55}, "_chat_auth_enforced": {"executed_lines": [60], "summary": {"covered_lines": 1, "num_statements": 1, "percent_covered": 100.0, "percent_covered_display": "100", "missing_lines": 0, "excluded_lines": 0, "percent_statements_covered": 100.0, "percent_statements_covered_display": "100"}, "missing_lines": [], "excluded_lines": [], "start_line": 59}, "is_chat_auth_enforced": {"executed_lines": [], "summary": {"covered_lines": 0, "num_statements": 1, "percent_covered": 0.0, "percent_covered_display": "0", "missing_lines": 1, "excluded_lines": 0, "percent_statements_covered": 0.0, "percent_statements_covered_display": "0"}, "missing_lines": [69], "excluded_lines": [], "start_line": 68}, "_chat_transition_warn": {"executed_lines": [73], "summary": {"covered_lines": 1, "num_statements": 1, "percent_covered": 100.0, "percent_covered_display": "100", "missing_lines": 0, "excluded_lines": 0, "percent_statements_covered": 100.0, "percent_statements_covered_display": "100"}, "missing_lines": [], "excluded_lines": [], "start_line": 72}, "_auth_header_present": {"executed_lines": [82, 83], "summary": {"covered_lines": 2, "num_statements": 4, "percent_covered": 50.0, "percent_covered_display": "50", "missing_lines": 2, "excluded_lines": 0, "percent_statements_covered": 50.0, "percent_statements_covered_display": "50"}, "missing_lines": [84, 85], "excluded_lines": [], "start_line": 81}, "_x_user_id_header": {"executed_lines": [89, 90, 91], "summary": {"covered_lines": 3, "num_statements": 5, "percent_covered": 60.0, "percent_covered_display": "60", "missing_lines": 2, "excluded_lines": 0, "percent_statements_covered": 60.0, "percent_statements_covered_display": "60"}, "missing_lines": [92, 93], "excluded_lines": [], "start_line": 88}, "_chat_http_error": {"executed_lines": [], "summary": {"covered_lines": 0, "num_statements": 1, "percent_covered": 0.0, "percent_covered_display": "0", "missing_lines": 1, "excluded_lines": 0, "percent_statements_covered": 0.0, "percent_statements_covered_display": "0"}, "missing_lines": [97], "excluded_lines": [], "start_line": 96}, "resolve_authenticated_user_context": {"executed_lines": [130, 131, 132, 133, 134, 135, 138, 169, 184, 199, 201, 202, 209, 216, 231, 232, 233, 234, 235, 237, 241], "summary": {"covered_lines": 21, "num_statements": 48, "percent_covered": 43.75, "percent_covered_display": "44", "missing_lines": 27, "excluded_lines": 0, "percent_statements_covered": 43.75, "percent_statements_covered_display": "44"}, "missing_lines": [139, 140, 142, 148, 149, 155, 161, 170, 171, 177, 185, 186, 188, 192, 203, 205, 217, 218, 220, 224, 248, 249, 250, 252, 256, 257, 258], "excluded_lines": [], "start_line": 114}, "require_actor_user_id": {"executed_lines": [], "summary": {"covered_lines": 0, "num_statements": 4, "percent_covered": 0.0, "percent_covered_display": "0", "missing_lines": 4, "excluded_lines": 0, "percent_statements_covered": 0.0, "percent_statements_covered_display": "0"}, "missing_lines": [271, 277, 278, 279], "excluded_lines": [], "start_line": 266}, "resolve_authenticated_user_id": {"executed_lines": [], "summary": {"covered_lines": 0, "num_statements": 4, "percent_covered": 0.0, "percent_covered_display": "0", "missing_lines": 4, "excluded_lines": 0, "percent_statements_covered": 0.0, "percent_statements_covered_display": "0"}, "missing_lines": [292, 298, 299, 300], "excluded_lines": [], "start_line": 286}, "_channel_limit": {"executed_lines": [308, 309, 310, 311], "summary": {"covered_lines": 4, "num_statements": 4, "percent_covered": 100.0, "percent_covered_display": "100", "missing_lines": 0, "excluded_lines": 0, "percent_statements_covered": 100.0, "percent_statements_covered_display": "100"}, "missing_lines": [], "excluded_lines": [], "start_line": 307}, "acquire_sse_slot": {"executed_lines": [315, 316, 317, 318, 322, 323, 328, 329, 330, 348, 349, 350], "summary": {"covered_lines": 12, "num_statements": 20, "percent_covered": 60.0, "percent_covered_display": "60", "missing_lines": 8, "excluded_lines": 0, "percent_statements_covered": 60.0, "percent_statements_covered_display": "60"}, "missing_lines": [319, 324, 331, 332, 334, 342, 343, 344], "excluded_lines": [], "start_line": 314}, "release_sse_slot": {"executed_lines": [354, 357, 358, 359, 360, 361, 364], "summary": {"covered_lines": 7, "num_statements": 9, "percent_covered": 77.77777777777777, "percent_covered_display": "78", "missing_lines": 2, "excluded_lines": 0, "percent_statements_covered": 77.77777777777777, "percent_statements_covered_display": "78"}, "missing_lines": [355, 363], "excluded_lines": [], "start_line": 353}, "ensure_origin_allowed": {"executed_lines": [368, 370, 371, 375, 376, 377, 380, 382, 383, 384, 386, 388, 389], "summary": {"covered_lines": 13, "num_statements": 20, "percent_covered": 65.0, "percent_covered_display": "65", "missing_lines": 7, "excluded_lines": 0, "percent_statements_covered": 65.0, "percent_statements_covered_display": "65"}, "missing_lines": [369, 372, 373, 378, 379, 385, 387], "excluded_lines": [], "start_line": 367}, "": {"executed_lines": [1, 2, 3, 4, 5, 6, 8, 10, 12, 13, 14, 15, 18, 28, 38, 55, 59, 68, 72, 81, 88, 96, 106, 107, 108, 109, 110, 111, 114, 266, 286, 307, 314, 353, 367], "summary": {"covered_lines": 35, "num_statements": 35, "percent_covered": 100.0, "percent_covered_display": "100", "missing_lines": 0, "excluded_lines": 0, "percent_statements_covered": 100.0, "percent_statements_covered_display": "100"}, "missing_lines": [], "excluded_lines": [], "start_line": 1}}, "classes": {"ChatIdentityResolution": {"executed_lines": [], "summary": {"covered_lines": 0, "num_statements": 0, "percent_covered": 100.0, "percent_covered_display": "100", "missing_lines": 0, "excluded_lines": 0, "percent_statements_covered": 100.0, "percent_statements_covered_display": "100"}, "missing_lines": [], "excluded_lines": [], "start_line": 107}, "": {"executed_lines": [1, 2, 3, 4, 5, 6, 8,
[...]
: {"executed_lines": [102, 103], "summary": {"covered_lines": 2, "num_statements": 2, "percent_covered": 100.0, "percent_covered_display": "100", "missing_lines": 0, "excluded_lines": 0, "percent_statements_covered": 100.0, "percent_statements_covered_display": "100"}, "missing_lines": [], "excluded_lines": [], "start_line": 99}, "get_tool_statistics": {"executed_lines": [119], "summary": {"covered_lines": 1, "num_statements": 1, "percent_covered": 100.0, "percent_covered_display": "100", "missing_lines": 0, "excluded_lines": 0, "percent_statements_covered": 100.0, "percent_statements_covered_display": "100"}, "missing_lines": [], "excluded_lines": [], "start_line": 117}, "create_tool_from_function": {"executed_lines": [133, 134], "summary": {"covered_lines": 2, "num_statements": 2, "percent_covered": 100.0, "percent_covered_display": "100", "missing_lines": 0, "excluded_lines": 0, "percent_statements_covered": 100.0, "percent_statements_covered_display": "100"}, "missing_lines": [], "excluded_lines": [], "start_line": 128}, "create_tool_from_api": {"executed_lines": [155, 156], "summary": {"covered_lines": 2, "num_statements": 2, "percent_covered": 100.0, "percent_covered_display": "100", "missing_lines": 0, "excluded_lines": 0, "percent_statements_covered": 100.0, "percent_statements_covered_display": "100"}, "missing_lines": [], "excluded_lines": [], "start_line": 151}, "delete_tool": {"executed_lines": [173], "summary": {"covered_lines": 1, "num_statements": 1, "percent_covered": 100.0, "percent_covered_display": "100", "missing_lines": 0, "excluded_lines": 0, "percent_statements_covered": 100.0, "percent_statements_covered_display": "100"}, "missing_lines": [], "excluded_lines": [], "start_line": 170}, "list_categories": {"executed_lines": [], "summary": {"covered_lines": 0, "num_statements": 1, "percent_covered": 0.0, "percent_covered_display": "0", "missing_lines": 1, "excluded_lines": 0, "percent_statements_covered": 0.0, "percent_statements_covered_display": "0"}, "missing_lines": [178], "excluded_lines": [], "start_line": 177}, "list_permissions": {"executed_lines": [183], "summary": {"covered_lines": 1, "num_statements": 1, "percent_covered": 100.0, "percent_covered_display": "100", "missing_lines": 0, "excluded_lines": 0, "percent_statements_covered": 100.0, "percent_statements_covered_display": "100"}, "missing_lines": [], "excluded_lines": [], "start_line": 182}, "": {"executed_lines": [1, 3, 4, 5, 7, 8, 10, 11, 16, 17, 18, 19, 20, 21, 22, 23, 26, 27, 28, 31, 32, 33, 34, 35, 36, 39, 40, 41, 42, 43, 44, 45, 46, 47, 50, 51, 52, 53, 54, 55, 56, 57, 58, 59, 65, 66, 98, 99, 114, 117, 122, 128, 145, 151, 167, 170, 176, 177, 181, 182], "summary": {"covered_lines": 60, "num_statements": 60, "percent_covered": 100.0, "percent_covered_display": "100", "missing_lines": 0, "excluded_lines": 0, "percent_statements_covered": 100.0, "percent_statements_covered_display": "100"}, "missing_lines": [], "excluded_lines": [], "start_line": 1}}, "classes": {"ToolInfo": {"executed_lines": [], "summary": {"covered_lines": 0, "num_statements": 0, "percent_covered": 100.0, "percent_covered_display": "100", "missing_lines": 0, "excluded_lines": 0, "percent_statements_covered": 100.0, "percent_statements_covered_display": "100"}, "missing_lines": [], "excluded_lines": [], "start_line": 16}, "ToolListResponse": {"executed_lines": [], "summary": {"covered_lines": 0, "num_statements": 0, "percent_covered": 100.0, "percent_covered_display": "100", "missing_lines": 0, "excluded_lines": 0, "percent_statements_covered": 100.0, "percent_statements_covered_display": "100"}, "missing_lines": [], "excluded_lines": [], "start_line": 26}, "ToolStatsResponse": {"executed_lines": [], "summary": {"covered_lines": 0, "num_statements": 0, "percent_covered": 100.0, "percent_covered_display": "100", "missing_lines": 0, "excluded_lines": 0, "percent_statements_covered": 100.0, "percent_statements_covered_display": "100"}, "missing_lines": [], "excluded_lines": [], "start_line": 31}, "CreateToolFromFunctionRequest": {"executed_lines": [], "summary": {"covered_lines": 0, "num_statements": 0, "percent_covered": 100.0, "percent_covered_display": "100", "missing_lines": 0, "excluded_lines": 0, "percent_statements_covered": 100.0, "percent_statements_covered_display": "100"}, "missing_lines": [], "excluded_lines": [], "start_line": 39}, "CreateToolFromApiRequest": {"executed_lines": [], "summary": {"covered_lines": 0, "num_statements": 0, "percent_covered": 100.0, "percent_covered_display": "100", "missing_lines": 0, "excluded_lines": 0, "percent_statements_covered": 100.0, "percent_statements_covered_display": "100"}, "missing_lines": [], "excluded_lines": [], "start_line": 50}, "": {"executed_lines": [1, 3, 4, 5, 7, 8, 10, 11, 16, 17, 18, 19, 20, 21, 22, 23, 26, 27, 28, 31, 32, 33, 34, 35, 36, 39, 40, 41, 42, 43, 44, 45, 46, 47, 50, 51, 52, 53, 54, 55, 56, 57, 58, 59, 65, 66, 73, 74, 75, 76, 78, 80, 93, 98, 99, 102, 103, 114, 117, 119, 122, 128, 133, 134, 145, 151, 155, 156, 167, 170, 173, 176, 177, 181, 182, 183], "summary": {"covered_lines": 76, "num_statements": 79, "percent_covered": 96.20253164556962, "percent_covered_display": "96", "missing_lines": 3, "excluded_lines": 0, "percent_statements_covered": 96.20253164556962, "percent_statements_covered_display": "96"}, "missing_lines": [94, 95, 178], "excluded_lines": [], "start_line": 1}}}, "backend/app/api/v1/endpoints/users.py": {"executed_lines": [1, 2, 4, 8, 9, 11, 14, 15, 16, 19, 20, 21, 22, 23, 26, 27, 30, 34, 35, 36, 37, 40, 41, 42, 43, 44, 45, 48, 49, 55, 56, 57, 61, 64, 65, 66, 67, 70, 71, 72, 73, 74, 77, 81, 82, 88, 89, 91, 93, 94, 95, 98, 101, 109, 110, 113, 114, 115, 126, 127, 130, 131, 133, 134, 136], "summary": {"covered_lines": 65, "num_statements": 73, "percent_covered": 89.04109589041096, "percent_covered_display": "89", "missing_lines": 8, "excluded_lines": 0, "percent_statements_covered": 89.04109589041096, "percent_statements_covered_display": "89"}, "missing_lines": [31, 58, 78, 90, 96, 97, 132, 135], "excluded_lines": [], "functions": {"get_user_repo": {"executed_lines": [], "summary": {"covered_lines": 0, "num_statements": 1, "percent_covered": 0.0, "percent_covered_display": "0", "missing_lines": 1, "excluded_lines": 0, "percent_statements_covered": 0.0, "percent_statements_covered_display": "0"}, "missing_lines": [31], "excluded_lines": [], "start_line": 30}, "create_user": {"executed_lines": [36, 37], "summary": {"covered_lines": 2, "num_statements": 2, "percent_covered": 100.0, "percent_covered_display": "100", "missing_lines": 0, "excluded_lines": 0, "percent_statements_covered": 100.0, "percent_statements_covered_display": "100"}, "missing_lines": [], "excluded_lines": [], "start_line": 35}, "get_user": {"executed_lines": [42, 43, 44, 45], "summary": {"covered_lines": 4, "num_statements": 4, "percent_covered": 100.0, "percent_covered_display": "100", "missing_lines": 0, "excluded_lines": 0, "percent_statements_covered": 100.0, "percent_statements_covered_display": "100"}, "missing_lines": [], "excluded_lines": [], "start_line": 41}, "assign_role": {"executed_lines": [55, 56, 57, 61], "summary": {"covered_lines": 4, "num_statements": 5, "percent_covered": 80.0, "percent_covered_display": "80", "missing_lines": 1, "excluded_lines": 0, "percent_statements_covered": 80.0, "percent_statements_covered_display": "80"}, "missing_lines": [58], "excluded_lines": [], "start_line": 49}, "get_consent_repo": {"executed_lines": [], "summary": {"covered_lines": 0, "num_statements": 1, "percent_covered": 0.0, "percent_covered_display": "0", "missing_lines": 1, "excluded_lines": 0, "percent_statements_covered": 0.0, "percent_statements_covered_display": "0"}, "missing_lines": [78], "excluded_lines": [], "start_line": 77}, "add_consent": {"executed_lines": [88, 89, 91, 93, 94, 95, 98, 101], "summary": {"covered_lines": 8, "num_statements": 11, "percent_covered": 72.72727272727273, "percent_covered_display": "73", "missing_lines": 3, "excluded_lines": 0, "percent_statements_covered": 72.72727272727273, "percent_statements_covered_display": "73"}, "missing_lines": [90, 96, 97], "excluded_lines": [], "start_line": 82}, "list_consents": {"executed_lines": [113, 114, 115], "summary": {"covered_lines": 3, "num_statements": 3, "percent_covered": 100.0, "percent_covered_display": "100", "missing_lines": 0, "excluded_lines": 0, "percent_statements_covered": 100.0, "percent_statements_covered_display": "100"}, "missing_lines": [], "excluded_lines": [], "start_line": 110}, "revoke_consent": {"executed_lines": [130, 131, 133, 134, 136], "summary": {"covered_lines": 5, "num_statements": 7, "percent_covered": 71.42857142857143, "percent_covered_display": "71", "missing_lines": 2, "excluded_lines": 0, "percent_statements_covered": 71.42857142857143, "percent_statements_covered_display": "71"}, "missing_lines": [132, 135], "excluded_lines": [], "start_line": 127}, "": {"executed_lines": [1, 2, 4, 8, 9, 11, 14, 15, 16, 19, 20, 21, 22, 23, 26, 27, 30, 34, 35, 40, 41, 48, 49, 64, 65, 66, 67, 70, 71, 72, 73, 74, 77, 81, 82, 109, 110, 126, 127], "summary": {"covered_lines": 39, "num_statements": 39, "percent_covered": 100.0, "percent_covered_display": "100", "missing_lines": 0, "excluded_lines": 0, "percent_statements_covered": 100.0, "percent_statements_covered_display": "100"}, "missing_lines": [], "excluded_lines": [], "start_line": 1}}, "classes": {"CreateUserRequest": {"executed_lines": [], "summary": {"covered_lines": 0, "num_statements": 0, "percent_covered": 100.0, "percent_covered_display": "100", "missing_lines": 0, "excluded_lines": 0, "percent_statements_covered": 100.0, "percent_statements_covered_display": "100"}, "missing_lines": [], "excluded_lines": [], "start_line": 14}, "UserResponse": {"executed_lines": [], "summary": {"covered_lines": 0, "num_statements": 0, "percent_covered": 100.0, "percent_covered_display": "100", "missing_lines": 0, "excluded_lines": 0, "percent_statements_covered": 100.0, "percent_statements_covered_display": "100"}, "missing_lines": [], "excluded_lines": [], "start_line": 19}, "AssignRoleRequest": {"executed_lines": [], "summary": {"covered_lines": 0, "num_statements": 0, "percent_covered": 100.0, "percent_covered_display": "100", "missing_lines": 0, "excluded_lines": 0, "percent_statements_covered": 100.0, "percent_statements_covered_display": "100"}, "missing_lines": [], "excluded_lines": [], "start_line": 26}, "ConsentRequest": {"executed_lines": [], "summary": {"covered_lines": 0, "num_statements": 0, "percent_covered": 100.0, "percent_covered_display": "100", "missing_lines": 0, "excluded_lines": 0, "percent_statements_covered": 100.0, "percent_statements_covered_display": "100"}, "missing_lines": [], "excluded_lines": [], "start_line": 64}, "ConsentResponse": {"executed_lines": [], "summary": {"covered_lines": 0, "num_statements": 0, "percent_covered": 100.0, "percent_covered_display": "100", "missing_lines": 0, "excluded_lines": 0, "percent_statements_covered": 100.0, "percent_statements_covered_display": "100"}, "missing_lines": [], "excluded_lines": [], "start_line": 70}, "": {"executed_lines": [1, 2, 4, 8, 9, 11, 14, 15, 16, 19, 20, 21, 22, 23, 26, 27, 30, 34, 35, 36, 37, 40, 41, 42, 43, 44, 45, 48, 49, 55, 56, 57, 61, 64, 65, 66, 67, 70, 71, 72, 73, 74, 77, 81, 82, 88, 89, 91, 93, 94, 95, 98, 101, 109, 110, 113, 114, 115, 126, 127, 130, 131, 133, 134, 136], "summary": {"covered_lines": 65, "num_statements": 73, "percent_covered": 89.04109589041096, "percent_covered_display": "89", "missing_lines": 8, "excluded_lines": 0, "percent_statements_covered": 89.04109589041096, "percent_statements_covered_display": "89"}, "missing_lines": [31, 58, 78, 90, 96, 97, 132, 135], "excluded_lines": [], "start_line": 1}}}, "backend/app/api/v1/endpoints/workers.py": {"executed_lines": [1, 2, 4, 6, 12, 15, 16, 17, 27, 28, 29, 30, 31, 32, 33, 43, 44, 45, 53, 54, 55, 56, 57, 58, 59, 62, 79, 84, 93, 94, 116, 117, 133, 134, 135, 136, 137], "summary": {"covered_lines": 37, "num_statements": 71, "percent_covered": 52.11267605633803, "percent_covered_display": "52", "missing_lines": 34, "excluded_lines": 0, "percent_statements_covered": 52.11267605633803, "percent_statements_covered_display": "52"}, "missing_lines": [60, 61, 69, 70, 80, 81, 85, 86, 87, 88, 89, 90, 95, 97, 98, 99, 101, 102, 103, 104, 105, 106, 107, 109, 118, 119, 120, 121, 123, 124, 125, 126, 128, 130], "excluded_lines": [], "functions": {"_task_status": {"executed_lines": [16, 17, 27, 28, 29, 30, 31, 32, 33, 43, 44, 45, 53, 54, 55, 56, 57, 58, 59, 62], "summary": {"covered_lines": 20, "num_statements": 24, "percent_covered": 83.33333333333333, "percent_covered_display": "83", "missing_lines": 4, "excluded_lines": 0, "percent_statements_covered": 83.33333333333333, "percent_statements_covered_display": "83"}, "missing_lines": [60, 61, 69, 70], "excluded_lines": [], "start_line": 15}, "_is_worker_active": {"executed_lines": [], "summary": {"covered_lines": 0, "num_statements": 2, "percent_covered": 0.0, "percent_covered_display": "0", "missing_lines": 2, "excluded_lines": 0, "percent_statements_covered": 0.0, "percent_statements_covered_display": "0"}, "missing_lines": [80, 81], "excluded_lines": [], "start_line": 79}, "_cancel_worker_task": {"executed_lines": [], "summary": {"covered_lines": 0, "num_statements": 6, "percent_covered": 0.0, "percent_covered_display": "0", "missing_lines": 6, "excluded_lines": 0, "percent_statements_covered": 0.0, "percent_statements_covered_display": "0"}, "missing_lines": [85, 86, 87, 88, 89, 90], "excluded_lines": [], "start_line": 84}, "start_workers": {"executed_lines": [], "summary": {"covered_lines": 0, "num_statements": 12, "percent_covered": 0.0, "percent_covered_display": "0", "missing_lines": 12, "excluded_lines": 0, "percent_statements_covered": 0.0, "percent_statements_covered_display": "0"}, "missing_lines": [95, 97, 98, 99, 101, 102, 103, 104, 105, 106, 107, 109], "excluded_lines": [], "start_line": 94}, "stop_workers": {"executed_lines": [], "summary": {"covered_lines": 0, "num_statements": 10, "percent_covered": 0.0, "percent_covered_display": "0", "missing_lines": 10, "excluded_lines": 0, "percent_statements_covered": 0.0, "percent_statements_covered_display": "0"}, "missing_lines": [118, 119, 120, 121, 123, 124, 125, 126, 128, 130], "excluded_lines": [], "start_line": 117}, "workers_status": {"executed_lines": [135, 136, 137], "summary": {"covered_lines": 3, "num_statements": 3, "percent_covered": 100.0, "percent_covered_display": "100", "missing_lines": 0, "excluded_lines": 0, "percent_statements_covered": 100.0, "percent_statements_covered_display": "100"}, "missing_lines": [], "excluded_lines": [], "start_line": 134}, "": {"executed_lines": [1, 2, 4, 6, 12, 15, 79, 84, 93, 94, 116, 117, 133, 134], "summary": {"covered_lines": 14, "num_statements": 14, "percent_covered": 100.0, "percent_covered_display": "100", "missing_lines": 0, "excluded_lines": 0, "percent_statements_covered": 100.0, "percent_statements_covered_display": "100"}, "missing_lines": [], "excluded_lines": [], "start_line": 1}}, "classes": {"": {"executed_lines": [1, 2, 4, 6, 12, 15, 16, 17, 27, 28, 29, 30, 31, 32, 33, 43, 44, 45, 53, 54, 55, 56, 57, 58, 59, 62, 79, 84, 93, 94, 116, 117, 133, 134, 135, 136, 137], "summary": {"covered_lines": 37, "num_statements": 71, "percent_covered": 52.11267605633803, "percent_covered_display": "52", "missing_lines": 34, "excluded_lines": 0, "percent_statements_covered": 52.11267605633803, "percent_statements_covered_display": "52"}, "missing_lines": [60, 61, 69, 70, 80, 81, 85, 86, 87, 88, 89, 90, 95, 97, 98, 99, 101, 102, 103, 104, 105, 106, 107, 109, 118, 119, 120, 121, 123, 124, 125, 126, 128, 130], "excluded_lines": [], "start_line": 1}}}, "backend/app/api/v1/endpoints/workspace.py": {"executed_lines": [1, 3, 4, 6, 7, 13, 20, 21, 22, 23, 26, 27, 39, 40, 47, 48, 49, 50, 53, 54, 64, 65, 75, 80], "summary": {"covered_lines": 24, "num_statements": 45, "percent_covered": 53.333333333333336, "percent_covered_display": "53", "missing_lines": 21, "excluded_lines": 0, "percent_statements_covered": 53.333333333333336, "percent_statements_covered_display": "53"}, "missing_lines": [30, 31, 34, 35, 36, 41, 42, 43, 44, 57, 58, 59, 60, 61, 68, 69, 70, 71, 72, 81, 82], "excluded_lines": [], "functions": {"add_artifact": {"executed_lines": [], "summary": {"covered_lines": 0, "num_statements": 5, "percent_covered": 0.0, "percent_covered_display": "0", "missing_lines": 5, "excluded_lines": 0, "percent_statements_covered": 0.0, "percent_statements_covered_display": "0"}, "missing_lines": [30, 31, 34, 35, 36], "excluded_lines": [], "start_line": 27}, "get_artifact": {"executed_lines": [], "summary": {"covered_lines": 0, "num_statements": 4, "percent_covered": 0.0, "percent_covered_display": "0", "missing_lines": 4, "excluded_lines": 0, "percent_statements_covered": 0.0, "percent_statements_covered_display": "0"}, "missing_lines": [41, 42, 43, 44], "excluded_lines": [], "start_line": 40}, "send_message": {"executed_lines": [], "summary": {"covered_lines": 0, "num_statements": 5, "percent_covered": 0.0, "percent_covered_display": "0", "missing_lines": 5, "excluded_lines": 0, "percent_statements_covered": 0.0, "percent_statements_covered_display": "0"}, "missing_lines": [57, 58, 59, 60, 61], "excluded_lines": [], "start_line": 54}, "get_messages_for": {"executed_lines": [], "summary": {"covered_lines": 0, "num_statements": 5, "percent_covered": 0.0, "percent_covered_display": "0", "missing_lines": 5, "excluded_lines": 0, "percent_statements_covered": 0.0, "percent_statements_covered_display": "0"}, "missing_lines": [68, 69, 70, 71, 72], "excluded_lines": [], "start_line": 65}, "shutdown_system": {"executed_lines": [], "summary": {"covered_lines": 0, "num_statements": 2, "percent_covered": 0.0, "percent_covered_display": "0", "missing_lines": 2, "excluded_lines": 0, "percent_statements_covered": 0.0, "percent_statements_covered_display": "0"}, "missing_lines": [81, 82], "excluded_lines": [], "start_line": 80}, "": {"executed_lines": [1, 3, 4, 6, 7, 13, 20, 21, 22, 23, 26, 27, 39, 40, 47, 48, 49, 50, 53, 54, 64, 65, 75, 80], "summary": {"covered_lines": 24, "num_statements": 24, "percent_covered": 100.0, "percent_covered_display": "100", "missing_lines": 0, "excluded_lines": 0, "percent_statements_covered": 100.0, "percent_statements_covered_display": "100"}, "missing_lines": [], "excluded_lines": [], "start_line": 1}}, "classes": {"AddArtifactRequest": {"executed_lines": [], "summary": {"covered_lines": 0, "num_statements": 0, "percent_covered": 100.0, "percent_covered_display": "100", "missing_lines": 0, "excluded_lines": 0, "percent_statements_covered": 100.0, "percent_statements_covered_display": "100"}, "missing_lines": [], "excluded_lines": [], "start_line": 20}, "SendMessageRequest": {"executed_lines": [], "summary": {"covered_lines": 0, "num_statements": 0, "percent_covered": 100.0, "percent_covered_display": "100", "missing_lines": 0, "excluded_lines": 0, "percent_statements_covered": 100.0, "percent_statements_covered_display": "100"}, "missing_lines": [], "excluded_lines": [], "start_line": 47}, "": {"executed_lines": [1, 3, 4, 6, 7, 13, 20, 21, 22, 23, 26, 27, 39, 40, 47, 48, 49, 50, 53, 54, 64, 65, 75, 80], "summary": {"covered_lines": 24, "num_statements": 45, "percent_covered": 53.333333333333336, "percent_covered_display": "53", "missing_lines": 21, "excluded_lines": 0, "percent_statements_covered": 53.333333333333336, "percent_statements_covered_display": "53"}, "missing_lines": [30, 31, 34, 35, 36, 41, 42, 43, 44, 57, 58, 59, 60, 61, 68, 69, 70, 71, 72, 81, 82], "excluded_lines": [], "start_line": 1}}}}, "totals": {"covered_lines": 3659, "num_statements": 5176, "percent_covered": 70.69165378670789, "percent_covered_display": "71", "missing_lines": 1517, "excluded_lines": 0, "percent_statements_covered": 70.69165378670789, "percent_statements_covered_display": "71"}}