============================= test session starts ==============================
platform darwin -- Python 3.12.12, pytest-9.0.2, pluggy-1.6.0
rootdir: /Users/arthurparaiso/repos/janus-completo/backend
configfile: pyproject.toml
plugins: anyio-4.12.1, asyncio-1.3.0, langsmith-0.7.10
asyncio: mode=Mode.STRICT, debug=False, asyncio_default_fixture_loop_scope=None, asyncio_default_test_loop_scope=function
collected 482 items

tests/unit/core/agents/test_meta_agent_execution.py ..                   [  0%]
tests/unit/core/infrastructure/test_prompt_loader_cutover.py ...F.       [  1%]
tests/unit/core/infrastructure/test_rate_limit_middleware.py ..          [  1%]
tests/unit/core/infrastructure/test_reasoning_core.py .....              [  2%]
tests/unit/core/llm/test_resilience_public_snapshots.py ...              [  3%]
tests/unit/core/memory/test_graph_rag_core_retriever_init.py .....       [  4%]
tests/unit/core/memory/test_knowledge_graph_manager_indexes.py F         [  4%]
tests/unit/core/monitoring/test_llm_router_health_monitor.py ..          [  5%]
tests/unit/core/test_autonomy_planner.py ...                             [  5%]
tests/unit/core/test_fallback_chain.py .........                         [  7%]
tests/unit/core/test_json_utils.py ....                                  [  8%]
tests/unit/core/test_logging_config_legacy_normalization.py ......       [  9%]
tests/unit/core/test_reflexion.py ..                                     [ 10%]
tests/unit/core/tools/test_agent_tools_contracts.py ....                 [ 10%]
tests/unit/core/tools/test_productivity_tools.py ..                      [ 11%]
tests/unit/core/workers/test_knowledge_consolidator_scheduler.py ......  [ 12%]
tests/unit/repositories/test_knowledge_space_repository.py .             [ 12%]
tests/unit/services/test_chat_citation_service.py .                      [ 13%]
tests/unit/services/test_chat_message_helpers.py .F                      [ 13%]
tests/unit/services/test_knowledge_graph_service.py ......               [ 14%]
tests/unit/services/test_knowledge_space_service.py .................... [ 18%]
.....................................                                    [ 26%]
tests/unit/services/test_llm_service.py ...                              [ 27%]
tests/unit/services/test_prompt_composer.py ..........                   [ 29%]
tests/unit/test_active_memory_service.py .                               [ 29%]
tests/unit/test_ai011_intent_routing.py ........                         [ 31%]
tests/unit/test_ai012_semantic_reranker.py ......                        [ 32%]
tests/unit/test_ai014_predictive_anomaly_detection.py ...                [ 32%]
tests/unit/test_ai016_document_semantic_enrichment.py ..F                [ 33%]
tests/unit/test_auth_local_login_password_policy.py .                    [ 33%]
tests/unit/test_autonomy_admin_authz.py FFF                              [ 34%]
tests/unit/test_autonomy_admin_service_scope.py ....................F    [ 38%]
tests/unit/test_autonomy_goal_completion_self_study_trigger.py ..        [ 39%]
tests/unit/test_autonomy_goal_repository.py ....                         [ 40%]
tests/unit/test_autonomy_lock_service.py F.                              [ 40%]
tests/unit/test_autonomy_service_enqueue.py .....                        [ 41%]
tests/unit/test_chat_about_identity.py F                                 [ 41%]
tests/unit/test_chat_contracts_confirmation.py F..F.                     [ 42%]
tests/unit/test_chat_deps_identity.py ..                                 [ 43%]
tests/unit/test_chat_endpoints_subrouters.py .FFF                        [ 43%]
tests/unit/test_chat_repository_sql_metadata.py F                        [ 44%]
tests/unit/test_chat_service_event_publisher_wiring.py ..                [ 44%]
tests/unit/test_chat_service_stream.py FF                                [ 45%]
tests/unit/test_chat_service_utf8_heartbeat.py F                         [ 45%]
tests/unit/test_chat_streaming_service.py FFFFFF                         [ 46%]
tests/unit/test_chat_ui_split.py ..                                      [ 46%]
tests/unit/test_circuit_breaker_comprehensive.py ....................... [ 51%]
...                                                                      [ 52%]
tests/unit/test_code_analysis_service_calls.py ...                       [ 52%]
tests/unit/test_code_hybrid_search_service.py ..                         [ 53%]
tests/unit/test_collaboration_service_autonomy_hook.py FF.F              [ 54%]
tests/unit/test_conversation_service.py F..F                             [ 54%]
tests/unit/test_daemon_voice_command.py ...                              [ 55%]
tests/unit/test_data_plane_backup_restore.py ...                         [ 56%]
tests/unit/test_document_parser_service.py ..                            [ 56%]
tests/unit/test_document_service.py F                                    [ 56%]
tests/unit/test_documents_endpoint_async_upload.py ...                   [ 57%]
tests/unit/test_generative_memory_service.py .                           [ 57%]
tests/unit/test_goal_manager_delete.py .                                 [ 57%]
tests/unit/test_goal_manager_sql_facade.py ..                            [ 58%]
tests/unit/test_graph_db_merge_node.py ...                               [ 58%]
tests/unit/test_graph_guardian_relation_mapping.py .................     [ 62%]
tests/unit/test_identity_sanitizer.py .....                              [ 63%]
tests/unit/test_knowledge_consolidator_chunk_text.py ...                 [ 64%]
tests/unit/test_knowledge_repository_code_citations.py ..                [ 64%]
tests/unit/test_knowledge_repository_code_indexing.py .....              [ 65%]
tests/unit/test_knowledge_repository_dedupe_typing.py ....               [ 66%]
tests/unit/test_knowledge_routing_policy.py ...                          [ 67%]
tests/unit/test_knowledge_service_code_query.py F..                      [ 67%]
tests/unit/test_knowledge_service_indexing.py ..                         [ 68%]
tests/unit/test_knowledge_service_telemetry.py .F                        [ 68%]
tests/unit/test_llm_cache_integration.py .                               [ 68%]
tests/unit/test_llm_client_di.py .                                       [ 68%]
tests/unit/test_llm_select_and_cb.py F                                   [ 69%]
tests/unit/test_memory_core_di.py ....                                   [ 69%]
tests/unit/test_memory_endpoints_secret.py .                             [ 70%]
tests/unit/test_memory_metrics.py ..                                     [ 70%]
tests/unit/test_memory_scroll_refactor.py FF                             [ 70%]
tests/unit/test_memory_security_fallback.py .                            [ 71%]
tests/unit/test_memory_service.py ...F                                   [ 71%]
tests/unit/test_memory_smart_eviction.py ...                             [ 72%]
tests/unit/test_message_broker_di.py ....                                [ 73%]
tests/unit/test_message_orchestration_service.py ..FF........F...F....   [ 77%]
tests/unit/test_meta_agent_failure_event.py F                            [ 78%]
tests/unit/test_observability_repository_audit_purge.py ..               [ 78%]
tests/unit/test_observability_service_instrumentation.py ........        [ 80%]
tests/unit/test_oq002_domain_slo_alerts.py ...                           [ 80%]
tests/unit/test_oq012_data_retention.py ...                              [ 81%]
tests/unit/test_pricing_redis_usage_tracker.py .                         [ 81%]
tests/unit/test_procedural_memory_service.py .F.                         [ 82%]
tests/unit/test_rag_service_telemetry.py .F...                           [ 83%]
tests/unit/test_rag_telemetry.py ...                                     [ 83%]
tests/unit/test_reasoning_protocol_module.py ..                          [ 84%]
tests/unit/test_red_team_agent_worker_role.py .                          [ 84%]
tests/unit/test_router_worker_contains_knowledge.py ........             [ 86%]
tests/unit/test_sandbox_agent.py .                                       [ 86%]
tests/unit/test_secret_memory_service.py ....                            [ 87%]
tests/unit/test_security_workflow_contracts.py .....                     [ 88%]
tests/unit/test_sg011_security_config.py ........                        [ 89%]
tests/unit/test_sg012_auth_reset_token_leak.py FFFFF                     [ 90%]
tests/unit/test_sg013_actor_binding_header_trust.py ....                 [ 91%]
tests/unit/test_sg013_scheduler_retention_jobs.py ..                     [ 92%]
tests/unit/test_sg014_workspace_authz.py FFFF                            [ 92%]
tests/unit/test_sg015_auth_rate_limit.py .F                              [ 93%]
tests/unit/test_sg016_launcher_tools_security.py ...                     [ 93%]
tests/unit/test_sg017_startup_secret_validation.py .                     [ 94%]
tests/unit/test_sg018_collaboration_workspace_status_auth.py F.          [ 94%]
tests/unit/test_sg018_secret_defaults_removed.py .F                      [ 95%]
tests/unit/test_sg019_auth_admin_cpf_allowlist.py ....                   [ 95%]
tests/unit/test_sg020_cpf_validation.py ...                              [ 96%]
tests/unit/test_taskstate_status.py ...                                  [ 97%]
tests/unit/test_technical_qa_eval_service.py ....F                       [ 98%]
tests/unit/test_user_preference_memory_service.py ...F.                  [ 99%]
tests/unit/test_vector_store_count_api.py ....                           [100%]

=================================== FAILURES ===================================
_________ test_get_formatted_prompt_is_tolerant_on_missing_placeholder _________

monkeypatch = <_pytest.monkeypatch.MonkeyPatch object at 0x13e1e32c0>
caplog = <_pytest.logging.LogCaptureFixture object at 0x13e1e2f90>

    @pytest.mark.asyncio
    async def test_get_formatted_prompt_is_tolerant_on_missing_placeholder(monkeypatch, caplog):
        async def fake_get_prompt(prompt_name: str, **kwargs):
            del prompt_name, kwargs
            return "Ola {nome}"
    
        monkeypatch.setattr(prompt_module, "get_prompt", fake_get_prompt)
    
        with caplog.at_level("ERROR"):
            result = await prompt_module.get_formatted_prompt("welcome", outro="x")
    
        assert result == "Ola {nome}"
>       assert "Variável faltando no prompt" in caplog.text
E       assert 'Variável faltando no prompt' in 'ERROR    app.core.infrastructure.prompt_loader:prompt_loader.py:296 {"prompt_name": "welcome", "error": "\'nome\'", "...10T18:26:33.800515Z", "trace_id": "-", "user_id": "-", "session_id": "-", "conversation_id": "-", "project_id": "-"}\n'
E        +  where 'ERROR    app.core.infrastructure.prompt_loader:prompt_loader.py:296 {"prompt_name": "welcome", "error": "\'nome\'", "...10T18:26:33.800515Z", "trace_id": "-", "user_id": "-", "session_id": "-", "conversation_id": "-", "project_id": "-"}\n' = <_pytest.logging.LogCaptureFixture object at 0x13e1e2f90>.text

tests/unit/core/infrastructure/test_prompt_loader_cutover.py:63: AssertionError
----------------------------- Captured stdout call -----------------------------
{"prompt_name": "welcome", "error": "'nome'", "event": "prompt_format_variable_missing", "logger": "app.core.infrastructure.prompt_loader", "level": "error", "timestamp": "2026-04-10T18:26:33.800515Z", "trace_id": "-", "user_id": "-", "session_id": "-", "conversation_id": "-", "project_id": "-"}
------------------------------ Captured log call -------------------------------
ERROR    app.core.infrastructure.prompt_loader:prompt_loader.py:296 {"prompt_name": "welcome", "error": "'nome'", "event": "prompt_format_variable_missing", "logger": "app.core.infrastructure.prompt_loader", "level": "error", "timestamp": "2026-04-10T18:26:33.800515Z", "trace_id": "-", "user_id": "-", "session_id": "-", "conversation_id": "-", "project_id": "-"}
___________ test_index_codebase_uses_only_canonical_index_operations ___________

monkeypatch = <_pytest.monkeypatch.MonkeyPatch object at 0x13e274740>

    @pytest.mark.asyncio
    async def test_index_codebase_uses_only_canonical_index_operations(monkeypatch):
        recorded_calls: list[tuple[str, str]] = []
    
        def fake_query(operation: str, query: str, params=None):
            recorded_calls.append((operation, query))
            if operation == "merge_calls":
                return []
            return []
    
        # Avoid filesystem traversal and AST parsing in this unit test.
        monkeypatch.setattr(kgm, "repo", type("Repo", (), {"query": staticmethod(fake_query)})())
        monkeypatch.setattr(kgm.os, "walk", lambda _: [])
    
        result = kgm.index_codebase()
    
        assert result["message"] == "Indexação e análise da base de código concluídas."
    
        allowed_ops = {"ensure_index", "cleanup_code_entities", "merge_calls"}
>       assert all(op in allowed_ops for op, _ in recorded_calls)
E       assert False
E        +  where False = all(<generator object test_index_codebase_uses_only_canonical_index_operations.<locals>.<genexpr> at 0x13e1eef80>)

tests/unit/core/memory/test_knowledge_graph_manager_indexes.py:25: AssertionError
----------------------------- Captured stdout call -----------------------------
{"event": "Iniciando varredura e an\u00e1lise da base de c\u00f3digo em '/app'...", "logger": "app.core.memory.knowledge_graph_manager", "level": "info", "legacy_event": "log_info", "timestamp": "2026-04-10T18:26:33.832731Z", "trace_id": "-", "user_id": "-", "session_id": "-", "conversation_id": "-", "project_id": "-"}
{"event": "Limpando entidades de c\u00f3digo antigas do grafo...", "logger": "app.core.memory.knowledge_graph_manager", "level": "info", "timestamp": "2026-04-10T18:26:33.832789Z", "trace_id": "-", "user_id": "-", "session_id": "-", "conversation_id": "-", "project_id": "-"}
{"event": "Primeira passada: Analisando arquivos e criando n\u00f3s de entidade...", "logger": "app.core.memory.knowledge_graph_manager", "level": "info", "timestamp": "2026-04-10T18:26:33.832838Z", "trace_id": "-", "user_id": "-", "session_id": "-", "conversation_id": "-", "project_id": "-"}
{"event": "Segunda passada: Criando rela\u00e7\u00f5es de chamada entre fun\u00e7\u00f5es...", "logger": "app.core.memory.knowledge_graph_manager", "level": "info", "timestamp": "2026-04-10T18:26:33.832876Z", "trace_id": "-", "user_id": "-", "session_id": "-", "conversation_id": "-", "project_id": "-"}
{"event": "An\u00e1lise de c\u00f3digo conclu\u00edda. 0 arquivos | 0 fun\u00e7\u00f5es | 0 classes | 0 chamadas internas criadas.", "logger": "app.core.memory.knowledge_graph_manager", "level": "info", "timestamp": "2026-04-10T18:26:33.832913Z", "trace_id": "-", "user_id": "-", "session_id": "-", "conversation_id": "-", "project_id": "-"}
------------------------------ Captured log call -------------------------------
INFO     app.core.memory.knowledge_graph_manager:knowledge_graph_manager.py:254 {"event": "Iniciando varredura e an\u00e1lise da base de c\u00f3digo em '/app'...", "logger": "app.core.memory.knowledge_graph_manager", "level": "info", "legacy_event": "log_info", "timestamp": "2026-04-10T18:26:33.832731Z", "trace_id": "-", "user_id": "-", "session_id": "-", "conversation_id": "-", "project_id": "-"}
INFO     app.core.memory.knowledge_graph_manager:knowledge_graph_manager.py:275 {"event": "Limpando entidades de c\u00f3digo antigas do grafo...", "logger": "app.core.memory.knowledge_graph_manager", "level": "info", "timestamp": "2026-04-10T18:26:33.832789Z", "trace_id": "-", "user_id": "-", "session_id": "-", "conversation_id": "-", "project_id": "-"}
INFO     app.core.memory.knowledge_graph_manager:knowledge_graph_manager.py:288 {"event": "Primeira passada: Analisando arquivos e criando n\u00f3s de entidade...", "logger": "app.core.memory.knowledge_graph_manager", "level": "info", "timestamp": "2026-04-10T18:26:33.832838Z", "trace_id": "-", "user_id": "-", "session_id": "-", "conversation_id": "-", "project_id": "-"}
INFO     app.core.memory.knowledge_graph_manager:knowledge_graph_manager.py:312 {"event": "Segunda passada: Criando rela\u00e7\u00f5es de chamada entre fun\u00e7\u00f5es...", "logger": "app.core.memory.knowledge_graph_manager", "level": "info", "timestamp": "2026-04-10T18:26:33.832876Z", "trace_id": "-", "user_id": "-", "session_id": "-", "conversation_id": "-", "project_id": "-"}
INFO     app.core.memory.knowledge_graph_manager:knowledge_graph_manager.py:341 {"event": "An\u00e1lise de c\u00f3digo conclu\u00edda. 0 arquivos | 0 fun\u00e7\u00f5es | 0 classes | 0 chamadas internas criadas.", "logger": "app.core.memory.knowledge_graph_manager", "level": "info", "timestamp": "2026-04-10T18:26:33.832913Z", "trace_id": "-", "user_id": "-", "session_id": "-", "conversation_id": "-", "project_id": "-"}
_ test_build_understanding_payload_summarizes_question_without_echoing_message _

    def test_build_understanding_payload_summarizes_question_without_echoing_message():
        payload = build_understanding_payload("Consegue imaginar uma historia para Frieren")
    
        assert payload is not None
>       assert payload["intent"] == "question"
E       AssertionError: assert 'general' == 'question'
E         
E         - question
E         + general

tests/unit/services/test_chat_message_helpers.py:16: AssertionError
____________ test_ingest_file_includes_semantic_metadata_in_payload ____________

monkeypatch = <_pytest.monkeypatch.MonkeyPatch object at 0x13ea50cb0>

    @pytest.mark.asyncio
    async def test_ingest_file_includes_semantic_metadata_in_payload(monkeypatch):
        monkeypatch.setattr(settings, "AI_DOC_ENRICHMENT_ENABLED", True)
    
        fake_client = _FakeQdrantClient()
    
        async def _fake_embed_texts(chunks):
            return [[0.1, 0.2, 0.3] for _ in chunks]
    
        async def _fake_get_collection(_name):
            return "user_u-1"
    
        monkeypatch.setattr(document_module, "aembed_texts", _fake_embed_texts)
        monkeypatch.setattr(document_module, "aget_or_create_collection", _fake_get_collection)
        monkeypatch.setattr(document_module, "get_async_qdrant_client", lambda: fake_client)
    
        service = DocumentIngestionService(memory_service=object())
        service._parser.parse = lambda *_args, **_kwargs: (
            "Privacy policy objetivo: explicar uso de dados e conformidade LGPD. "
            "Contato legal@janus.ai. URL https://janus.ai/privacy."
        )
    
>       result = await service.ingest_file(
            filename="privacy.txt",
            content_type="text/plain",
            data=b"fake",
            conversation_id="c-1",
        )
E       TypeError: DocumentIngestionService.ingest_file() missing 1 required positional argument: 'user_id'

tests/unit/test_ai016_document_semantic_enrichment.py:93: TypeError
_________________ test_autonomy_admin_requires_authentication __________________

monkeypatch = <_pytest.monkeypatch.MonkeyPatch object at 0x13eaacaa0>

    def test_autonomy_admin_requires_authentication(monkeypatch):
>       client = _build_client(monkeypatch, admin_ids={1})
                 ^^^^^^^^^^^^^^^^^^^^^^^^^^^^^^^^^^^^^^^^^

tests/unit/test_autonomy_admin_authz.py:65: 
_ _ _ _ _ _ _ _ _ _ _ _ _ _ _ _ _ _ _ _ _ _ _ _ _ _ _ _ _ _ _ _ _ _ _ _ _ _ _ _ 

monkeypatch = <_pytest.monkeypatch.MonkeyPatch object at 0x13eaacaa0>
admin_ids = {1}

    def _build_client(monkeypatch, admin_ids: set[int] | None = None) -> TestClient:
        admin_ids = admin_ids or set()
        app = FastAPI()
        app.include_router(autonomy_admin_router, prefix="/api/v1/autonomy/admin")
        app.dependency_overrides[get_autonomy_admin_service] = lambda: _AdminServiceStub()
    
        class _Repo:
            def is_admin(self, user_id: int) -> bool:
                return user_id in admin_ids
    
>       monkeypatch.setattr(request_guard, "UserRepository", lambda: _Repo())
E       AttributeError: <module 'app.core.security.request_guard' from '/Users/arthurparaiso/repos/janus-completo/backend/app/core/security/request_guard.py'> has no attribute 'UserRepository'

tests/unit/test_autonomy_admin_authz.py:52: AttributeError
___________________ test_autonomy_admin_requires_admin_role ____________________

monkeypatch = <_pytest.monkeypatch.MonkeyPatch object at 0x13ea53f80>

    def test_autonomy_admin_requires_admin_role(monkeypatch):
>       client = _build_client(monkeypatch, admin_ids={99})
                 ^^^^^^^^^^^^^^^^^^^^^^^^^^^^^^^^^^^^^^^^^^

tests/unit/test_autonomy_admin_authz.py:71: 
_ _ _ _ _ _ _ _ _ _ _ _ _ _ _ _ _ _ _ _ _ _ _ _ _ _ _ _ _ _ _ _ _ _ _ _ _ _ _ _ 

monkeypatch = <_pytest.monkeypatch.MonkeyPatch object at 0x13ea53f80>
admin_ids = {99}

    def _build_client(monkeypatch, admin_ids: set[int] | None = None) -> TestClient:
        admin_ids = admin_ids or set()
        app = FastAPI()
        app.include_router(autonomy_admin_router, prefix="/api/v1/autonomy/admin")
        app.dependency_overrides[get_autonomy_admin_service] = lambda: _AdminServiceStub()
    
        class _Repo:
            def is_admin(self, user_id: int) -> bool:
                return user_id in admin_ids
    
>       monkeypatch.setattr(request_guard, "UserRepository", lambda: _Repo())
E       AttributeError: <module 'app.core.security.request_guard' from '/Users/arthurparaiso/repos/janus-completo/backend/app/core/security/request_guard.py'> has no attribute 'UserRepository'

tests/unit/test_autonomy_admin_authz.py:52: AttributeError
_______________________ test_autonomy_admin_allows_admin _______________________

monkeypatch = <_pytest.monkeypatch.MonkeyPatch object at 0x13eaaf680>

    def test_autonomy_admin_allows_admin(monkeypatch):
>       client = _build_client(monkeypatch, admin_ids={10})
                 ^^^^^^^^^^^^^^^^^^^^^^^^^^^^^^^^^^^^^^^^^^

tests/unit/test_autonomy_admin_authz.py:80: 
_ _ _ _ _ _ _ _ _ _ _ _ _ _ _ _ _ _ _ _ _ _ _ _ _ _ _ _ _ _ _ _ _ _ _ _ _ _ _ _ 

monkeypatch = <_pytest.monkeypatch.MonkeyPatch object at 0x13eaaf680>
admin_ids = {10}

    def _build_client(monkeypatch, admin_ids: set[int] | None = None) -> TestClient:
        admin_ids = admin_ids or set()
        app = FastAPI()
        app.include_router(autonomy_admin_router, prefix="/api/v1/autonomy/admin")
        app.dependency_overrides[get_autonomy_admin_service] = lambda: _AdminServiceStub()
    
        class _Repo:
            def is_admin(self, user_id: int) -> bool:
                return user_id in admin_ids
    
>       monkeypatch.setattr(request_guard, "UserRepository", lambda: _Repo())
E       AttributeError: <module 'app.core.security.request_guard' from '/Users/arthurparaiso/repos/janus-completo/backend/app/core/security/request_guard.py'> has no attribute 'UserRepository'

tests/unit/test_autonomy_admin_authz.py:52: AttributeError
_________ test_recall_self_study_memories_prefers_linked_code_summary __________

monkeypatch = <_pytest.monkeypatch.MonkeyPatch object at 0x13eaf5340>

    @pytest.mark.asyncio
    async def test_recall_self_study_memories_prefers_linked_code_summary(monkeypatch):
        service = _new_service(citations=[])
        filters_seen: list[dict[str, object]] = []
    
        class _MemoryDb:
            async def arecall_filtered(self, *, query, filters, limit, min_score):
                del query, limit, min_score
                filters_seen.append(filters)
                if filters.get("neo4j_sync_status") == "linked":
                    return []
                return [
                    SimpleNamespace(
                        content="Resumo forte",
                        metadata={
                            "file_path": "backend/app/services/example.py",
                            "captured_at": 123,
                        },
                        score=0.8,
                    )
                ]
    
        async def _fake_get_memory_db():
            return _MemoryDb()
    
        monkeypatch.setattr(autonomy_admin_module, "get_memory_db", _fake_get_memory_db)
    
        rows = await service._recall_self_study_memories(question="example")
    
>       assert len(rows) == 1
E       assert 0 == 1
E        +  where 0 = len([])

tests/unit/test_autonomy_admin_service_scope.py:746: AssertionError
----------------------------- Captured stdout call -----------------------------
{"error": "KnowledgeRoutingPolicy.resolve() got an unexpected keyword argument 'user_id'", "event": "admin_code_qa_self_study_qdrant_failed", "logger": "app.services.autonomy_admin_service", "level": "warning", "timestamp": "2026-04-10T18:26:34.605927Z", "trace_id": "-", "user_id": "-", "session_id": "-", "conversation_id": "-", "project_id": "-"}
------------------------------ Captured log call -------------------------------
WARNING  app.services.autonomy_admin_service:autonomy_admin_service.py:1707 {"error": "KnowledgeRoutingPolicy.resolve() got an unexpected keyword argument 'user_id'", "event": "admin_code_qa_self_study_qdrant_failed", "logger": "app.services.autonomy_admin_service", "level": "warning", "timestamp": "2026-04-10T18:26:34.605927Z", "trace_id": "-", "user_id": "-", "session_id": "-", "conversation_id": "-", "project_id": "-"}
_________________________ test_make_scope_key_variants _________________________

    def test_make_scope_key_variants():
>       assert AutonomyLockService.make_scope_key(project_id=None) == "global"
               ^^^^^^^^^^^^^^^^^^^^^^^^^^^^^^^^^^^^^^^^^^^^^^^^^^^
E       TypeError: AutonomyLockService.make_scope_key() missing 1 required keyword-only argument: 'user_id'

tests/unit/test_autonomy_lock_service.py:58: TypeError
_________________ test_about_command_reinforces_janus_identity _________________

    @pytest.mark.asyncio
    async def test_about_command_reinforces_janus_identity():
        handler = ChatCommandHandler()
    
>       response = await handler._handle_about(
            args="",
            conversation_id="conv-1",
        )
E       TypeError: ChatCommandHandler._handle_about() missing 1 required positional argument: 'user_id'

tests/unit/test_chat_about_identity.py:10: TypeError
_________ test_build_confirmation_payload_requires_real_pending_action _________

    def test_build_confirmation_payload_requires_real_pending_action() -> None:
        assert build_confirmation_payload(pending_action_id=None, reason=None) is None
        assert build_confirmation_payload(pending_action_id=None, reason="None") is None
>       assert build_confirmation_payload(pending_action_id=None, reason="high_risk") is None
E       AssertionError: assert {'reason': 'high_risk', 'required': True, 'source': 'heuristic'} is None
E        +  where {'reason': 'high_risk', 'required': True, 'source': 'heuristic'} = build_confirmation_payload(pending_action_id=None, reason='high_risk')

tests/unit/test_chat_contracts_confirmation.py:13: AssertionError
________ test_maybe_create_fallback_pending_action_from_pending_marker _________

monkeypatch = <_pytest.monkeypatch.MonkeyPatch object at 0x13ed40e00>

    def test_maybe_create_fallback_pending_action_from_pending_marker(monkeypatch) -> None:
        class FakePending:
            id = 42
    
        class FakeRepo:
            def create(self, **kwargs):
                assert kwargs["user_id"] == "9"
                assert kwargs["tool_name"] == "chat_high_risk_request"
                assert "chat_confirmation_fallback" in kwargs["args_json"]
                return FakePending()
    
        monkeypatch.setattr(
            "app.repositories.pending_action_repository.PendingActionRepository",
            lambda: FakeRepo(),
        )
    
        pending_id, reason = maybe_create_fallback_pending_action(
            message="gere uma acao pendente",
            assistant_response="pending_action_id: clean_tmp_001",
            conversation_id="conv-123",
            existing_pending_action_id=None,
            understanding={"intent": "action_request"},
        )
    
>       assert pending_id == 42
E       assert None == 42

tests/unit/test_chat_contracts_confirmation.py:70: AssertionError
_____________________ test_sse_slot_limit_per_channel_user _____________________

monkeypatch = <_pytest.monkeypatch.MonkeyPatch object at 0x13ed40620>

    @pytest.mark.asyncio
    async def test_sse_slot_limit_per_channel_user(monkeypatch):
        monkeypatch.setenv("CHAT_SSE_MAX_CONNECTIONS_PER_USER", "1")
        monkeypatch.setenv("CHAT_SSE_MAX_CHAT_STREAMS_PER_USER", "1")
        monkeypatch.setenv("CHAT_SSE_MAX_AGENT_EVENT_STREAMS_PER_USER", "1")
        monkeypatch.setenv("CHAT_SSE_MAX_GLOBAL_CONNECTIONS", "10")
    
>       event_slot = await acquire_sse_slot(channel="agent_events")
                           ^^^^^^^^^^^^^^^^^^^^^^^^^^^^^^^^^^^^^^^^
E       TypeError: acquire_sse_slot() missing 1 required positional argument: 'user_id'

tests/unit/test_chat_endpoints_subrouters.py:30: TypeError
__________________ test_sse_slot_limit_global_across_channels __________________

monkeypatch = <_pytest.monkeypatch.MonkeyPatch object at 0x13ed42ab0>

    @pytest.mark.asyncio
    async def test_sse_slot_limit_global_across_channels(monkeypatch):
        monkeypatch.setenv("CHAT_SSE_MAX_CHAT_STREAMS_PER_USER", "5")
        monkeypatch.setenv("CHAT_SSE_MAX_AGENT_EVENT_STREAMS_PER_USER", "5")
        monkeypatch.setenv("CHAT_SSE_MAX_GLOBAL_CONNECTIONS", "1")
    
>       slot = await acquire_sse_slot(channel="agent_events")
                     ^^^^^^^^^^^^^^^^^^^^^^^^^^^^^^^^^^^^^^^^
E       TypeError: acquire_sse_slot() missing 1 required positional argument: 'user_id'

tests/unit/test_chat_endpoints_subrouters.py:47: TypeError
____________________ test_sse_slot_bypasses_unlimited_user _____________________

monkeypatch = <_pytest.monkeypatch.MonkeyPatch object at 0x13ed438f0>

    @pytest.mark.asyncio
    async def test_sse_slot_bypasses_unlimited_user(monkeypatch):
        monkeypatch.setenv("CHAT_SSE_MAX_CHAT_STREAMS_PER_USER", "1")
        monkeypatch.setenv("CHAT_SSE_MAX_AGENT_EVENT_STREAMS_PER_USER", "1")
        monkeypatch.setenv("CHAT_SSE_MAX_GLOBAL_CONNECTIONS", "1")
        monkeypatch.setattr("app.api.v1.endpoints.chat.deps.is_chat_unlimited_user", lambda _: True)
    
>       first_slot = await acquire_sse_slot(channel="chat_stream")
                           ^^^^^^^^^^^^^^^^^^^^^^^^^^^^^^^^^^^^^^^
E       TypeError: acquire_sse_slot() missing 1 required positional argument: 'user_id'

tests/unit/test_chat_endpoints_subrouters.py:63: TypeError
___ test_chat_repository_sql_preserves_knowledge_space_metadata_in_fallback ____

    def test_chat_repository_sql_preserves_knowledge_space_metadata_in_fallback():
        repo = ChatRepositorySQL()
>       conversation_id = repo.start_conversation("assistant", None)
                          ^^^^^^^^^^^^^^^^^^^^^^^^^^^^^^^^^^^^^^^^^^
E       TypeError: ChatRepositorySQL.start_conversation() missing 1 required positional argument: 'project_id'

tests/unit/test_chat_repository_sql_metadata.py:6: TypeError
___________________ test_stream_message_emits_token_and_done ___________________

    @pytest.mark.asyncio
    async def test_stream_message_emits_token_and_done():
        repo = ChatRepositorySQL()
        svc = ChatService(repo, DummyLLM(), None)
>       cid = svc.start_conversation("assistant", None)
              ^^^^^^^^^^^^^^^^^^^^^^^^^^^^^^^^^^^^^^^^^

tests/unit/test_chat_service_stream.py:28: 
_ _ _ _ _ _ _ _ _ _ _ _ _ _ _ _ _ _ _ _ _ _ _ _ _ _ _ _ _ _ _ _ _ _ _ _ _ _ _ _ 
app/services/chat_service.py:150: in start_conversation
    return self._conversation_service.start_conversation(persona, project_id)
           ^^^^^^^^^^^^^^^^^^^^^^^^^^^^^^^^^^^^^^^^^^^^^^^^^^^^^^^^^^^^^^^^^^
_ _ _ _ _ _ _ _ _ _ _ _ _ _ _ _ _ _ _ _ _ _ _ _ _ _ _ _ _ _ _ _ _ _ _ _ _ _ _ _ 

self = <app.services.chat.conversation_service.ConversationService object at 0x13ed63dd0>
persona = 'assistant', project_id = None

    def start_conversation(
        self, persona: str | None, project_id: str | None
    ) -> str:
>       cid = self._repo.start_conversation(persona, project_id)
              ^^^^^^^^^^^^^^^^^^^^^^^^^^^^^^^^^^^^^^^^^^^^^^^^^^
E       TypeError: ChatRepositorySQL.start_conversation() missing 1 required positional argument: 'project_id'

app/services/chat/conversation_service.py:124: TypeError
__________________ test_stream_message_rejects_large_message ___________________

    @pytest.mark.asyncio
    async def test_stream_message_rejects_large_message():
        import os
        os.environ["CHAT_MAX_MESSAGE_BYTES"] = "10240"
        repo = ChatRepositorySQL()
        svc = ChatService(repo, DummyLLM(), None)
>       cid = svc.start_conversation("assistant", None)
              ^^^^^^^^^^^^^^^^^^^^^^^^^^^^^^^^^^^^^^^^^

tests/unit/test_chat_service_stream.py:41: 
_ _ _ _ _ _ _ _ _ _ _ _ _ _ _ _ _ _ _ _ _ _ _ _ _ _ _ _ _ _ _ _ _ _ _ _ _ _ _ _ 
app/services/chat_service.py:150: in start_conversation
    return self._conversation_service.start_conversation(persona, project_id)
           ^^^^^^^^^^^^^^^^^^^^^^^^^^^^^^^^^^^^^^^^^^^^^^^^^^^^^^^^^^^^^^^^^^
_ _ _ _ _ _ _ _ _ _ _ _ _ _ _ _ _ _ _ _ _ _ _ _ _ _ _ _ _ _ _ _ _ _ _ _ _ _ _ _ 

self = <app.services.chat.conversation_service.ConversationService object at 0x13ecf0b00>
persona = 'assistant', project_id = None

    def start_conversation(
        self, persona: str | None, project_id: str | None
    ) -> str:
>       cid = self._repo.start_conversation(persona, project_id)
              ^^^^^^^^^^^^^^^^^^^^^^^^^^^^^^^^^^^^^^^^^^^^^^^^^^
E       TypeError: ChatRepositorySQL.start_conversation() missing 1 required positional argument: 'project_id'

app/services/chat/conversation_service.py:124: TypeError
_______________________ test_utf8_and_heartbeat_emission _______________________

    @pytest.mark.asyncio
    async def test_utf8_and_heartbeat_emission():
        os.environ["CHAT_HEARTBEAT_INTERVAL_SECONDS"] = "1"
        repo = ChatRepositorySQL()
        svc = ChatService(repo, DummyLLM(), None)
>       cid = svc.start_conversation("assistant", None)
              ^^^^^^^^^^^^^^^^^^^^^^^^^^^^^^^^^^^^^^^^^

tests/unit/test_chat_service_utf8_heartbeat.py:27: 
_ _ _ _ _ _ _ _ _ _ _ _ _ _ _ _ _ _ _ _ _ _ _ _ _ _ _ _ _ _ _ _ _ _ _ _ _ _ _ _ 
app/services/chat_service.py:150: in start_conversation
    return self._conversation_service.start_conversation(persona, project_id)
           ^^^^^^^^^^^^^^^^^^^^^^^^^^^^^^^^^^^^^^^^^^^^^^^^^^^^^^^^^^^^^^^^^^
_ _ _ _ _ _ _ _ _ _ _ _ _ _ _ _ _ _ _ _ _ _ _ _ _ _ _ _ _ _ _ _ _ _ _ _ _ _ _ _ 

self = <app.services.chat.conversation_service.ConversationService object at 0x13ed43080>
persona = 'assistant', project_id = None

    def start_conversation(
        self, persona: str | None, project_id: str | None
    ) -> str:
>       cid = self._repo.start_conversation(persona, project_id)
              ^^^^^^^^^^^^^^^^^^^^^^^^^^^^^^^^^^^^^^^^^^^^^^^^^^
E       TypeError: ChatRepositorySQL.start_conversation() missing 1 required positional argument: 'project_id'

app/services/chat/conversation_service.py:124: TypeError
____________ test_streaming_service_emits_protocol_partial_and_done ____________

    @pytest.mark.asyncio
    async def test_streaming_service_emits_protocol_partial_and_done():
        repo = _FakeRepo()
        convo_service = ConversationService(repo)
        msg_orch = _FakeMessageOrchestration()
        streaming = StreamingService(
            repo=repo,
            llm_service=_FakeLLM(),
            tool_service=None,
            prompt_service=_FakePromptService(),
            rag_service=None,
            conversation_service=convo_service,
            message_orchestration_service=msg_orch,
        )
    
>       lines = [
            line
            async for line in streaming.stream_message(
                conversation_id="conv-1",
                message="hello",
                role=ModelRole.ORCHESTRATOR,
                priority=ModelPriority.FAST_AND_CHEAP,
            )
        ]

tests/unit/test_chat_streaming_service.py:169: 
_ _ _ _ _ _ _ _ _ _ _ _ _ _ _ _ _ _ _ _ _ _ _ _ _ _ _ _ _ _ _ _ _ _ _ _ _ _ _ _ 

self = <app.services.chat.streaming_service.StreamingService object at 0x13ed40380>
conversation_id = 'conv-1', message = 'hello'
role = <ModelRole.ORCHESTRATOR: 'orchestrator'>
priority = <ModelPriority.FAST_AND_CHEAP: 'fast_and_cheap'>
timeout_seconds = None, user_id = None, project_id = None
knowledge_space_id = None, identity_source = 'unknown', requested_role = None
routing_decision = None, route_applied = None

    async def stream_message(
        self,
        conversation_id: str,
        message: str,
        role: ModelRole | None = None,
        priority: ModelPriority | None = None,
        timeout_seconds: int | None = None,
        user_id: str | None = None,
        project_id: str | None = None,
        knowledge_space_id: str | None = None,
        identity_source: str = "unknown",
        requested_role: str | None = None,
        routing_decision: Any | None = None,
        route_applied: bool | None = None,
    ):
        role = role or ModelRole.ORCHESTRATOR
        priority = priority or ModelPriority.HIGH_QUALITY
    
        max_bytes = int(os.getenv("CHAT_MAX_MESSAGE_BYTES", str(10 * 1024)))
        default_timeout = int(os.getenv("CHAT_DEFAULT_TIMEOUT_SECONDS", "30"))
        heartbeat_interval = int(os.getenv("CHAT_HEARTBEAT_INTERVAL_SECONDS", "30"))
        protocol_version = os.getenv("CHAT_SSE_PROTOCOL_VERSION", "2025-11.v1")
        deprecate_partial_at = os.getenv("CHAT_SSE_PARTIAL_DEPRECATE_AT", "2026-03-01")
    
        try:
            if message and len(message.encode("utf-8")) > max_bytes:
                err = json.dumps(
                    chat_sse_error_payload(
                        code="CHAT_MESSAGE_TOO_LARGE",
                        message="Message too large",
                        category="validation",
                        retryable=False,
                        http_status=413,
                    ),
                    ensure_ascii=False,
                )
                yield f"event: error\ndata: {err}\n\n"
                return
        except Exception:
            pass
    
        understanding = build_understanding_payload(message)
        try:
            conv = self._repo.get_conversation(conversation_id)
            self._conversation_service.validate_conversation_access(
                conversation_id, conv, project_id
            )
        except ChatRepositoryError:
            err = json.dumps(
                chat_sse_error_payload(
                    code="CHAT_CONVERSATION_NOT_FOUND",
                    message="Conversation not found",
                    category="not_found",
                    retryable=False,
                    http_status=404,
                ),
                ensure_ascii=False,
            )
            yield f"event: error\ndata: {err}\n\n"
            return
        except ChatServiceError as e:
            err = json.dumps(
                chat_sse_error_payload(
                    code="CHAT_ACCESS_DENIED",
                    message=str(e),
                    category="authz",
                    retryable=False,
                    http_status=403,
                ),
                ensure_ascii=False,
            )
            yield f"event: error\ndata: {err}\n\n"
            return
    
        start_t_overall = _time.time()
        start_t = start_t_overall
        trace_id = uuid4().hex
        try:
            logger.info(
                "chat.stream", stage="start", conversation_id=conversation_id, trace_id=trace_id
            )
        except Exception:
            pass
    
        yield "event: start\n\n"
        proto = json.dumps(
            {
                "version": protocol_version,
                "supports_partial": True,
                "deprecate_partial_at": deprecate_partial_at,
            },
            ensure_ascii=False,
        )
        yield f"event: protocol\ndata: {proto}\n\n"
    
        self._repo.add_message(conversation_id, role="user", text=message)
>       self._message_orchestration_service.schedule_active_memory_capture(
            message=message,
            user_id=user_id,
            conversation_id=conversation_id,
        )
E       TypeError: _FakeMessageOrchestration.schedule_active_memory_capture() got an unexpected keyword argument 'user_id'

app/services/chat/streaming_service.py:162: TypeError
----------------------------- Captured stdout call -----------------------------
{"stage": "start", "conversation_id": "-", "trace_id": "-", "event": "chat.stream", "logger": "app.services.chat.streaming_service", "level": "info", "timestamp": "2026-04-10T18:26:34.683103Z", "user_id": "-", "session_id": "-", "project_id": "-"}
------------------------------ Captured log call -------------------------------
INFO     app.services.chat.streaming_service:streaming_service.py:144 {"stage": "start", "conversation_id": "-", "trace_id": "-", "event": "chat.stream", "logger": "app.services.chat.streaming_service", "level": "info", "timestamp": "2026-04-10T18:26:34.683103Z", "user_id": "-", "session_id": "-", "project_id": "-"}
__ test_streaming_service_sse_high_risk_emits_confirmation_and_waiting_state ___

monkeypatch = <_pytest.monkeypatch.MonkeyPatch object at 0x13ed367b0>

    @pytest.mark.asyncio
    async def test_streaming_service_sse_high_risk_emits_confirmation_and_waiting_state(monkeypatch):
        repo = _FakeRepo()
        convo_service = ConversationService(repo)
        msg_orch = _FakeMessageOrchestration()
        streaming = StreamingService(
            repo=repo,
            llm_service=_FakeLLM(),
            tool_service=None,
            prompt_service=_FakePromptService(),
            rag_service=None,
            conversation_service=convo_service,
            message_orchestration_service=msg_orch,
        )
    
        def _fake_fallback_pending_action(**kwargs):
            understanding = kwargs.get("understanding") or {}
            assert understanding.get("requires_confirmation") is True
            assert understanding.get("confirmation_reason") == "high_risk"
            return 999, "high_risk"
    
        monkeypatch.setattr(
            "app.services.chat.streaming_service.maybe_create_fallback_pending_action",
            _fake_fallback_pending_action,
        )
    
>       chunks = [
            line
            async for line in streaming.stream_message(
                conversation_id="conv-1",
                message="execute deploy in production now",
                role=ModelRole.ORCHESTRATOR,
                priority=ModelPriority.FAST_AND_CHEAP,
                requested_role="auto",
                routing_decision=_FakeRoutingDecision(risk_level="high"),
                route_applied=True,
            )
        ]

tests/unit/test_chat_streaming_service.py:212: 
_ _ _ _ _ _ _ _ _ _ _ _ _ _ _ _ _ _ _ _ _ _ _ _ _ _ _ _ _ _ _ _ _ _ _ _ _ _ _ _ 

self = <app.services.chat.streaming_service.StreamingService object at 0x13ed37860>
conversation_id = 'conv-1', message = 'execute deploy in production now'
role = <ModelRole.ORCHESTRATOR: 'orchestrator'>
priority = <ModelPriority.FAST_AND_CHEAP: 'fast_and_cheap'>
timeout_seconds = None, user_id = None, project_id = None
knowledge_space_id = None, identity_source = 'unknown', requested_role = 'auto'
routing_decision = <test_chat_streaming_service._FakeRoutingDecision object at 0x13ed37a70>
route_applied = True

    async def stream_message(
        self,
        conversation_id: str,
        message: str,
        role: ModelRole | None = None,
        priority: ModelPriority | None = None,
        timeout_seconds: int | None = None,
        user_id: str | None = None,
        project_id: str | None = None,
        knowledge_space_id: str | None = None,
        identity_source: str = "unknown",
        requested_role: str | None = None,
        routing_decision: Any | None = None,
        route_applied: bool | None = None,
    ):
        role = role or ModelRole.ORCHESTRATOR
        priority = priority or ModelPriority.HIGH_QUALITY
    
        max_bytes = int(os.getenv("CHAT_MAX_MESSAGE_BYTES", str(10 * 1024)))
        default_timeout = int(os.getenv("CHAT_DEFAULT_TIMEOUT_SECONDS", "30"))
        heartbeat_interval = int(os.getenv("CHAT_HEARTBEAT_INTERVAL_SECONDS", "30"))
        protocol_version = os.getenv("CHAT_SSE_PROTOCOL_VERSION", "2025-11.v1")
        deprecate_partial_at = os.getenv("CHAT_SSE_PARTIAL_DEPRECATE_AT", "2026-03-01")
    
        try:
            if message and len(message.encode("utf-8")) > max_bytes:
                err = json.dumps(
                    chat_sse_error_payload(
                        code="CHAT_MESSAGE_TOO_LARGE",
                        message="Message too large",
                        category="validation",
                        retryable=False,
                        http_status=413,
                    ),
                    ensure_ascii=False,
                )
                yield f"event: error\ndata: {err}\n\n"
                return
        except Exception:
            pass
    
        understanding = build_understanding_payload(message)
        try:
            conv = self._repo.get_conversation(conversation_id)
            self._conversation_service.validate_conversation_access(
                conversation_id, conv, project_id
            )
        except ChatRepositoryError:
            err = json.dumps(
                chat_sse_error_payload(
                    code="CHAT_CONVERSATION_NOT_FOUND",
                    message="Conversation not found",
                    category="not_found",
                    retryable=False,
                    http_status=404,
                ),
                ensure_ascii=False,
            )
            yield f"event: error\ndata: {err}\n\n"
            return
        except ChatServiceError as e:
            err = json.dumps(
                chat_sse_error_payload(
                    code="CHAT_ACCESS_DENIED",
                    message=str(e),
                    category="authz",
                    retryable=False,
                    http_status=403,
                ),
                ensure_ascii=False,
            )
            yield f"event: error\ndata: {err}\n\n"
            return
    
        start_t_overall = _time.time()
        start_t = start_t_overall
        trace_id = uuid4().hex
        try:
            logger.info(
                "chat.stream", stage="start", conversation_id=conversation_id, trace_id=trace_id
            )
        except Exception:
            pass
    
        yield "event: start\n\n"
        proto = json.dumps(
            {
                "version": protocol_version,
                "supports_partial": True,
                "deprecate_partial_at": deprecate_partial_at,
            },
            ensure_ascii=False,
        )
        yield f"event: protocol\ndata: {proto}\n\n"
    
        self._repo.add_message(conversation_id, role="user", text=message)
>       self._message_orchestration_service.schedule_active_memory_capture(
            message=message,
            user_id=user_id,
            conversation_id=conversation_id,
        )
E       TypeError: _FakeMessageOrchestration.schedule_active_memory_capture() got an unexpected keyword argument 'user_id'

app/services/chat/streaming_service.py:162: TypeError
----------------------------- Captured stdout call -----------------------------
{"stage": "start", "conversation_id": "-", "trace_id": "-", "event": "chat.stream", "logger": "app.services.chat.streaming_service", "level": "info", "timestamp": "2026-04-10T18:26:34.692069Z", "user_id": "-", "session_id": "-", "project_id": "-"}
------------------------------ Captured log call -------------------------------
INFO     app.services.chat.streaming_service:streaming_service.py:144 {"stage": "start", "conversation_id": "-", "trace_id": "-", "event": "chat.stream", "logger": "app.services.chat.streaming_service", "level": "info", "timestamp": "2026-04-10T18:26:34.692069Z", "user_id": "-", "session_id": "-", "project_id": "-"}
________ test_streaming_service_sse_non_risk_does_not_emit_confirmation ________

monkeypatch = <_pytest.monkeypatch.MonkeyPatch object at 0x13ed41ee0>

    @pytest.mark.asyncio
    async def test_streaming_service_sse_non_risk_does_not_emit_confirmation(monkeypatch):
        repo = _FakeRepo()
        convo_service = ConversationService(repo)
        msg_orch = _FakeMessageOrchestration()
        streaming = StreamingService(
            repo=repo,
            llm_service=_FakeLLM(),
            tool_service=None,
            prompt_service=_FakePromptService(),
            rag_service=None,
            conversation_service=convo_service,
            message_orchestration_service=msg_orch,
        )
    
        monkeypatch.setattr(
            "app.services.chat.streaming_service.maybe_create_fallback_pending_action",
            lambda **kwargs: (None, None),
        )
    
>       chunks = [
            line
            async for line in streaming.stream_message(
                conversation_id="conv-1",
                message="hello docs",
                role=ModelRole.ORCHESTRATOR,
                priority=ModelPriority.FAST_AND_CHEAP,
                requested_role="auto",
                routing_decision=_FakeRoutingDecision(risk_level="low"),
                route_applied=True,
            )
        ]

tests/unit/test_chat_streaming_service.py:263: 
_ _ _ _ _ _ _ _ _ _ _ _ _ _ _ _ _ _ _ _ _ _ _ _ _ _ _ _ _ _ _ _ _ _ _ _ _ _ _ _ 

self = <app.services.chat.streaming_service.StreamingService object at 0x13ed40230>
conversation_id = 'conv-1', message = 'hello docs'
role = <ModelRole.ORCHESTRATOR: 'orchestrator'>
priority = <ModelPriority.FAST_AND_CHEAP: 'fast_and_cheap'>
timeout_seconds = None, user_id = None, project_id = None
knowledge_space_id = None, identity_source = 'unknown', requested_role = 'auto'
routing_decision = <test_chat_streaming_service._FakeRoutingDecision object at 0x13ed40680>
route_applied = True

    async def stream_message(
        self,
        conversation_id: str,
        message: str,
        role: ModelRole | None = None,
        priority: ModelPriority | None = None,
        timeout_seconds: int | None = None,
        user_id: str | None = None,
        project_id: str | None = None,
        knowledge_space_id: str | None = None,
        identity_source: str = "unknown",
        requested_role: str | None = None,
        routing_decision: Any | None = None,
        route_applied: bool | None = None,
    ):
        role = role or ModelRole.ORCHESTRATOR
        priority = priority or ModelPriority.HIGH_QUALITY
    
        max_bytes = int(os.getenv("CHAT_MAX_MESSAGE_BYTES", str(10 * 1024)))
        default_timeout = int(os.getenv("CHAT_DEFAULT_TIMEOUT_SECONDS", "30"))
        heartbeat_interval = int(os.getenv("CHAT_HEARTBEAT_INTERVAL_SECONDS", "30"))
        protocol_version = os.getenv("CHAT_SSE_PROTOCOL_VERSION", "2025-11.v1")
        deprecate_partial_at = os.getenv("CHAT_SSE_PARTIAL_DEPRECATE_AT", "2026-03-01")
    
        try:
            if message and len(message.encode("utf-8")) > max_bytes:
                err = json.dumps(
                    chat_sse_error_payload(
                        code="CHAT_MESSAGE_TOO_LARGE",
                        message="Message too large",
                        category="validation",
                        retryable=False,
                        http_status=413,
                    ),
                    ensure_ascii=False,
                )
                yield f"event: error\ndata: {err}\n\n"
                return
        except Exception:
            pass
    
        understanding = build_understanding_payload(message)
        try:
            conv = self._repo.get_conversation(conversation_id)
            self._conversation_service.validate_conversation_access(
                conversation_id, conv, project_id
            )
        except ChatRepositoryError:
            err = json.dumps(
                chat_sse_error_payload(
                    code="CHAT_CONVERSATION_NOT_FOUND",
                    message="Conversation not found",
                    category="not_found",
                    retryable=False,
                    http_status=404,
                ),
                ensure_ascii=False,
            )
            yield f"event: error\ndata: {err}\n\n"
            return
        except ChatServiceError as e:
            err = json.dumps(
                chat_sse_error_payload(
                    code="CHAT_ACCESS_DENIED",
                    message=str(e),
                    category="authz",
                    retryable=False,
                    http_status=403,
                ),
                ensure_ascii=False,
            )
            yield f"event: error\ndata: {err}\n\n"
            return
    
        start_t_overall = _time.time()
        start_t = start_t_overall
        trace_id = uuid4().hex
        try:
            logger.info(
                "chat.stream", stage="start", conversation_id=conversation_id, trace_id=trace_id
            )
        except Exception:
            pass
    
        yield "event: start\n\n"
        proto = json.dumps(
            {
                "version": protocol_version,
                "supports_partial": True,
                "deprecate_partial_at": deprecate_partial_at,
            },
            ensure_ascii=False,
        )
        yield f"event: protocol\ndata: {proto}\n\n"
    
        self._repo.add_message(conversation_id, role="user", text=message)
>       self._message_orchestration_service.schedule_active_memory_capture(
            message=message,
            user_id=user_id,
            conversation_id=conversation_id,
        )
E       TypeError: _FakeMessageOrchestration.schedule_active_memory_capture() got an unexpected keyword argument 'user_id'

app/services/chat/streaming_service.py:162: TypeError
----------------------------- Captured stdout call -----------------------------
{"stage": "start", "conversation_id": "-", "trace_id": "-", "event": "chat.stream", "logger": "app.services.chat.streaming_service", "level": "info", "timestamp": "2026-04-10T18:26:34.700664Z", "user_id": "-", "session_id": "-", "project_id": "-"}
------------------------------ Captured log call -------------------------------
INFO     app.services.chat.streaming_service:streaming_service.py:144 {"stage": "start", "conversation_id": "-", "trace_id": "-", "event": "chat.stream", "logger": "app.services.chat.streaming_service", "level": "info", "timestamp": "2026-04-10T18:26:34.700664Z", "user_id": "-", "session_id": "-", "project_id": "-"}
__ test_streaming_service_missing_required_citations_emits_and_persists_guard __

monkeypatch = <_pytest.monkeypatch.MonkeyPatch object at 0x13ed421e0>

    @pytest.mark.asyncio
    async def test_streaming_service_missing_required_citations_emits_and_persists_guard(monkeypatch):
        repo = _FakeRepo()
        convo_service = ConversationService(repo)
        msg_orch = _FakeMessageOrchestration()
        streaming = StreamingService(
            repo=repo,
            llm_service=_FakeLLM(),
            tool_service=None,
            prompt_service=_FakePromptService(),
            rag_service=None,
            conversation_service=convo_service,
            message_orchestration_service=msg_orch,
        )
    
        monkeypatch.setattr(
            "app.services.chat.streaming_service.build_citation_status",
            lambda **kwargs: {
                "mode": "required",
                "status": "missing_required",
                "count": 0,
                "reason": "no_retrievable_sources",
            },
        )
    
>       chunks = [
            line
            async for line in streaming.stream_message(
                conversation_id="conv-1",
                message="Onde está a documentação da API",
                role=ModelRole.ORCHESTRATOR,
                priority=ModelPriority.FAST_AND_CHEAP,
            )
        ]

tests/unit/test_chat_streaming_service.py:306: 
_ _ _ _ _ _ _ _ _ _ _ _ _ _ _ _ _ _ _ _ _ _ _ _ _ _ _ _ _ _ _ _ _ _ _ _ _ _ _ _ 

self = <app.services.chat.streaming_service.StreamingService object at 0x13ed437d0>
conversation_id = 'conv-1', message = 'Onde está a documentação da API'
role = <ModelRole.ORCHESTRATOR: 'orchestrator'>
priority = <ModelPriority.FAST_AND_CHEAP: 'fast_and_cheap'>
timeout_seconds = None, user_id = None, project_id = None
knowledge_space_id = None, identity_source = 'unknown', requested_role = None
routing_decision = None, route_applied = None

    async def stream_message(
        self,
        conversation_id: str,
        message: str,
        role: ModelRole | None = None,
        priority: ModelPriority | None = None,
        timeout_seconds: int | None = None,
        user_id: str | None = None,
        project_id: str | None = None,
        knowledge_space_id: str | None = None,
        identity_source: str = "unknown",
        requested_role: str | None = None,
        routing_decision: Any | None = None,
        route_applied: bool | None = None,
    ):
        role = role or ModelRole.ORCHESTRATOR
        priority = priority or ModelPriority.HIGH_QUALITY
    
        max_bytes = int(os.getenv("CHAT_MAX_MESSAGE_BYTES", str(10 * 1024)))
        default_timeout = int(os.getenv("CHAT_DEFAULT_TIMEOUT_SECONDS", "30"))
        heartbeat_interval = int(os.getenv("CHAT_HEARTBEAT_INTERVAL_SECONDS", "30"))
        protocol_version = os.getenv("CHAT_SSE_PROTOCOL_VERSION", "2025-11.v1")
        deprecate_partial_at = os.getenv("CHAT_SSE_PARTIAL_DEPRECATE_AT", "2026-03-01")
    
        try:
            if message and len(message.encode("utf-8")) > max_bytes:
                err = json.dumps(
                    chat_sse_error_payload(
                        code="CHAT_MESSAGE_TOO_LARGE",
                        message="Message too large",
                        category="validation",
                        retryable=False,
                        http_status=413,
                    ),
                    ensure_ascii=False,
                )
                yield f"event: error\ndata: {err}\n\n"
                return
        except Exception:
            pass
    
        understanding = build_understanding_payload(message)
        try:
            conv = self._repo.get_conversation(conversation_id)
            self._conversation_service.validate_conversation_access(
                conversation_id, conv, project_id
            )
        except ChatRepositoryError:
            err = json.dumps(
                chat_sse_error_payload(
                    code="CHAT_CONVERSATION_NOT_FOUND",
                    message="Conversation not found",
                    category="not_found",
                    retryable=False,
                    http_status=404,
                ),
                ensure_ascii=False,
            )
            yield f"event: error\ndata: {err}\n\n"
            return
        except ChatServiceError as e:
            err = json.dumps(
                chat_sse_error_payload(
                    code="CHAT_ACCESS_DENIED",
                    message=str(e),
                    category="authz",
                    retryable=False,
                    http_status=403,
                ),
                ensure_ascii=False,
            )
            yield f"event: error\ndata: {err}\n\n"
            return
    
        start_t_overall = _time.time()
        start_t = start_t_overall
        trace_id = uuid4().hex
        try:
            logger.info(
                "chat.stream", stage="start", conversation_id=conversation_id, trace_id=trace_id
            )
        except Exception:
            pass
    
        yield "event: start\n\n"
        proto = json.dumps(
            {
                "version": protocol_version,
                "supports_partial": True,
                "deprecate_partial_at": deprecate_partial_at,
            },
            ensure_ascii=False,
        )
        yield f"event: protocol\ndata: {proto}\n\n"
    
        self._repo.add_message(conversation_id, role="user", text=message)
>       self._message_orchestration_service.schedule_active_memory_capture(
            message=message,
            user_id=user_id,
            conversation_id=conversation_id,
        )
E       TypeError: _FakeMessageOrchestration.schedule_active_memory_capture() got an unexpected keyword argument 'user_id'

app/services/chat/streaming_service.py:162: TypeError
----------------------------- Captured stdout call -----------------------------
{"stage": "start", "conversation_id": "-", "trace_id": "-", "event": "chat.stream", "logger": "app.services.chat.streaming_service", "level": "info", "timestamp": "2026-04-10T18:26:34.708942Z", "user_id": "-", "session_id": "-", "project_id": "-"}
------------------------------ Captured log call -------------------------------
INFO     app.services.chat.streaming_service:streaming_service.py:144 {"stage": "start", "conversation_id": "-", "trace_id": "-", "event": "chat.stream", "logger": "app.services.chat.streaming_service", "level": "info", "timestamp": "2026-04-10T18:26:34.708942Z", "user_id": "-", "session_id": "-", "project_id": "-"}
_ test_streaming_service_missing_required_citations_with_knowledge_space_skips_repo_study _

monkeypatch = <_pytest.monkeypatch.MonkeyPatch object at 0x13ed35490>

    @pytest.mark.asyncio
    async def test_streaming_service_missing_required_citations_with_knowledge_space_skips_repo_study(monkeypatch):
        repo = _FakeRepo()
        convo_service = ConversationService(repo)
        msg_orch = _FakeMessageOrchestration()
        streaming = StreamingService(
            repo=repo,
            llm_service=_FakeLLM(),
            tool_service=None,
            prompt_service=_FakePromptService(),
            rag_service=None,
            conversation_service=convo_service,
            message_orchestration_service=msg_orch,
        )
    
        monkeypatch.setattr(
            "app.services.chat.streaming_service.build_citation_status",
            lambda **kwargs: {
                "mode": "required",
                "status": "missing_required",
                "count": 0,
                "reason": "no_retrievable_sources",
            },
        )
    
        async def _explode(*args, **kwargs):
            raise AssertionError("repo study fallback should not run when knowledge space is active")
    
        monkeypatch.setattr(
            "app.services.chat.streaming_service.ChatStudyService.answer_with_study",
            _explode,
        )
    
>       chunks = [
            line
            async for line in streaming.stream_message(
                conversation_id="conv-1",
                message="Monte uma ficha usando o livro",
                role=ModelRole.ORCHESTRATOR,
                priority=ModelPriority.FAST_AND_CHEAP,
                knowledge_space_id="ks-1",
            )
        ]

tests/unit/test_chat_streaming_service.py:368: 
_ _ _ _ _ _ _ _ _ _ _ _ _ _ _ _ _ _ _ _ _ _ _ _ _ _ _ _ _ _ _ _ _ _ _ _ _ _ _ _ 

self = <app.services.chat.streaming_service.StreamingService object at 0x13ed35250>
conversation_id = 'conv-1', message = 'Monte uma ficha usando o livro'
role = <ModelRole.ORCHESTRATOR: 'orchestrator'>
priority = <ModelPriority.FAST_AND_CHEAP: 'fast_and_cheap'>
timeout_seconds = None, user_id = None, project_id = None
knowledge_space_id = 'ks-1', identity_source = 'unknown', requested_role = None
routing_decision = None, route_applied = None

    async def stream_message(
        self,
        conversation_id: str,
        message: str,
        role: ModelRole | None = None,
        priority: ModelPriority | None = None,
        timeout_seconds: int | None = None,
        user_id: str | None = None,
        project_id: str | None = None,
        knowledge_space_id: str | None = None,
        identity_source: str = "unknown",
        requested_role: str | None = None,
        routing_decision: Any | None = None,
        route_applied: bool | None = None,
    ):
        role = role or ModelRole.ORCHESTRATOR
        priority = priority or ModelPriority.HIGH_QUALITY
    
        max_bytes = int(os.getenv("CHAT_MAX_MESSAGE_BYTES", str(10 * 1024)))
        default_timeout = int(os.getenv("CHAT_DEFAULT_TIMEOUT_SECONDS", "30"))
        heartbeat_interval = int(os.getenv("CHAT_HEARTBEAT_INTERVAL_SECONDS", "30"))
        protocol_version = os.getenv("CHAT_SSE_PROTOCOL_VERSION", "2025-11.v1")
        deprecate_partial_at = os.getenv("CHAT_SSE_PARTIAL_DEPRECATE_AT", "2026-03-01")
    
        try:
            if message and len(message.encode("utf-8")) > max_bytes:
                err = json.dumps(
                    chat_sse_error_payload(
                        code="CHAT_MESSAGE_TOO_LARGE",
                        message="Message too large",
                        category="validation",
                        retryable=False,
                        http_status=413,
                    ),
                    ensure_ascii=False,
                )
                yield f"event: error\ndata: {err}\n\n"
                return
        except Exception:
            pass
    
        understanding = build_understanding_payload(message)
        try:
            conv = self._repo.get_conversation(conversation_id)
            self._conversation_service.validate_conversation_access(
                conversation_id, conv, project_id
            )
        except ChatRepositoryError:
            err = json.dumps(
                chat_sse_error_payload(
                    code="CHAT_CONVERSATION_NOT_FOUND",
                    message="Conversation not found",
                    category="not_found",
                    retryable=False,
                    http_status=404,
                ),
                ensure_ascii=False,
            )
            yield f"event: error\ndata: {err}\n\n"
            return
        except ChatServiceError as e:
            err = json.dumps(
                chat_sse_error_payload(
                    code="CHAT_ACCESS_DENIED",
                    message=str(e),
                    category="authz",
                    retryable=False,
                    http_status=403,
                ),
                ensure_ascii=False,
            )
            yield f"event: error\ndata: {err}\n\n"
            return
    
        start_t_overall = _time.time()
        start_t = start_t_overall
        trace_id = uuid4().hex
        try:
            logger.info(
                "chat.stream", stage="start", conversation_id=conversation_id, trace_id=trace_id
            )
        except Exception:
            pass
    
        yield "event: start\n\n"
        proto = json.dumps(
            {
                "version": protocol_version,
                "supports_partial": True,
                "deprecate_partial_at": deprecate_partial_at,
            },
            ensure_ascii=False,
        )
        yield f"event: protocol\ndata: {proto}\n\n"
    
        self._repo.add_message(conversation_id, role="user", text=message)
>       self._message_orchestration_service.schedule_active_memory_capture(
            message=message,
            user_id=user_id,
            conversation_id=conversation_id,
        )
E       TypeError: _FakeMessageOrchestration.schedule_active_memory_capture() got an unexpected keyword argument 'user_id'

app/services/chat/streaming_service.py:162: TypeError
----------------------------- Captured stdout call -----------------------------
{"stage": "start", "conversation_id": "-", "trace_id": "-", "event": "chat.stream", "logger": "app.services.chat.streaming_service", "level": "info", "timestamp": "2026-04-10T18:26:34.717658Z", "user_id": "-", "session_id": "-", "project_id": "-"}
------------------------------ Captured log call -------------------------------
INFO     app.services.chat.streaming_service:streaming_service.py:144 {"stage": "start", "conversation_id": "-", "trace_id": "-", "event": "chat.stream", "logger": "app.services.chat.streaming_service", "level": "info", "timestamp": "2026-04-10T18:26:34.717658Z", "user_id": "-", "session_id": "-", "project_id": "-"}
_________ test_streaming_service_document_grounding_short_circuits_llm _________

    @pytest.mark.asyncio
    async def test_streaming_service_document_grounding_short_circuits_llm():
        repo = _FakeRepo()
        convo_service = ConversationService(repo)
        msg_orch = _FakeMessageOrchestration()
        msg_orch.grounded_result = {
            "response": "Do documento:\n- O texto menciona facial droop.",
            "provider": "janus",
            "model": "document_grounding",
            "citations": [
                {
                    "doc_id": "doc-1",
                    "title": "stroke.txt",
                    "source_type": "document",
                    "snippet": "facial droop",
                }
            ],
            "citation_status": {"mode": "optional", "status": "present", "count": 1, "reason": None},
        }
        streaming = StreamingService(
            repo=repo,
            llm_service=_FakeLLM(),
            tool_service=None,
            prompt_service=_FakePromptService(),
            rag_service=None,
            conversation_service=convo_service,
            message_orchestration_service=msg_orch,
        )
    
        events = _parse_sse_chunks(
>           [
                line
                async for line in streaming.stream_message(
                    conversation_id="conv-1",
                    message="Quais sinais o documento cita",
                    role=ModelRole.ORCHESTRATOR,
                    priority=ModelPriority.HIGH_QUALITY,
                )
            ]
        )

tests/unit/test_chat_streaming_service.py:426: 
_ _ _ _ _ _ _ _ _ _ _ _ _ _ _ _ _ _ _ _ _ _ _ _ _ _ _ _ _ _ _ _ _ _ _ _ _ _ _ _ 

self = <app.services.chat.streaming_service.StreamingService object at 0x13ed36120>
conversation_id = 'conv-1', message = 'Quais sinais o documento cita'
role = <ModelRole.ORCHESTRATOR: 'orchestrator'>
priority = <ModelPriority.HIGH_QUALITY: 'high_quality'>, timeout_seconds = None
user_id = None, project_id = None, knowledge_space_id = None
identity_source = 'unknown', requested_role = None, routing_decision = None
route_applied = None

    async def stream_message(
        self,
        conversation_id: str,
        message: str,
        role: ModelRole | None = None,
        priority: ModelPriority | None = None,
        timeout_seconds: int | None = None,
        user_id: str | None = None,
        project_id: str | None = None,
        knowledge_space_id: str | None = None,
        identity_source: str = "unknown",
        requested_role: str | None = None,
        routing_decision: Any | None = None,
        route_applied: bool | None = None,
    ):
        role = role or ModelRole.ORCHESTRATOR
        priority = priority or ModelPriority.HIGH_QUALITY
    
        max_bytes = int(os.getenv("CHAT_MAX_MESSAGE_BYTES", str(10 * 1024)))
        default_timeout = int(os.getenv("CHAT_DEFAULT_TIMEOUT_SECONDS", "30"))
        heartbeat_interval = int(os.getenv("CHAT_HEARTBEAT_INTERVAL_SECONDS", "30"))
        protocol_version = os.getenv("CHAT_SSE_PROTOCOL_VERSION", "2025-11.v1")
        deprecate_partial_at = os.getenv("CHAT_SSE_PARTIAL_DEPRECATE_AT", "2026-03-01")
    
        try:
            if message and len(message.encode("utf-8")) > max_bytes:
                err = json.dumps(
                    chat_sse_error_payload(
                        code="CHAT_MESSAGE_TOO_LARGE",
                        message="Message too large",
                        category="validation",
                        retryable=False,
                        http_status=413,
                    ),
                    ensure_ascii=False,
                )
                yield f"event: error\ndata: {err}\n\n"
                return
        except Exception:
            pass
    
        understanding = build_understanding_payload(message)
        try:
            conv = self._repo.get_conversation(conversation_id)
            self._conversation_service.validate_conversation_access(
                conversation_id, conv, project_id
            )
        except ChatRepositoryError:
            err = json.dumps(
                chat_sse_error_payload(
                    code="CHAT_CONVERSATION_NOT_FOUND",
                    message="Conversation not found",
                    category="not_found",
                    retryable=False,
                    http_status=404,
                ),
                ensure_ascii=False,
            )
            yield f"event: error\ndata: {err}\n\n"
            return
        except ChatServiceError as e:
            err = json.dumps(
                chat_sse_error_payload(
                    code="CHAT_ACCESS_DENIED",
                    message=str(e),
                    category="authz",
                    retryable=False,
                    http_status=403,
                ),
                ensure_ascii=False,
            )
            yield f"event: error\ndata: {err}\n\n"
            return
    
        start_t_overall = _time.time()
        start_t = start_t_overall
        trace_id = uuid4().hex
        try:
            logger.info(
                "chat.stream", stage="start", conversation_id=conversation_id, trace_id=trace_id
            )
        except Exception:
            pass
    
        yield "event: start\n\n"
        proto = json.dumps(
            {
                "version": protocol_version,
                "supports_partial": True,
                "deprecate_partial_at": deprecate_partial_at,
            },
            ensure_ascii=False,
        )
        yield f"event: protocol\ndata: {proto}\n\n"
    
        self._repo.add_message(conversation_id, role="user", text=message)
>       self._message_orchestration_service.schedule_active_memory_capture(
            message=message,
            user_id=user_id,
            conversation_id=conversation_id,
        )
E       TypeError: _FakeMessageOrchestration.schedule_active_memory_capture() got an unexpected keyword argument 'user_id'

app/services/chat/streaming_service.py:162: TypeError
----------------------------- Captured stdout call -----------------------------
{"stage": "start", "conversation_id": "-", "trace_id": "-", "event": "chat.stream", "logger": "app.services.chat.streaming_service", "level": "info", "timestamp": "2026-04-10T18:26:34.726064Z", "user_id": "-", "session_id": "-", "project_id": "-"}
------------------------------ Captured log call -------------------------------
INFO     app.services.chat.streaming_service:streaming_service.py:144 {"stage": "start", "conversation_id": "-", "trace_id": "-", "event": "chat.stream", "logger": "app.services.chat.streaming_service", "level": "info", "timestamp": "2026-04-10T18:26:34.726064Z", "user_id": "-", "session_id": "-", "project_id": "-"}
______________ test_maybe_finalize_autonomy_goal_marks_completed _______________

monkeypatch = <_pytest.monkeypatch.MonkeyPatch object at 0x13ed82b10>

    def test_maybe_finalize_autonomy_goal_marks_completed(monkeypatch):
        fake_goal_manager = _FakeGoalManager()
        import app.services.collaboration_service as collaboration_module
        monkeypatch.setattr(collaboration_module, "AutonomyGoalRepository", lambda: fake_goal_manager)
    
        service = CollaborationService(CollaborationRepository())
        state = _make_state(status="success", goal_id="goal-1")
        service.maybe_finalize_autonomy_goal(state)
    
>       assert fake_goal_manager.calls == [("goal-1", GoalStatus.COMPLETED)]
E       AssertionError: assert [] == [('goal-1', 'completed')]
E         
E         Right contains one more item: ('goal-1', 'completed')
E         
E         Full diff:
E         + []
E         - [
E         -     (
E         -         'goal-1',
E         -         'completed',
E         -     ),
E         - ]

tests/unit/test_collaboration_service_autonomy_hook.py:50: AssertionError
----------------------------- Captured stdout call -----------------------------
{"task_id": "9eb5e07f-2ff6-4dc1-8d9c-6b66739cdf91", "error": "'_FakeGoalManager' object has no attribute 'get_goal'", "event": "autonomy_goal_completion_hook_failed", "logger": "app.services.collaboration_service", "level": "warning", "timestamp": "2026-04-10T18:26:34.979073Z", "trace_id": "-", "user_id": "-", "session_id": "-", "conversation_id": "-", "project_id": "-", "exception": "Traceback (most recent call last):\n  File \"/Users/arthurparaiso/repos/janus-completo/backend/app/services/collaboration_service.py\", line 352, in maybe_finalize_autonomy_goal\n    self._try_finalize_autonomy_goal_from_taskstate(task_state)\n  File \"/Users/arthurparaiso/repos/janus-completo/backend/app/services/collaboration_service.py\", line 391, in _try_finalize_autonomy_goal_from_taskstate\n    existing_goal = goal_repo.get_goal(goal_id)\n                    ^^^^^^^^^^^^^^^^^^\nAttributeError: '_FakeGoalManager' object has no attribute 'get_goal'"}
------------------------------ Captured log call -------------------------------
WARNING  app.services.collaboration_service:collaboration_service.py:354 {"task_id": "9eb5e07f-2ff6-4dc1-8d9c-6b66739cdf91", "error": "'_FakeGoalManager' object has no attribute 'get_goal'", "event": "autonomy_goal_completion_hook_failed", "logger": "app.services.collaboration_service", "level": "warning", "timestamp": "2026-04-10T18:26:34.979073Z", "trace_id": "-", "user_id": "-", "session_id": "-", "conversation_id": "-", "project_id": "-", "exception": "Traceback (most recent call last):\n  File \"/Users/arthurparaiso/repos/janus-completo/backend/app/services/collaboration_service.py\", line 352, in maybe_finalize_autonomy_goal\n    self._try_finalize_autonomy_goal_from_taskstate(task_state)\n  File \"/Users/arthurparaiso/repos/janus-completo/backend/app/services/collaboration_service.py\", line 391, in _try_finalize_autonomy_goal_from_taskstate\n    existing_goal = goal_repo.get_goal(goal_id)\n                    ^^^^^^^^^^^^^^^^^^\nAttributeError: '_FakeGoalManager' object has no attribute 'get_goal'"}
______ test_maybe_finalize_autonomy_goal_marks_failed_for_terminal_error _______

monkeypatch = <_pytest.monkeypatch.MonkeyPatch object at 0x14baa8050>

    def test_maybe_finalize_autonomy_goal_marks_failed_for_terminal_error(monkeypatch):
        fake_goal_manager = _FakeGoalManager()
        import app.services.collaboration_service as collaboration_module
        monkeypatch.setattr(collaboration_module, "AutonomyGoalRepository", lambda: fake_goal_manager)
    
        service = CollaborationService(CollaborationRepository())
        state = _make_state(status="error", goal_id="goal-2")
        service.maybe_finalize_autonomy_goal(state)
    
>       assert fake_goal_manager.calls == [("goal-2", GoalStatus.FAILED)]
E       AssertionError: assert [] == [('goal-2', 'failed')]
E         
E         Right contains one more item: ('goal-2', 'failed')
E         
E         Full diff:
E         + []
E         - [
E         -     (
E         -         'goal-2',
E         -         'failed',
E         -     ),
E         - ]

tests/unit/test_collaboration_service_autonomy_hook.py:64: AssertionError
----------------------------- Captured stdout call -----------------------------
[...]
    timestamp: float = Field(default_factory=lambda: datetime.utcnow().timestamp())

tests/unit/test_documents_endpoint_async_upload.py::test_upload_document_returns_413_for_streaming_oversize
  /Users/arthurparaiso/repos/janus-completo/backend/.venv/lib/python3.12/site-packages/fastapi/routing.py:243: DeprecationWarning: 'HTTP_413_REQUEST_ENTITY_TOO_LARGE' is deprecated. Use 'HTTP_413_CONTENT_TOO_LARGE' instead.
    return await dependant.call(**values)

tests/unit/test_goal_manager_sql_facade.py::test_goal_manager_list_hides_terminal_by_default_but_get_keeps_terminal
tests/unit/test_goal_manager_sql_facade.py::test_goal_manager_update_goal_status_persists_terminal_in_repo
  /Users/arthurparaiso/repos/janus-completo/backend/tests/unit/test_goal_manager_sql_facade.py:18: DeprecationWarning: datetime.datetime.utcnow() is deprecated and scheduled for removal in a future version. Use timezone-aware objects to represent datetimes in UTC: datetime.datetime.now(datetime.UTC).
    now = datetime.utcnow()

tests/unit/test_goal_manager_sql_facade.py::test_goal_manager_update_goal_status_persists_terminal_in_repo
  /Users/arthurparaiso/repos/janus-completo/backend/tests/unit/test_goal_manager_sql_facade.py:80: DeprecationWarning: datetime.datetime.utcnow() is deprecated and scheduled for removal in a future version. Use timezone-aware objects to represent datetimes in UTC: datetime.datetime.now(datetime.UTC).
    row.updated_at = datetime.utcnow()

tests/unit/test_meta_agent_failure_event.py::test_process_failure_event_persists_and_triggers_cycle
  /Users/arthurparaiso/repos/janus-completo/backend/app/core/workers/meta_agent_worker.py:268: DeprecationWarning: datetime.datetime.utcnow() is deprecated and scheduled for removal in a future version. Use timezone-aware objects to represent datetimes in UTC: datetime.datetime.now(datetime.UTC).
    ts_iso = str(payload.get("timestamp", datetime.utcnow().isoformat()))

tests/unit/test_pricing_redis_usage_tracker.py::test_register_usage_updates_provider_and_tenant_spend
tests/unit/test_pricing_redis_usage_tracker.py::test_register_usage_updates_provider_and_tenant_spend
  /Users/arthurparaiso/repos/janus-completo/backend/app/core/llm/pricing.py:138: DeprecationWarning: datetime.datetime.utcnow() is deprecated and scheduled for removal in a future version. Use timezone-aware objects to represent datetimes in UTC: datetime.datetime.now(datetime.UTC).
    return datetime.utcnow().strftime("%Y-%m-%d")

tests/unit/test_router_worker_contains_knowledge.py::test_router_terminal_task_to_router_is_consumed_without_republish
  /Users/arthurparaiso/repos/janus-completo/backend/app/core/workers/router_worker.py:163: DeprecationWarning: datetime.datetime.utcnow() is deprecated and scheduled for removal in a future version. Use timezone-aware objects to represent datetimes in UTC: datetime.datetime.now(datetime.UTC).
    "timestamp": datetime.utcnow().timestamp(),

tests/unit/test_router_worker_contains_knowledge.py::test_router_terminal_task_to_router_is_consumed_without_republish
  /Users/arthurparaiso/repos/janus-completo/backend/.venv/lib/python3.12/site-packages/pydantic/main.py:464: UserWarning: Pydantic serializer warnings:
    PydanticSerializationUnexpectedValue(Expected `TaskStateEvent` - serialized value may not be as expected [field_name='history', input_value={'agent_role': 'router', ...amp': 1775856402.621215}, input_type=dict])
    return self.__pydantic_serializer__.to_python(

tests/unit/test_router_worker_contains_knowledge.py::test_router_terminal_task_to_router_is_consumed_without_republish
  /Users/arthurparaiso/repos/janus-completo/backend/app/core/workers/router_worker.py:264: DeprecationWarning: datetime.datetime.utcnow() is deprecated and scheduled for removal in a future version. Use timezone-aware objects to represent datetimes in UTC: datetime.datetime.now(datetime.UTC).
    timestamp=datetime.utcnow().timestamp(),

tests/unit/test_router_worker_contains_knowledge.py::test_router_terminal_task_to_router_is_consumed_without_republish
tests/unit/test_router_worker_contains_knowledge.py::test_router_corrects_non_terminal_self_loop_and_republishes
tests/unit/test_router_worker_contains_knowledge.py::test_router_escapes_repeated_route_loop_with_alternative_role
  /Users/arthurparaiso/repos/janus-completo/backend/app/core/workers/router_worker.py:286: DeprecationWarning: datetime.datetime.utcnow() is deprecated and scheduled for removal in a future version. Use timezone-aware objects to represent datetimes in UTC: datetime.datetime.now(datetime.UTC).
    "timestamp": datetime.utcnow().timestamp(),

tests/unit/test_router_worker_contains_knowledge.py::test_router_escapes_repeated_route_loop_with_alternative_role
  /Users/arthurparaiso/repos/janus-completo/backend/app/core/workers/router_worker.py:206: DeprecationWarning: datetime.datetime.utcnow() is deprecated and scheduled for removal in a future version. Use timezone-aware objects to represent datetimes in UTC: datetime.datetime.now(datetime.UTC).
    "timestamp": datetime.utcnow().timestamp(),

tests/unit/test_security_workflow_contracts.py::test_collaboration_service_routes_blue_team_to_dedicated_queue
  /Users/arthurparaiso/repos/janus-completo/backend/app/services/collaboration_service.py:263: DeprecationWarning: datetime.datetime.utcnow() is deprecated and scheduled for removal in a future version. Use timezone-aware objects to represent datetimes in UTC: datetime.datetime.now(datetime.UTC).
    timestamp=datetime.utcnow().timestamp(),

tests/unit/test_security_workflow_contracts.py::test_collaboration_service_routes_security_judge_to_dedicated_queue
  /Users/arthurparaiso/repos/janus-completo/backend/app/services/collaboration_service.py:271: DeprecationWarning: datetime.datetime.utcnow() is deprecated and scheduled for removal in a future version. Use timezone-aware objects to represent datetimes in UTC: datetime.datetime.now(datetime.UTC).
    timestamp=datetime.utcnow().timestamp(),

-- Docs: https://docs.pytest.org/en/stable/how-to/capture-warnings.html
=========================== short test summary info ============================
FAILED tests/unit/core/infrastructure/test_prompt_loader_cutover.py::test_get_formatted_prompt_is_tolerant_on_missing_placeholder - assert 'Variável faltando no prompt' in 'ERROR    app.core.infrastructure.prompt_loader:prompt_loader.py:296 {"prompt_name": "welcome", "error": "\'nome\'", "...10T18:26:33.800515Z", "trace_id": "-", "user_id": "-", "session_id": "-", "conversation_id": "-", "project_id": "-"}\n'
 +  where 'ERROR    app.core.infrastructure.prompt_loader:prompt_loader.py:296 {"prompt_name": "welcome", "error": "\'nome\'", "...10T18:26:33.800515Z", "trace_id": "-", "user_id": "-", "session_id": "-", "conversation_id": "-", "project_id": "-"}\n' = <_pytest.logging.LogCaptureFixture object at 0x13e1e2f90>.text
FAILED tests/unit/core/memory/test_knowledge_graph_manager_indexes.py::test_index_codebase_uses_only_canonical_index_operations - assert False
 +  where False = all(<generator object test_index_codebase_uses_only_canonical_index_operations.<locals>.<genexpr> at 0x13e1eef80>)
FAILED tests/unit/services/test_chat_message_helpers.py::test_build_understanding_payload_summarizes_question_without_echoing_message - AssertionError: assert 'general' == 'question'
  
  - question
  + general
FAILED tests/unit/test_ai016_document_semantic_enrichment.py::test_ingest_file_includes_semantic_metadata_in_payload - TypeError: DocumentIngestionService.ingest_file() missing 1 required positional argument: 'user_id'
FAILED tests/unit/test_autonomy_admin_authz.py::test_autonomy_admin_requires_authentication - AttributeError: <module 'app.core.security.request_guard' from '/Users/arthurparaiso/repos/janus-completo/backend/app/core/security/request_guard.py'> has no attribute 'UserRepository'
FAILED tests/unit/test_autonomy_admin_authz.py::test_autonomy_admin_requires_admin_role - AttributeError: <module 'app.core.security.request_guard' from '/Users/arthurparaiso/repos/janus-completo/backend/app/core/security/request_guard.py'> has no attribute 'UserRepository'
FAILED tests/unit/test_autonomy_admin_authz.py::test_autonomy_admin_allows_admin - AttributeError: <module 'app.core.security.request_guard' from '/Users/arthurparaiso/repos/janus-completo/backend/app/core/security/request_guard.py'> has no attribute 'UserRepository'
FAILED tests/unit/test_autonomy_admin_service_scope.py::test_recall_self_study_memories_prefers_linked_code_summary - assert 0 == 1
 +  where 0 = len([])
FAILED tests/unit/test_autonomy_lock_service.py::test_make_scope_key_variants - TypeError: AutonomyLockService.make_scope_key() missing 1 required keyword-only argument: 'user_id'
FAILED tests/unit/test_chat_about_identity.py::test_about_command_reinforces_janus_identity - TypeError: ChatCommandHandler._handle_about() missing 1 required positional argument: 'user_id'
FAILED tests/unit/test_chat_contracts_confirmation.py::test_build_confirmation_payload_requires_real_pending_action - AssertionError: assert {'reason': 'high_risk', 'required': True, 'source': 'heuristic'} is None
 +  where {'reason': 'high_risk', 'required': True, 'source': 'heuristic'} = build_confirmation_payload(pending_action_id=None, reason='high_risk')
FAILED tests/unit/test_chat_contracts_confirmation.py::test_maybe_create_fallback_pending_action_from_pending_marker - assert None == 42
FAILED tests/unit/test_chat_endpoints_subrouters.py::test_sse_slot_limit_per_channel_user - TypeError: acquire_sse_slot() missing 1 required positional argument: 'user_id'
FAILED tests/unit/test_chat_endpoints_subrouters.py::test_sse_slot_limit_global_across_channels - TypeError: acquire_sse_slot() missing 1 required positional argument: 'user_id'
FAILED tests/unit/test_chat_endpoints_subrouters.py::test_sse_slot_bypasses_unlimited_user - TypeError: acquire_sse_slot() missing 1 required positional argument: 'user_id'
FAILED tests/unit/test_chat_repository_sql_metadata.py::test_chat_repository_sql_preserves_knowledge_space_metadata_in_fallback - TypeError: ChatRepositorySQL.start_conversation() missing 1 required positional argument: 'project_id'
FAILED tests/unit/test_chat_service_stream.py::test_stream_message_emits_token_and_done - TypeError: ChatRepositorySQL.start_conversation() missing 1 required positional argument: 'project_id'
FAILED tests/unit/test_chat_service_stream.py::test_stream_message_rejects_large_message - TypeError: ChatRepositorySQL.start_conversation() missing 1 required positional argument: 'project_id'
FAILED tests/unit/test_chat_service_utf8_heartbeat.py::test_utf8_and_heartbeat_emission - TypeError: ChatRepositorySQL.start_conversation() missing 1 required positional argument: 'project_id'
FAILED tests/unit/test_chat_streaming_service.py::test_streaming_service_emits_protocol_partial_and_done - TypeError: _FakeMessageOrchestration.schedule_active_memory_capture() got an unexpected keyword argument 'user_id'
FAILED tests/unit/test_chat_streaming_service.py::test_streaming_service_sse_high_risk_emits_confirmation_and_waiting_state - TypeError: _FakeMessageOrchestration.schedule_active_memory_capture() got an unexpected keyword argument 'user_id'
FAILED tests/unit/test_chat_streaming_service.py::test_streaming_service_sse_non_risk_does_not_emit_confirmation - TypeError: _FakeMessageOrchestration.schedule_active_memory_capture() got an unexpected keyword argument 'user_id'
FAILED tests/unit/test_chat_streaming_service.py::test_streaming_service_missing_required_citations_emits_and_persists_guard - TypeError: _FakeMessageOrchestration.schedule_active_memory_capture() got an unexpected keyword argument 'user_id'
FAILED tests/unit/test_chat_streaming_service.py::test_streaming_service_missing_required_citations_with_knowledge_space_skips_repo_study - TypeError: _FakeMessageOrchestration.schedule_active_memory_capture() got an unexpected keyword argument 'user_id'
FAILED tests/unit/test_chat_streaming_service.py::test_streaming_service_document_grounding_short_circuits_llm - TypeError: _FakeMessageOrchestration.schedule_active_memory_capture() got an unexpected keyword argument 'user_id'
FAILED tests/unit/test_collaboration_service_autonomy_hook.py::test_maybe_finalize_autonomy_goal_marks_completed - AssertionError: assert [] == [('goal-1', 'completed')]
  
  Right contains one more item: ('goal-1', 'completed')
  
  Full diff:
  + []
  - [
  -     (
  -         'goal-1',
  -         'completed',
  -     ),
  - ]
FAILED tests/unit/test_collaboration_service_autonomy_hook.py::test_maybe_finalize_autonomy_goal_marks_failed_for_terminal_error - AssertionError: assert [] == [('goal-2', 'failed')]
  
  Right contains one more item: ('goal-2', 'failed')
  
  Full diff:
  + []
  - [
  -     (
  -         'goal-2',
  -         'failed',
  -     ),
  - ]
FAILED tests/unit/test_collaboration_service_autonomy_hook.py::test_maybe_finalize_autonomy_goal_is_idempotent_on_same_taskstate - AssertionError: assert [] == [('goal-4', 'completed')]
  
  Right contains one more item: ('goal-4', 'completed')
  
  Full diff:
  + []
  - [
  -     (
  -         'goal-4',
  -         'completed',
  -     ),
  - ]
FAILED tests/unit/test_conversation_service.py::test_validate_conversation_access_blocks_user_mismatch - Failed: DID NOT RAISE <class 'app.core.exceptions.chat_exceptions.ChatServiceError'>
FAILED tests/unit/test_conversation_service.py::test_crud_operations_delegate_to_repo - AssertionError: assert ('conv-1', 'N...lo', 'proj-1') == ('conv-1', 'N...-1', 'proj-1')
  
  At index 2 diff: 'proj-1' != 'user-1'
  Right contains one more item: 'proj-1'
  
  Full diff:
    (
        'conv-1',
        'Novo titulo',
  -     'user-1',
        'proj-1',
    )
FAILED tests/unit/test_document_service.py::test_process_staged_document_recovers_when_points_already_indexed - FileNotFoundError: Arquivo staged não encontrado para doc-1
FAILED tests/unit/test_knowledge_service_code_query.py::test_ask_code_with_citations_returns_answer_and_citations - AssertionError: assert 'answer:Como ...app/main.py:7' == 'answer:Como ...pp/main.py?:7'
  
  Skipping 40 identical leading characters in diff, use -v to show
  - pp/main.py?:7
  ?           -
  + pp/main.py:7
FAILED tests/unit/test_knowledge_service_telemetry.py::test_ask_code_with_citations_emits_code_citations_telemetry - AssertionError: assert 'answer:How d...call helper:4' == 'answer:How d...all helper?:4'
  
  - answer:How does run call helper?:4
  ?                                -
  + answer:How does run call helper:4
FAILED tests/unit/test_llm_select_and_cb.py::test_cb_early_block_emits_error_circuit_open - TypeError: ChatRepositorySQL.start_conversation() missing 1 required positional argument: 'project_id'
FAILED tests/unit/test_memory_scroll_refactor.py::test_search_recent_failures_uses_scroll - AssertionError: Expected 'scroll' to have been called once. Called 0 times.
FAILED tests/unit/test_memory_scroll_refactor.py::test_search_recent_lessons_uses_scroll - AssertionError: Expected 'scroll' to have been called once. Called 0 times.
FAILED tests/unit/test_memory_service.py::test_index_interaction_uses_chat_collection_and_deterministic_point_id - TypeError: MemoryService.index_interaction() takes 4 positional arguments but 5 were given
FAILED tests/unit/test_message_orchestration_service.py::test_send_message_agent_loop_path_persists_and_enqueues_post_event - assert 0 == 1
 +  where 0 = <test_message_orchestration_service._FakeAgentLoop object at 0x15487a360>.calls
FAILED tests/unit/test_message_orchestration_service.py::test_send_message_light_chat_bypasses_agent_loop_and_skips_rag_lookup - assert 0 == 1
 +  where 0 = len([])
 +    where [] = <test_message_orchestration_service._FakeLLMService object at 0x154821e80>.calls
FAILED tests/unit/test_message_orchestration_service.py::test_send_message_knowledge_space_path_prefers_canonical_answer - TypeError: test_send_message_knowledge_space_path_prefers_canonical_answer.<locals>.<lambda>() missing 1 required keyword-only argument: 'user_id'
FAILED tests/unit/test_message_orchestration_service.py::test_send_message_standard_path_reuses_initial_prompt_and_single_rag_lookup - assert 0 == 1
 +  where 0 = <test_message_orchestration_service._FakeAgentLoop object at 0x15485fb90>.calls
FAILED tests/unit/test_meta_agent_failure_event.py::test_process_failure_event_persists_and_triggers_cycle - TypeError: test_process_failure_event_persists_and_triggers_cycle.<locals>.fake_publish() got an unexpected keyword argument 'payload_extra'
FAILED tests/unit/test_procedural_memory_service.py::test_maybe_capture_builds_procedural_metadata - NameError: name 'user_id' is not defined
FAILED tests/unit/test_rag_service_telemetry.py::test_retrieve_context_emits_skip_telemetry_when_user_missing - AssertionError: assert 'ConnectionError' == 'SKIPPED_MISSING_USER_ID'
  
  - SKIPPED_MISSING_USER_ID
  + ConnectionError
FAILED tests/unit/test_sg012_auth_reset_token_leak.py::test_request_reset_does_not_return_token_in_development_even_when_disabled_flag - AttributeError: 'types.SimpleNamespace' object has no attribute 'headers'
FAILED tests/unit/test_sg012_auth_reset_token_leak.py::test_request_reset_returns_token_only_in_test_env_with_opt_in - AttributeError: 'types.SimpleNamespace' object has no attribute 'headers'
FAILED tests/unit/test_sg012_auth_reset_token_leak.py::test_request_reset_never_returns_token_in_production - AttributeError: 'types.SimpleNamespace' object has no attribute 'headers'
FAILED tests/unit/test_sg012_auth_reset_token_leak.py::test_request_reset_returns_token_in_ci_with_opt_in - AttributeError: 'types.SimpleNamespace' object has no attribute 'headers'
FAILED tests/unit/test_sg012_auth_reset_token_leak.py::test_request_reset_does_not_return_token_in_staging - AttributeError: 'types.SimpleNamespace' object has no attribute 'headers'
FAILED tests/unit/test_sg014_workspace_authz.py::test_workspace_requires_authenticated_actor - AttributeError: <module 'app.core.security.request_guard' from '/Users/arthurparaiso/repos/janus-completo/backend/app/core/security/request_guard.py'> has no attribute 'UserRepository'
FAILED tests/unit/test_sg014_workspace_authz.py::test_workspace_add_artifact_allows_authenticated_actor - AttributeError: <module 'app.core.security.request_guard' from '/Users/arthurparaiso/repos/janus-completo/backend/app/core/security/request_guard.py'> has no attribute 'UserRepository'
FAILED tests/unit/test_sg014_workspace_authz.py::test_workspace_shutdown_requires_admin - AttributeError: <module 'app.core.security.request_guard' from '/Users/arthurparaiso/repos/janus-completo/backend/app/core/security/request_guard.py'> has no attribute 'UserRepository'
FAILED tests/unit/test_sg014_workspace_authz.py::test_workspace_shutdown_allows_admin - AttributeError: <module 'app.core.security.request_guard' from '/Users/arthurparaiso/repos/janus-completo/backend/app/core/security/request_guard.py'> has no attribute 'UserRepository'
FAILED tests/unit/test_sg015_auth_rate_limit.py::test_issue_token_rate_limit_returns_429 - assert 403 == 200
 +  where 403 = <Response [403 Forbidden]>.status_code
FAILED tests/unit/test_sg018_collaboration_workspace_status_auth.py::test_workspace_status_requires_authenticated_actor - assert 200 == 401
 +  where 200 = <Response [200 OK]>.status_code
FAILED tests/unit/test_sg018_secret_defaults_removed.py::test_env_example_uses_required_placeholders_for_critical_secrets - FileNotFoundError: [Errno 2] No such file or directory: 'backend/app/.env.example'
FAILED tests/unit/test_technical_qa_eval_service.py::test_offline_query_fn_uses_dataset_rules - AssertionError: assert 'offline_citation_resolution_failed' is None
FAILED tests/unit/test_user_preference_memory_service.py::test_maybe_capture_builds_structured_metadata - NameError: name 'user_id' is not defined
================= 58 failed, 424 passed, 50 warnings in 13.05s =================
