============================= test session starts ==============================
platform darwin -- Python 3.12.12, pytest-9.0.2, pluggy-1.6.0
rootdir: /Users/arthurparaiso/repos/janus-completo/backend
configfile: pyproject.toml
plugins: anyio-4.12.1, asyncio-1.3.0, langsmith-0.7.10
asyncio: mode=Mode.STRICT, debug=False, asyncio_default_fixture_loop_scope=None, asyncio_default_test_loop_scope=function
collected 483 items

tests/unit/core/agents/test_meta_agent_execution.py ..                   [  0%]
tests/unit/core/infrastructure/test_prompt_loader_cutover.py ...F.       [  1%]
tests/unit/core/infrastructure/test_rate_limit_middleware.py ..          [  1%]
tests/unit/core/infrastructure/test_reasoning_core.py .....              [  2%]
tests/unit/core/llm/test_resilience_public_snapshots.py ...              [  3%]
tests/unit/core/memory/test_graph_rag_core_retriever_init.py .....       [  4%]
tests/unit/core/memory/test_knowledge_graph_manager_indexes.py F         [  4%]
tests/unit/core/monitoring/test_llm_router_health_monitor.py ..          [  5%]
tests/unit/core/test_autonomy_planner.py ...                             [  5%]
tests/unit/core/test_fallback_chain.py .........                         [  7%]
tests/unit/core/test_json_utils.py ....                                  [  8%]
tests/unit/core/test_logging_config_legacy_normalization.py ......       [  9%]
tests/unit/core/test_reflexion.py ..                                     [ 10%]
tests/unit/core/tools/test_agent_tools_contracts.py ....                 [ 10%]
tests/unit/core/tools/test_productivity_tools.py ..                      [ 11%]
tests/unit/core/workers/test_knowledge_consolidator_scheduler.py ......  [ 12%]
tests/unit/repositories/test_knowledge_space_repository.py .             [ 12%]
tests/unit/services/test_chat_citation_service.py .                      [ 13%]
tests/unit/services/test_chat_message_helpers.py .F                      [ 13%]
tests/unit/services/test_knowledge_graph_service.py ......               [ 14%]
tests/unit/services/test_knowledge_space_service.py .................... [ 18%]
....................F.F.....F.FFFFFF.                                    [ 26%]
tests/unit/services/test_llm_service.py ...                              [ 27%]
tests/unit/services/test_prompt_composer.py ..........                   [ 29%]
tests/unit/test_active_memory_service.py F                               [ 29%]
tests/unit/test_ai011_intent_routing.py ........                         [ 31%]
tests/unit/test_ai012_semantic_reranker.py ......                        [ 32%]
tests/unit/test_ai014_predictive_anomaly_detection.py ...                [ 32%]
tests/unit/test_ai016_document_semantic_enrichment.py ..F                [ 33%]
tests/unit/test_auth_local_login_password_policy.py .                    [ 33%]
tests/unit/test_autonomy_admin_authz.py FFF                              [ 34%]
tests/unit/test_autonomy_admin_service_scope.py ....................F    [ 38%]
tests/unit/test_autonomy_goal_completion_self_study_trigger.py ..        [ 39%]
tests/unit/test_autonomy_goal_repository.py ....                         [ 39%]
tests/unit/test_autonomy_lock_service.py F.                              [ 40%]
tests/unit/test_autonomy_service_enqueue.py .....                        [ 41%]
tests/unit/test_chat_about_identity.py .                                 [ 41%]
tests/unit/test_chat_contracts_confirmation.py F..F.                     [ 42%]
tests/unit/test_chat_deps_identity.py FF                                 [ 43%]
tests/unit/test_chat_endpoints_subrouters.py ....                        [ 43%]
tests/unit/test_chat_repository_sql_metadata.py .                        [ 44%]
tests/unit/test_chat_service_event_publisher_wiring.py ..                [ 44%]
tests/unit/test_chat_service_stream.py FF                                [ 44%]
tests/unit/test_chat_service_utf8_heartbeat.py F                         [ 45%]
tests/unit/test_chat_streaming_service.py FFFFFF                         [ 46%]
tests/unit/test_chat_ui_split.py ..                                      [ 46%]
tests/unit/test_circuit_breaker_comprehensive.py ............F.......... [ 51%]
...                                                                      [ 52%]
tests/unit/test_code_analysis_service_calls.py ...                       [ 52%]
tests/unit/test_code_hybrid_search_service.py ..                         [ 53%]
tests/unit/test_collaboration_service_autonomy_hook.py FF.F              [ 54%]
tests/unit/test_conversation_service.py F..F                             [ 54%]
tests/unit/test_daemon_voice_command.py ...                              [ 55%]
tests/unit/test_data_plane_backup_restore.py ...                         [ 56%]
tests/unit/test_document_parser_service.py ..                            [ 56%]
tests/unit/test_document_service.py F                                    [ 56%]
tests/unit/test_documents_endpoint_async_upload.py FF..                  [ 57%]
tests/unit/test_generative_memory_service.py .                           [ 57%]
tests/unit/test_goal_manager_delete.py .                                 [ 57%]
tests/unit/test_goal_manager_sql_facade.py ..                            [ 58%]
tests/unit/test_graph_db_merge_node.py ...                               [ 59%]
tests/unit/test_graph_guardian_relation_mapping.py .................     [ 62%]
tests/unit/test_identity_sanitizer.py .....                              [ 63%]
tests/unit/test_knowledge_consolidator_chunk_text.py ...                 [ 64%]
tests/unit/test_knowledge_repository_code_citations.py ..                [ 64%]
tests/unit/test_knowledge_repository_code_indexing.py .....              [ 65%]
tests/unit/test_knowledge_repository_dedupe_typing.py ....               [ 66%]
tests/unit/test_knowledge_routing_policy.py ...                          [ 67%]
tests/unit/test_knowledge_service_code_query.py F..                      [ 67%]
tests/unit/test_knowledge_service_indexing.py ..                         [ 68%]
tests/unit/test_knowledge_service_telemetry.py .F                        [ 68%]
tests/unit/test_llm_cache_integration.py .                               [ 68%]
tests/unit/test_llm_client_di.py .                                       [ 68%]
tests/unit/test_llm_select_and_cb.py F                                   [ 69%]
tests/unit/test_memory_core_di.py ....                                   [ 69%]
tests/unit/test_memory_endpoints_secret.py .                             [ 70%]
tests/unit/test_memory_metrics.py ..                                     [ 70%]
tests/unit/test_memory_scroll_refactor.py FF                             [ 71%]
tests/unit/test_memory_security_fallback.py .                            [ 71%]
tests/unit/test_memory_service.py ...F                                   [ 72%]
tests/unit/test_memory_smart_eviction.py ...                             [ 72%]
tests/unit/test_message_broker_di.py ....                                [ 73%]
tests/unit/test_message_orchestration_service.py FFFFFFFFFFFFF...FFFFF   [ 77%]
tests/unit/test_meta_agent_failure_event.py F                            [ 78%]
tests/unit/test_observability_repository_audit_purge.py ..               [ 78%]
tests/unit/test_observability_service_instrumentation.py ........        [ 80%]
tests/unit/test_oq002_domain_slo_alerts.py ...                           [ 80%]
tests/unit/test_oq012_data_retention.py FF.                              [ 81%]
tests/unit/test_pricing_redis_usage_tracker.py .                         [ 81%]
tests/unit/test_procedural_memory_service.py .F.                         [ 82%]
tests/unit/test_rag_service_telemetry.py .F...                           [ 83%]
tests/unit/test_rag_telemetry.py ...                                     [ 83%]
tests/unit/test_reasoning_protocol_module.py ..                          [ 84%]
tests/unit/test_red_team_agent_worker_role.py .                          [ 84%]
tests/unit/test_router_worker_contains_knowledge.py ........             [ 86%]
tests/unit/test_sandbox_agent.py .                                       [ 86%]
tests/unit/test_secret_memory_service.py ....                            [ 87%]
tests/unit/test_security_workflow_contracts.py .....                     [ 88%]
tests/unit/test_sg011_security_config.py ........                        [ 89%]
tests/unit/test_sg012_auth_reset_token_leak.py FFFFF                     [ 90%]
tests/unit/test_sg013_actor_binding_header_trust.py ....                 [ 91%]
tests/unit/test_sg013_scheduler_retention_jobs.py ..                     [ 92%]
tests/unit/test_sg014_workspace_authz.py FFFF                            [ 92%]
tests/unit/test_sg015_auth_rate_limit.py .F                              [ 93%]
tests/unit/test_sg016_launcher_tools_security.py ...                     [ 93%]
tests/unit/test_sg017_startup_secret_validation.py .                     [ 94%]
tests/unit/test_sg018_collaboration_workspace_status_auth.py F.          [ 94%]
tests/unit/test_sg018_secret_defaults_removed.py .F                      [ 95%]
tests/unit/test_sg019_auth_admin_cpf_allowlist.py ....                   [ 95%]
tests/unit/test_sg020_cpf_validation.py ...                              [ 96%]
tests/unit/test_taskstate_status.py ...                                  [ 97%]
tests/unit/test_technical_qa_eval_service.py ....F                       [ 98%]
tests/unit/test_user_preference_memory_service.py ...F.                  [ 99%]
tests/unit/test_vector_store_count_api.py ..F.                           [100%]

=================================== FAILURES ===================================
_________ test_get_formatted_prompt_is_tolerant_on_missing_placeholder _________

monkeypatch = <_pytest.monkeypatch.MonkeyPatch object at 0x148828d40>
caplog = <_pytest.logging.LogCaptureFixture object at 0x148828a70>

    @pytest.mark.asyncio
    async def test_get_formatted_prompt_is_tolerant_on_missing_placeholder(monkeypatch, caplog):
        async def fake_get_prompt(prompt_name: str, **kwargs):
            del prompt_name, kwargs
            return "Ola {nome}"
    
        monkeypatch.setattr(prompt_module, "get_prompt", fake_get_prompt)
    
        with caplog.at_level("ERROR"):
            result = await prompt_module.get_formatted_prompt("welcome", outro="x")
    
        assert result == "Ola {nome}"
>       assert "Variável faltando no prompt" in caplog.text
E       assert 'Variável faltando no prompt' in 'ERROR    app.core.infrastructure.prompt_loader:prompt_loader.py:296 {"prompt_name": "welcome", "error": "\'nome\'", "...10T18:01:13.115973Z", "trace_id": "-", "user_id": "-", "session_id": "-", "conversation_id": "-", "project_id": "-"}\n'
E        +  where 'ERROR    app.core.infrastructure.prompt_loader:prompt_loader.py:296 {"prompt_name": "welcome", "error": "\'nome\'", "...10T18:01:13.115973Z", "trace_id": "-", "user_id": "-", "session_id": "-", "conversation_id": "-", "project_id": "-"}\n' = <_pytest.logging.LogCaptureFixture object at 0x148828a70>.text

tests/unit/core/infrastructure/test_prompt_loader_cutover.py:63: AssertionError
----------------------------- Captured stdout call -----------------------------
{"prompt_name": "welcome", "error": "'nome'", "event": "prompt_format_variable_missing", "logger": "app.core.infrastructure.prompt_loader", "level": "error", "timestamp": "2026-04-10T18:01:13.115973Z", "trace_id": "-", "user_id": "-", "session_id": "-", "conversation_id": "-", "project_id": "-"}
------------------------------ Captured log call -------------------------------
ERROR    app.core.infrastructure.prompt_loader:prompt_loader.py:296 {"prompt_name": "welcome", "error": "'nome'", "event": "prompt_format_variable_missing", "logger": "app.core.infrastructure.prompt_loader", "level": "error", "timestamp": "2026-04-10T18:01:13.115973Z", "trace_id": "-", "user_id": "-", "session_id": "-", "conversation_id": "-", "project_id": "-"}
___________ test_index_codebase_uses_only_canonical_index_operations ___________

monkeypatch = <_pytest.monkeypatch.MonkeyPatch object at 0x1488297c0>

    @pytest.mark.asyncio
    async def test_index_codebase_uses_only_canonical_index_operations(monkeypatch):
        recorded_calls: list[tuple[str, str]] = []
    
        def fake_query(operation: str, query: str, params=None):
            recorded_calls.append((operation, query))
            if operation == "merge_calls":
                return []
            return []
    
        # Avoid filesystem traversal and AST parsing in this unit test.
        monkeypatch.setattr(kgm, "repo", type("Repo", (), {"query": staticmethod(fake_query)})())
        monkeypatch.setattr(kgm.os, "walk", lambda _: [])
    
        result = kgm.index_codebase()
    
        assert result["message"] == "Indexação e análise da base de código concluídas."
    
        allowed_ops = {"ensure_index", "cleanup_code_entities", "merge_calls"}
>       assert all(op in allowed_ops for op, _ in recorded_calls)
E       assert False
E        +  where False = all(<generator object test_index_codebase_uses_only_canonical_index_operations.<locals>.<genexpr> at 0x14880d8c0>)

tests/unit/core/memory/test_knowledge_graph_manager_indexes.py:25: AssertionError
----------------------------- Captured stdout call -----------------------------
{"event": "Iniciando varredura e an\u00e1lise da base de c\u00f3digo em '/app'...", "logger": "app.core.memory.knowledge_graph_manager", "level": "info", "legacy_event": "log_info", "timestamp": "2026-04-10T18:01:13.148059Z", "trace_id": "-", "user_id": "-", "session_id": "-", "conversation_id": "-", "project_id": "-"}
{"event": "Limpando entidades de c\u00f3digo antigas do grafo...", "logger": "app.core.memory.knowledge_graph_manager", "level": "info", "timestamp": "2026-04-10T18:01:13.148112Z", "trace_id": "-", "user_id": "-", "session_id": "-", "conversation_id": "-", "project_id": "-"}
{"event": "Primeira passada: Analisando arquivos e criando n\u00f3s de entidade...", "logger": "app.core.memory.knowledge_graph_manager", "level": "info", "timestamp": "2026-04-10T18:01:13.148149Z", "trace_id": "-", "user_id": "-", "session_id": "-", "conversation_id": "-", "project_id": "-"}
{"event": "Segunda passada: Criando rela\u00e7\u00f5es de chamada entre fun\u00e7\u00f5es...", "logger": "app.core.memory.knowledge_graph_manager", "level": "info", "timestamp": "2026-04-10T18:01:13.148185Z", "trace_id": "-", "user_id": "-", "session_id": "-", "conversation_id": "-", "project_id": "-"}
{"event": "An\u00e1lise de c\u00f3digo conclu\u00edda. 0 arquivos | 0 fun\u00e7\u00f5es | 0 classes | 0 chamadas internas criadas.", "logger": "app.core.memory.knowledge_graph_manager", "level": "info", "timestamp": "2026-04-10T18:01:13.148219Z", "trace_id": "-", "user_id": "-", "session_id": "-", "conversation_id": "-", "project_id": "-"}
------------------------------ Captured log call -------------------------------
INFO     app.core.memory.knowledge_graph_manager:knowledge_graph_manager.py:254 {"event": "Iniciando varredura e an\u00e1lise da base de c\u00f3digo em '/app'...", "logger": "app.core.memory.knowledge_graph_manager", "level": "info", "legacy_event": "log_info", "timestamp": "2026-04-10T18:01:13.148059Z", "trace_id": "-", "user_id": "-", "session_id": "-", "conversation_id": "-", "project_id": "-"}
INFO     app.core.memory.knowledge_graph_manager:knowledge_graph_manager.py:275 {"event": "Limpando entidades de c\u00f3digo antigas do grafo...", "logger": "app.core.memory.knowledge_graph_manager", "level": "info", "timestamp": "2026-04-10T18:01:13.148112Z", "trace_id": "-", "user_id": "-", "session_id": "-", "conversation_id": "-", "project_id": "-"}
INFO     app.core.memory.knowledge_graph_manager:knowledge_graph_manager.py:288 {"event": "Primeira passada: Analisando arquivos e criando n\u00f3s de entidade...", "logger": "app.core.memory.knowledge_graph_manager", "level": "info", "timestamp": "2026-04-10T18:01:13.148149Z", "trace_id": "-", "user_id": "-", "session_id": "-", "conversation_id": "-", "project_id": "-"}
INFO     app.core.memory.knowledge_graph_manager:knowledge_graph_manager.py:312 {"event": "Segunda passada: Criando rela\u00e7\u00f5es de chamada entre fun\u00e7\u00f5es...", "logger": "app.core.memory.knowledge_graph_manager", "level": "info", "timestamp": "2026-04-10T18:01:13.148185Z", "trace_id": "-", "user_id": "-", "session_id": "-", "conversation_id": "-", "project_id": "-"}
INFO     app.core.memory.knowledge_graph_manager:knowledge_graph_manager.py:341 {"event": "An\u00e1lise de c\u00f3digo conclu\u00edda. 0 arquivos | 0 fun\u00e7\u00f5es | 0 classes | 0 chamadas internas criadas.", "logger": "app.core.memory.knowledge_graph_manager", "level": "info", "timestamp": "2026-04-10T18:01:13.148219Z", "trace_id": "-", "user_id": "-", "session_id": "-", "conversation_id": "-", "project_id": "-"}
_ test_build_understanding_payload_summarizes_question_without_echoing_message _

    def test_build_understanding_payload_summarizes_question_without_echoing_message():
        payload = build_understanding_payload("Consegue imaginar uma historia para Frieren")
    
        assert payload is not None
>       assert payload["intent"] == "question"
E       AssertionError: assert 'general' == 'question'
E         
E         - question
E         + general

tests/unit/services/test_chat_message_helpers.py:16: AssertionError
___ test_render_operational_answer_uses_ollama_only_and_returns_llm_response ___

    def test_render_operational_answer_uses_ollama_only_and_returns_llm_response():
        captured = {}
        service = KnowledgeSpaceService(llm_service=SimpleNamespace())
    
        async def fake_invoke_llm(**kwargs):
            captured.update(kwargs)
            return {"response": "Ficha final baseada nas evidências."}
    
        async def fake_collect_support_points(**kwargs):
            return [
                SimpleNamespace(
                    payload={
                        "content": "Trecho de apoio com escolhas e atributos.",
                        "metadata": {"doc_role": "base", "file_name": "livro.pdf", "chunk_index": 12},
                    }
                )
            ]
    
        service._llm.invoke_llm = fake_invoke_llm
        service._collect_operational_support_points = fake_collect_support_points  # type: ignore[method-assign]
    
        result = asyncio.run(
>           service._render_operational_answer(
                    selected=[
                        {
                            "doc_role": "base",
                            "title": "Capítulo Um",
                            "section_role": "core_rules",
                            "content": "Regras para construção de personagem.",
                            "section_order": 1,
                            "rerank_score": 0.8,
                        }
                    ],
                retrieval_strategy="sequence",
                knowledge_space={"knowledge_space_id": "ks-1", "name": "KS"},
                question="Crie uma ficha completa usando as regras do livro.",
                limit=4,
                active_doc_ids={"doc-1"},
            )
        )
E       TypeError: KnowledgeSpaceService._render_operational_answer() missing 1 required keyword-only argument: 'user_id'

tests/unit/services/test_knowledge_space_service.py:1231: TypeError
_ test_collect_operational_support_points_skips_conflicting_specific_option_for_target _

    def test_collect_operational_support_points_skips_conflicting_specific_option_for_target():
        service = KnowledgeSpaceService()
    
        class FakeClient:
            async def query_points(self, **kwargs):
                doc_id = None
                for condition in kwargs["query_filter"].must:
                    if getattr(condition, "key", "") == "metadata.doc_id":
                        doc_id = condition.match.value
                return SimpleNamespace(
                    points=[
                        SimpleNamespace(
                            id=f"{doc_id}-cavaleiro",
                            payload={
                                "content": "Cavaleiro Místico é uma variante de cavaleiro com poderes próprios.",
                                "metadata": {
                                    "doc_id": doc_id,
                                    "doc_role": "supplement",
                                    "file_name": "suplemento.pdf",
                                    "chunk_index": 1,
                                    "section_title": "Classes Variantes",
                                },
                            },
                            score=0.82,
                        ),
                        SimpleNamespace(
                            id=f"{doc_id}-bardo",
                            payload={
                                "content": "Bardo Marcial é uma variante de bardo com magia performática.",
                                "metadata": {
                                    "doc_id": doc_id,
                                    "doc_role": "supplement",
                                    "file_name": "suplemento.pdf",
                                    "chunk_index": 2,
                                    "section_title": "Classes Variantes",
                                },
                            },
                            score=0.86,
                        ),
                    ]
                )
    
        import app.services.knowledge_space_service as module
    
        original_get_client = module.get_async_qdrant_client
        original_get_collection = module.aget_or_create_collection
        original_embed = module.aembed_text
        try:
            module.get_async_qdrant_client = lambda: FakeClient()
    
            async def fake_get_collection(name):
                return "col"
    
            async def fake_embed(text):
                return [0.0] * 3
    
            module.aget_or_create_collection = fake_get_collection
            module.aembed_text = fake_embed
    
            result = asyncio.run(
>               service._collect_operational_support_points(
                    knowledge_space={"knowledge_space_id": "ks-1"},
                    question="Crie uma ficha de Tormenta20 nível 1 para um cavaleiro usando o suplemento.",
                    limit=4,
                    active_doc_ids={"supp-doc"},
                    selected_sections=[
                        {
                            "doc_id": "supp-doc",
                            "doc_role": "supplement",
                            "title": "Capítulo 1: Campeões de Arton",
                            "content": "Novas classes variantes.",
                        }
                    ],
                    support_plan={
                        "steps": [
                            {
                                "label": "extensoes do suplemento",
                                "query": "cavaleiro variantes extensoes suplemento opcoes adicionais",
                                "doc_role_hint": "supplement",
                            }
                        ]
                    },
                )
            )
E           TypeError: KnowledgeSpaceService._collect_operational_support_points() missing 1 required keyword-only argument: 'user_id'

tests/unit/services/test_knowledge_space_service.py:1342: TypeError
_ test_render_operational_answer_falls_back_when_llm_response_is_low_information _

    def test_render_operational_answer_falls_back_when_llm_response_is_low_information():
        service = KnowledgeSpaceService(llm_service=SimpleNamespace())
    
        async def fake_invoke_llm(**kwargs):
            return {
                "response": (
                    "| Seção | Conteúdo |\n"
                    "|---|---|\n"
                    "| Nome |  |\n"
                    "| Poderes |  |\n"
                    "A evidência não indica. Não detalhada. Não fornecida."
                )
            }
    
        async def fake_collect_support_points(**kwargs):
            return [
                SimpleNamespace(
                    payload={
                        "content": "Cavaleiro possui poderes e equipamentos específicos para o papel marcial.",
                        "metadata": {
                            "doc_role": "base",
                            "file_name": "livro.pdf",
                            "chunk_index": 12,
                            "_janus_support_entities": ["cavaleiro"],
                            "_janus_support_matched_entities": 1,
                            "_janus_support_conflicting_entities": 0,
                        },
                    }
                )
            ]
    
        async def fake_plan_support(**kwargs):
            return {
                "steps": [{"label": "alvo principal", "query": "cavaleiro", "doc_role_hint": "base"}],
                "user_decisions": ["Escolher raça e origem válidas."],
                "source_gaps": [],
            }
    
        service._llm.invoke_llm = fake_invoke_llm
        service._collect_operational_support_points = fake_collect_support_points  # type: ignore[method-assign]
        service._plan_operational_support = fake_plan_support  # type: ignore[method-assign]
    
        result = asyncio.run(
>           service._render_operational_answer(
                selected=[
                    {
                        "doc_role": "base",
                        "title": "Capítulo Um",
                        "section_role": "core_rules",
                        "content": "Criação de personagem e classe cavaleiro.",
                        "section_order": 1,
                        "rerank_score": 0.8,
                        "matched_entities": 1,
                        "target_term_overlap": 1,
                        "target_phrase_overlap": 1,
                    }
                ],
                retrieval_strategy="sequence",
                knowledge_space={"knowledge_space_id": "ks-1", "name": "KS"},
                question="Crie uma ficha de Tormenta20 nível 1 para um cavaleiro.",
                limit=4,
                active_doc_ids={"doc-1"},
            )
        )
E       TypeError: KnowledgeSpaceService._render_operational_answer() missing 1 required keyword-only argument: 'user_id'

tests/unit/services/test_knowledge_space_service.py:1733: TypeError
_______ test_query_canonical_returns_task_strategy_for_execution_queries _______

    def test_query_canonical_returns_task_strategy_for_execution_queries():
        service = KnowledgeSpaceService(llm_service=SimpleNamespace())
    
        async def fake_collect_support_points(**kwargs):
            return []
    
        async def fake_render_operational_answer(**kwargs):
            return "Artefato final grounded."
    
        service._collect_operational_support_points = fake_collect_support_points  # type: ignore[method-assign]
        service._render_operational_answer = fake_render_operational_answer  # type: ignore[method-assign]
        service._select_canonical_candidates = lambda **kwargs: [  # type: ignore[method-assign]
            {
                "point": SimpleNamespace(
                    id="p-1",
                    payload={
                        "content": "Regras para construção de personagem.",
                        "metadata": {
                            "doc_id": "doc-1",
                            "file_name": "livro.pdf",
                            "section_title": "Capítulo Um",
                            "doc_role": "base",
                            "section_role": "core_rules",
                        },
                    },
                    score=0.77,
                ),
                "doc_role": "base",
                "section_role": "core_rules",
                "title": "Capítulo Um",
                "content": "Regras para construção de personagem.",
                "lexical_overlap": 2,
            }
        ]
    
        class FakeClient:
            async def query_points(self, **kwargs):
                return SimpleNamespace(points=[])
    
        import app.services.knowledge_space_service as module
    
        original_get_client = module.get_async_qdrant_client
        original_get_collection = module.aget_or_create_collection
        original_embed = module.aembed_text
        try:
            module.get_async_qdrant_client = lambda: FakeClient()
            async def fake_get_collection(name):
                return "col"
            async def fake_embed(text):
                return [0.0] * 3
            module.aget_or_create_collection = fake_get_collection
            module.aembed_text = fake_embed
            service._scroll_points = fake_collect_support_points  # type: ignore[method-assign]
    
            result = asyncio.run(
>               service._query_canonical(
                    knowledge_space={"knowledge_space_id": "ks-1", "name": "KS"},
                    question="Crie uma ficha completa usando as regras do livro.",
                    limit=4,
                    active_doc_ids={"doc-1"},
                )
            )
E           TypeError: KnowledgeSpaceService._query_canonical() missing 1 required keyword-only argument: 'user_id'

tests/unit/services/test_knowledge_space_service.py:1868: TypeError
_ test_collect_operational_support_points_targets_selected_docs_without_scroll_for_tasks _

    def test_collect_operational_support_points_targets_selected_docs_without_scroll_for_tasks():
        service = KnowledgeSpaceService()
    
        class FakeClient:
            def __init__(self):
                self.calls = []
    
            async def query_points(self, **kwargs):
                self.calls.append(kwargs)
                doc_id = None
                for condition in kwargs["query_filter"].must:
                    if getattr(condition, "key", "") == "metadata.doc_id":
                        doc_id = condition.match.value
                return SimpleNamespace(
                    points=[
                        SimpleNamespace(
                            id=f"p-{doc_id}",
                            payload={
                                "content": f"Trecho do documento {doc_id}",
                                "metadata": {
                                    "doc_id": doc_id,
                                    "doc_role": "base" if doc_id == "base-doc" else "supplement",
                                    "file_name": f"{doc_id}.pdf",
                                    "chunk_index": 1,
                                },
                            },
                            score=0.8,
                        )
                    ]
                )
    
        import app.services.knowledge_space_service as module
    
        original_get_client = module.get_async_qdrant_client
        original_get_collection = module.aget_or_create_collection
        original_embed = module.aembed_text
        try:
            fake_client = FakeClient()
            module.get_async_qdrant_client = lambda: fake_client
    
            async def fake_get_collection(name):
                return "col"
    
            async def fake_embed(text):
                return [0.0] * 3
    
            module.aget_or_create_collection = fake_get_collection
            module.aembed_text = fake_embed
    
            async def fail_scroll(**kwargs):
                raise AssertionError("scroll should not be used for targeted task support")
    
            service._scroll_points = fail_scroll  # type: ignore[method-assign]
    
            result = asyncio.run(
>               service._collect_operational_support_points(
                    knowledge_space={"knowledge_space_id": "ks-1"},
                    question="Crie uma ficha completa com base nas regras do livro.",
                    limit=4,
                    active_doc_ids={"base-doc", "supp-doc"},
                    selected_sections=[
                        {"doc_id": "base-doc", "doc_role": "base", "title": "Capítulo Um", "content": "Criação."},
                        {"doc_id": "supp-doc", "doc_role": "supplement", "title": "Campeões de Arton", "content": "Novas opções."},
                    ],
                )
            )
E           TypeError: KnowledgeSpaceService._collect_operational_support_points() missing 1 required keyword-only argument: 'user_id'

tests/unit/services/test_knowledge_space_service.py:1939: TypeError
_ test_query_space_skips_auto_canonical_when_ready_space_has_no_canonical_metrics _

    def test_query_space_skips_auto_canonical_when_ready_space_has_no_canonical_metrics():
        service = KnowledgeSpaceService()
        service.get_space = lambda **kwargs: {  # type: ignore[method-assign]
            "knowledge_space_id": "ks-1",
            "consolidation_status": "ready",
            "canonical_frames_total": 0,
            "sections_indexed": 0,
        }
        service._manifest_repo = SimpleNamespace(list_manifests=lambda **kwargs: [])
        called = {"canonical": False}
    
        async def fake_canonical(**kwargs):
            called["canonical"] = True
            return {"mode_used": "canonical_answer", "citations": [{"doc_id": "doc-1"}]}
    
        async def fake_quick(**kwargs):
            return {
                "answer": "quick",
                "mode_used": "quick_lookup",
                "base_used": "chunk_only",
                "answer_strategy": "locator",
                "source_scope": {"knowledge_space_id": "ks-1"},
                "citations": [],
                "confidence": 0.4,
                "gaps_or_conflicts": [],
            }
    
        service._query_canonical = fake_canonical  # type: ignore[method-assign]
        service._query_quick_lookup = fake_quick  # type: ignore[method-assign]
    
        result = asyncio.run(
>           service.query_space(
                knowledge_space_id="ks-1",
                question="Como o suplemento amplia a regra base",
                mode="auto",
                limit=5,
            )
        )
E       TypeError: KnowledgeSpaceService.query_space() missing 1 required keyword-only argument: 'user_id'

tests/unit/services/test_knowledge_space_service.py:1997: TypeError
_____________ test_query_space_falls_back_when_canonical_times_out _____________

    def test_query_space_falls_back_when_canonical_times_out():
        service = KnowledgeSpaceService()
        service.get_space = lambda **kwargs: {  # type: ignore[method-assign]
            "knowledge_space_id": "ks-1",
            "consolidation_status": "ready",
            "canonical_frames_total": 4,
            "sections_indexed": 8,
        }
        service._manifest_repo = SimpleNamespace(list_manifests=lambda **kwargs: [])
    
        async def fake_canonical(**kwargs):
            await asyncio.sleep(0.05)
            return {"mode_used": "canonical_answer", "citations": [{"doc_id": "doc-1"}]}
    
        async def fake_quick(**kwargs):
            return {
                "answer": "quick",
                "mode_used": "quick_lookup",
                "base_used": "chunk_only",
                "answer_strategy": "locator",
                "source_scope": {"knowledge_space_id": "ks-1"},
                "citations": [],
                "confidence": 0.4,
                "gaps_or_conflicts": [],
            }
    
        service._query_canonical = fake_canonical  # type: ignore[method-assign]
        service._query_quick_lookup = fake_quick  # type: ignore[method-assign]
    
        previous = os.environ.get("KNOWLEDGE_SPACE_CANONICAL_TIMEOUT_SECONDS")
        os.environ["KNOWLEDGE_SPACE_CANONICAL_TIMEOUT_SECONDS"] = "0.01"
        try:
            result = asyncio.run(
>               service.query_space(
                    knowledge_space_id="ks-1",
                    question="Modo canônico explícito",
                    mode="canonical_answer",
                    limit=5,
                )
            )
E           TypeError: KnowledgeSpaceService.query_space() missing 1 required keyword-only argument: 'user_id'

tests/unit/services/test_knowledge_space_service.py:2042: TypeError
______ test_query_space_uses_extended_timeout_for_task_execution_queries _______

    def test_query_space_uses_extended_timeout_for_task_execution_queries():
        service = KnowledgeSpaceService()
        service.get_space = lambda **kwargs: {  # type: ignore[method-assign]
            "knowledge_space_id": "ks-1",
            "consolidation_status": "ready",
            "canonical_frames_total": 4,
            "sections_indexed": 8,
        }
        service._manifest_repo = SimpleNamespace(list_manifests=lambda **kwargs: [])
    
        async def fake_canonical(**kwargs):
            await asyncio.sleep(0.05)
            return {
                "answer": "artefato grounded",
                "mode_used": "canonical_answer",
                "base_used": "consolidated",
                "answer_strategy": "task",
                "source_scope": {"knowledge_space_id": "ks-1"},
                "citations": [{"doc_id": "doc-1"}],
                "confidence": 0.8,
                "gaps_or_conflicts": [],
                "evidence_count": 1,
                "source_roles_used": ["base"],
            }
    
        async def fake_quick(**kwargs):
            return {
                "answer": "quick",
                "mode_used": "quick_lookup",
                "base_used": "chunk_only",
                "answer_strategy": "locator",
                "source_scope": {"knowledge_space_id": "ks-1"},
                "citations": [],
                "confidence": 0.4,
                "gaps_or_conflicts": [],
            }
    
        service._query_canonical = fake_canonical  # type: ignore[method-assign]
        service._query_quick_lookup = fake_quick  # type: ignore[method-assign]
    
        previous_timeout = os.environ.get("KNOWLEDGE_SPACE_CANONICAL_TIMEOUT_SECONDS")
        previous_task_timeout = os.environ.get("KNOWLEDGE_SPACE_TASK_TIMEOUT_SECONDS")
        os.environ["KNOWLEDGE_SPACE_CANONICAL_TIMEOUT_SECONDS"] = "0.01"
        os.environ["KNOWLEDGE_SPACE_TASK_TIMEOUT_SECONDS"] = "0.2"
        try:
            result = asyncio.run(
>               service.query_space(
                    knowledge_space_id="ks-1",
                    question="Crie uma ficha completa usando as regras do livro.",
                    mode="canonical_answer",
                    limit=5,
                )
            )
E           TypeError: KnowledgeSpaceService.query_space() missing 1 required keyword-only argument: 'user_id'

tests/unit/services/test_knowledge_space_service.py:2105: TypeError
________ test_estimate_query_timing_marks_task_queries_as_deep_and_slow ________

    def test_estimate_query_timing_marks_task_queries_as_deep_and_slow():
        service = KnowledgeSpaceService()
        service.get_space = lambda **kwargs: {  # type: ignore[method-assign]
            "knowledge_space_id": "ks-1",
            "name": "KS",
            "sections_indexed": 580,
            "documents_indexed": 2,
        }
    
>       hint = service.estimate_query_timing(
            knowledge_space_id="ks-1",
            question="Crie uma ficha completa usando o livro base e o suplemento.",
            mode="auto",
        )
E       TypeError: KnowledgeSpaceService.estimate_query_timing() missing 1 required keyword-only argument: 'user_id'

tests/unit/services/test_knowledge_space_service.py:2132: TypeError
________________ test_active_memory_prioritizes_secret_capture _________________

monkeypatch = <_pytest.monkeypatch.MonkeyPatch object at 0x14889c530>

    @pytest.mark.asyncio
    async def test_active_memory_prioritizes_secret_capture(monkeypatch):
        svc = ActiveMemoryService()
    
        async def _secret(**kwargs):
            return {"status": "created", "id": "sec-1"}
    
        async def _procedural(**kwargs):
            raise AssertionError("procedural should not run after secret capture")
    
        async def _semantic(**kwargs):
            raise AssertionError("semantic should not run after secret capture")
    
        monkeypatch.setattr(
            "app.services.active_memory_service.secret_memory_service.maybe_capture_from_message",
            _secret,
        )
        monkeypatch.setattr(
            "app.services.active_memory_service.procedural_memory_service.maybe_capture_from_message",
            _procedural,
        )
        monkeypatch.setattr(
            "app.services.active_memory_service.user_preference_memory_service.maybe_capture_from_message",
            _semantic,
        )
    
>       result = await svc.maybe_capture_from_message(
            message="Minha senha do Wi-Fi é Abc12345",
            conversation_id="c-1",
        )
E       TypeError: ActiveMemoryService.maybe_capture_from_message() missing 1 required keyword-only argument: 'user_id'

tests/unit/test_active_memory_service.py:32: TypeError
____________ test_ingest_file_includes_semantic_metadata_in_payload ____________

monkeypatch = <_pytest.monkeypatch.MonkeyPatch object at 0x14882bef0>

    @pytest.mark.asyncio
    async def test_ingest_file_includes_semantic_metadata_in_payload(monkeypatch):
        monkeypatch.setattr(settings, "AI_DOC_ENRICHMENT_ENABLED", True)
    
        fake_client = _FakeQdrantClient()
    
        async def _fake_embed_texts(chunks):
            return [[0.1, 0.2, 0.3] for _ in chunks]
    
        async def _fake_get_collection(_name):
            return "user_u-1"
    
        monkeypatch.setattr(document_module, "aembed_texts", _fake_embed_texts)
        monkeypatch.setattr(document_module, "aget_or_create_collection", _fake_get_collection)
        monkeypatch.setattr(document_module, "get_async_qdrant_client", lambda: fake_client)
    
        service = DocumentIngestionService(memory_service=object())
        service._parser.parse = lambda *_args, **_kwargs: (
            "Privacy policy objetivo: explicar uso de dados e conformidade LGPD. "
            "Contato legal@janus.ai. URL https://janus.ai/privacy."
        )
    
>       result = await service.ingest_file(
            filename="privacy.txt",
            content_type="text/plain",
            data=b"fake",
            conversation_id="c-1",
        )
E       TypeError: DocumentIngestionService.ingest_file() missing 1 required positional argument: 'user_id'

tests/unit/test_ai016_document_semantic_enrichment.py:93: TypeError
_________________ test_autonomy_admin_requires_authentication __________________

monkeypatch = <_pytest.monkeypatch.MonkeyPatch object at 0x1495318b0>

    def test_autonomy_admin_requires_authentication(monkeypatch):
>       client = _build_client(monkeypatch, admin_ids={1})
                 ^^^^^^^^^^^^^^^^^^^^^^^^^^^^^^^^^^^^^^^^^

tests/unit/test_autonomy_admin_authz.py:65: 
_ _ _ _ _ _ _ _ _ _ _ _ _ _ _ _ _ _ _ _ _ _ _ _ _ _ _ _ _ _ _ _ _ _ _ _ _ _ _ _ 

monkeypatch = <_pytest.monkeypatch.MonkeyPatch object at 0x1495318b0>
admin_ids = {1}

    def _build_client(monkeypatch, admin_ids: set[int] | None = None) -> TestClient:
        admin_ids = admin_ids or set()
        app = FastAPI()
        app.include_router(autonomy_admin_router, prefix="/api/v1/autonomy/admin")
        app.dependency_overrides[get_autonomy_admin_service] = lambda: _AdminServiceStub()
    
        class _Repo:
            def is_admin(self, user_id: int) -> bool:
                return user_id in admin_ids
    
>       monkeypatch.setattr(request_guard, "UserRepository", lambda: _Repo())
E       AttributeError: <module 'app.core.security.request_guard' from '/Users/arthurparaiso/repos/janus-completo/backend/app/core/security/request_guard.py'> has no attribute 'UserRepository'

tests/unit/test_autonomy_admin_authz.py:52: AttributeError
___________________ test_autonomy_admin_requires_admin_role ____________________

monkeypatch = <_pytest.monkeypatch.MonkeyPatch object at 0x149810650>

    def test_autonomy_admin_requires_admin_role(monkeypatch):
>       client = _build_client(monkeypatch, admin_ids={99})
                 ^^^^^^^^^^^^^^^^^^^^^^^^^^^^^^^^^^^^^^^^^^

tests/unit/test_autonomy_admin_authz.py:71: 
_ _ _ _ _ _ _ _ _ _ _ _ _ _ _ _ _ _ _ _ _ _ _ _ _ _ _ _ _ _ _ _ _ _ _ _ _ _ _ _ 

monkeypatch = <_pytest.monkeypatch.MonkeyPatch object at 0x149810650>
admin_ids = {99}

    def _build_client(monkeypatch, admin_ids: set[int] | None = None) -> TestClient:
        admin_ids = admin_ids or set()
        app = FastAPI()
        app.include_router(autonomy_admin_router, prefix="/api/v1/autonomy/admin")
        app.dependency_overrides[get_autonomy_admin_service] = lambda: _AdminServiceStub()
    
        class _Repo:
            def is_admin(self, user_id: int) -> bool:
                return user_id in admin_ids
    
>       monkeypatch.setattr(request_guard, "UserRepository", lambda: _Repo())
E       AttributeError: <module 'app.core.security.request_guard' from '/Users/arthurparaiso/repos/janus-completo/backend/app/core/security/request_guard.py'> has no attribute 'UserRepository'

tests/unit/test_autonomy_admin_authz.py:52: AttributeError
_______________________ test_autonomy_admin_allows_admin _______________________

monkeypatch = <_pytest.monkeypatch.MonkeyPatch object at 0x14983cb30>

    def test_autonomy_admin_allows_admin(monkeypatch):
>       client = _build_client(monkeypatch, admin_ids={10})
                 ^^^^^^^^^^^^^^^^^^^^^^^^^^^^^^^^^^^^^^^^^^

tests/unit/test_autonomy_admin_authz.py:80: 
_ _ _ _ _ _ _ _ _ _ _ _ _ _ _ _ _ _ _ _ _ _ _ _ _ _ _ _ _ _ _ _ _ _ _ _ _ _ _ _ 

monkeypatch = <_pytest.monkeypatch.MonkeyPatch object at 0x14983cb30>
admin_ids = {10}

    def _build_client(monkeypatch, admin_ids: set[int] | None = None) -> TestClient:
        admin_ids = admin_ids or set()
        app = FastAPI()
        app.include_router(autonomy_admin_router, prefix="/api/v1/autonomy/admin")
        app.dependency_overrides[get_autonomy_admin_service] = lambda: _AdminServiceStub()
    
        class _Repo:
            def is_admin(self, user_id: int) -> bool:
                return user_id in admin_ids
    
>       monkeypatch.setattr(request_guard, "UserRepository", lambda: _Repo())
E       AttributeError: <module 'app.core.security.request_guard' from '/Users/arthurparaiso/repos/janus-completo/backend/app/core/security/request_guard.py'> has no attribute 'UserRepository'

tests/unit/test_autonomy_admin_authz.py:52: AttributeError
_________ test_recall_self_study_memories_prefers_linked_code_summary __________

monkeypatch = <_pytest.monkeypatch.MonkeyPatch object at 0x149812450>

    @pytest.mark.asyncio
    async def test_recall_self_study_memories_prefers_linked_code_summary(monkeypatch):
        service = _new_service(citations=[])
        filters_seen: list[dict[str, object]] = []
    
        class _MemoryDb:
            async def arecall_filtered(self, *, query, filters, limit, min_score):
                del query, limit, min_score
                filters_seen.append(filters)
                if filters.get("neo4j_sync_status") == "linked":
                    return []
                return [
                    SimpleNamespace(
                        content="Resumo forte",
                        metadata={
                            "file_path": "backend/app/services/example.py",
                            "captured_at": 123,
                        },
                        score=0.8,
                    )
                ]
    
        async def _fake_get_memory_db():
            return _MemoryDb()
    
        monkeypatch.setattr(autonomy_admin_module, "get_memory_db", _fake_get_memory_db)
    
        rows = await service._recall_self_study_memories(question="example")
    
>       assert len(rows) == 1
E       assert 0 == 1
E        +  where 0 = len([])

tests/unit/test_autonomy_admin_service_scope.py:746: AssertionError
----------------------------- Captured stdout call -----------------------------
{"error": "KnowledgeRoutingPolicy.resolve() got an unexpected keyword argument 'user_id'", "event": "admin_code_qa_self_study_qdrant_failed", "logger": "app.services.autonomy_admin_service", "level": "warning", "timestamp": "2026-04-10T18:01:13.900278Z", "trace_id": "-", "user_id": "-", "session_id": "-", "conversation_id": "-", "project_id": "-"}
------------------------------ Captured log call -------------------------------
WARNING  app.services.autonomy_admin_service:autonomy_admin_service.py:1707 {"error": "KnowledgeRoutingPolicy.resolve() got an unexpected keyword argument 'user_id'", "event": "admin_code_qa_self_study_qdrant_failed", "logger": "app.services.autonomy_admin_service", "level": "warning", "timestamp": "2026-04-10T18:01:13.900278Z", "trace_id": "-", "user_id": "-", "session_id": "-", "conversation_id": "-", "project_id": "-"}
_________________________ test_make_scope_key_variants _________________________

    def test_make_scope_key_variants():
>       assert AutonomyLockService.make_scope_key(project_id=None) == "global"
               ^^^^^^^^^^^^^^^^^^^^^^^^^^^^^^^^^^^^^^^^^^^^^^^^^^^
E       TypeError: AutonomyLockService.make_scope_key() missing 1 required keyword-only argument: 'user_id'

tests/unit/test_autonomy_lock_service.py:58: TypeError
_________ test_build_confirmation_payload_requires_real_pending_action _________

    def test_build_confirmation_payload_requires_real_pending_action() -> None:
        assert build_confirmation_payload(pending_action_id=None, reason=None) is None
        assert build_confirmation_payload(pending_action_id=None, reason="None") is None
>       assert build_confirmation_payload(pending_action_id=None, reason="high_risk") is None
E       AssertionError: assert {'reason': 'high_risk', 'required': True, 'source': 'heuristic'} is None
E        +  where {'reason': 'high_risk', 'required': True, 'source': 'heuristic'} = build_confirmation_payload(pending_action_id=None, reason='high_risk')

tests/unit/test_chat_contracts_confirmation.py:13: AssertionError
________ test_maybe_create_fallback_pending_action_from_pending_marker _________

monkeypatch = <_pytest.monkeypatch.MonkeyPatch object at 0x149655940>

    def test_maybe_create_fallback_pending_action_from_pending_marker(monkeypatch) -> None:
        class FakePending:
            id = 42
    
        class FakeRepo:
            def create(self, **kwargs):
                assert kwargs["user_id"] == "9"
                assert kwargs["tool_name"] == "chat_high_risk_request"
                assert "chat_confirmation_fallback" in kwargs["args_json"]
                return FakePending()
    
        monkeypatch.setattr(
            "app.repositories.pending_action_repository.PendingActionRepository",
            lambda: FakeRepo(),
        )
    
        pending_id, reason = maybe_create_fallback_pending_action(
            message="gere uma acao pendente",
            assistant_response="pending_action_id: clean_tmp_001",
            conversation_id="conv-123",
            existing_pending_action_id=None,
            understanding={"intent": "action_request"},
        )
    
>       assert pending_id == 42
E       assert None == 42

tests/unit/test_chat_contracts_confirmation.py:70: AssertionError
_________ test_resolve_authenticated_user_context_strict_requires_auth _________

monkeypatch = <_pytest.monkeypatch.MonkeyPatch object at 0x14967bb30>

    def test_resolve_authenticated_user_context_strict_requires_auth(monkeypatch):
        monkeypatch.setenv("CHAT_AUTH_ENFORCE_REQUIRED", "1")
        http = _DummyRequest(actor_user_id=None, headers={})
    
>       ctx = chat_deps.resolve_authenticated_user_context(
            http,
            explicit_user_id=None,
            allow_anonymous_fallback=True,
            endpoint_label="/api/v1/chat/message",
        )

tests/unit/test_chat_deps_identity.py:24: 
_ _ _ _ _ _ _ _ _ _ _ _ _ _ _ _ _ _ _ _ _ _ _ _ _ _ _ _ _ _ _ _ _ _ _ _ _ _ _ _ 

http = <test_chat_deps_identity._DummyRequest object at 0x14967bd10>
explicit_user_id = None

    def resolve_authenticated_user_context(
        http: Request | None,
        explicit_user_id: str | None,
        *,
        allow_anonymous_fallback: bool = False,
        endpoint_label: str = "/api/v1/chat",
    ) -> ChatIdentityResolution:
        """Resolve chat identity with support for transition mode and enforcement mode.
    
        identity_source:
        - explicit: explicit user_id param/body accepted
        - actor: authenticated actor (bearer)
        - header: X-User-Id fallback accepted in transition
        - anonymous: anonymous fallback accepted in transition
        - unknown: unresolved
        """
        enforce = _chat_auth_enforced()
        warn = _chat_transition_warn()
        auth_present = _auth_header_present(http)
        actor = actor_user_id(http)
        xuid = _x_user_id_header(http)
        explicit = str(explicit_user_id).strip() if explicit_user_id else None
    
        # Strict mode: require authenticated actor (Authorization-derived)
        if enforce:
            if actor and auth_present:
                if explicit and explicit != actor:
                    # Ignore mismatched client-claimed user and trust authenticated actor.
                    return ChatIdentityResolution(
                        user_id=actor,
                        identity_source="actor",
                        auth_present=True,
                        authenticated=True,
                    )
                if explicit and explicit == actor:
                    return ChatIdentityResolution(
                        user_id=actor,
                        identity_source="explicit",
                        auth_present=True,
                        authenticated=True,
                    )
                return ChatIdentityResolution(
                    user_id=actor,
                    identity_source="actor",
                    auth_present=True,
                    authenticated=True,
                )
>           return ChatIdentityResolution(
                user_id=None,
                identity_source="unknown",
                auth_present=auth_present or bool(xuid),
                authenticated=False,
            )
E           TypeError: ChatIdentityResolution.__init__() got an unexpected keyword argument 'user_id'

app/api/v1/endpoints/chat/deps.py:160: TypeError
______ test_resolve_authenticated_user_context_transition_accepts_header _______

monkeypatch = <_pytest.monkeypatch.MonkeyPatch object at 0x14967ae40>

    def test_resolve_authenticated_user_context_transition_accepts_header(monkeypatch):
        monkeypatch.setenv("CHAT_AUTH_ENFORCE_REQUIRED", "0")
        monkeypatch.setenv("CHAT_AUTH_TRANSITION_WARN", "0")
        http = _DummyRequest(actor_user_id="u-123", headers={"X-User-Id": "u-123"})
    
>       ctx = chat_deps.resolve_authenticated_user_context(
            http,
            explicit_user_id=None,
            allow_anonymous_fallback=False,
            endpoint_label="/api/v1/chat/stream",
        )

tests/unit/test_chat_deps_identity.py:41: 
_ _ _ _ _ _ _ _ _ _ _ _ _ _ _ _ _ _ _ _ _ _ _ _ _ _ _ _ _ _ _ _ _ _ _ _ _ _ _ _ 

http = <test_chat_deps_identity._DummyRequest object at 0x14967a420>
explicit_user_id = None

    def resolve_authenticated_user_context(
        http: Request | None,
        explicit_user_id: str | None,
        *,
        allow_anonymous_fallback: bool = False,
        endpoint_label: str = "/api/v1/chat",
    ) -> ChatIdentityResolution:
        """Resolve chat identity with support for transition mode and enforcement mode.
    
        identity_source:
        - explicit: explicit user_id param/body accepted
        - actor: authenticated actor (bearer)
        - header: X-User-Id fallback accepted in transition
        - anonymous: anonymous fallback accepted in transition
        - unknown: unresolved
        """
        enforce = _chat_auth_enforced()
        warn = _chat_transition_warn()
        auth_present = _auth_header_present(http)
        actor = actor_user_id(http)
        xuid = _x_user_id_header(http)
        explicit = str(explicit_user_id).strip() if explicit_user_id else None
    
        # Strict mode: require authenticated actor (Authorization-derived)
        if enforce:
            if actor and auth_present:
                if explicit and explicit != actor:
                    # Ignore mismatched client-claimed user and trust authenticated actor.
                    return ChatIdentityResolution(
                        user_id=actor,
                        identity_source="actor",
                        auth_present=True,
                        authenticated=True,
                    )
                if explicit and explicit == actor:
                    return ChatIdentityResolution(
                        user_id=actor,
                        identity_source="explicit",
                        auth_present=True,
                        authenticated=True,
                    )
                return ChatIdentityResolution(
                    user_id=actor,
                    identity_source="actor",
                    auth_present=True,
                    authenticated=True,
                )
            return ChatIdentityResolution(
                user_id=None,
                identity_source="unknown",
                auth_present=auth_present or bool(xuid),
                authenticated=False,
            )
    
        # Transition mode: preserve compatibility, but emit deprecation-worthy resolutions.
        if actor and auth_present:
            if explicit and explicit == actor:
                return ChatIdentityResolution(
                    user_id=actor,
                    identity_source="explicit",
                    auth_present=True,
                    authenticated=True,
                )
            return ChatIdentityResolution(
                user_id=actor,
                identity_source="actor",
                auth_present=True,
                authenticated=True,
            )
    
        if explicit:
            if warn:
                import structlog
    
                structlog.get_logger(__name__).warning(
                    "chat_identity_deprecated_explicit_user_id",
                    endpoint=endpoint_label,
                )
            return ChatIdentityResolution(
                user_id=explicit,
                identity_source="explicit",
                auth_present=auth_present,
                authenticated=False,
            )
    
        if actor:
            # actor set without auth header usually means dev X-User-Id trust path.
            source = "header" if xuid else "actor"
            if warn and source == "header":
                import structlog
    
                structlog.get_logger(__name__).warning(
                    "chat_identity_deprecated_x_user_id_header",
                    endpoint=endpoint_label,
                )
>           return ChatIdentityResolution(
                user_id=actor,
                identity_source=source,
                auth_present=auth_present or bool(xuid),
                authenticated=False,
            )
E           TypeError: ChatIdentityResolution.__init__() got an unexpected keyword argument 'user_id'

app/api/v1/endpoints/chat/deps.py:208: TypeError
___________________ test_stream_message_emits_token_and_done ___________________

    @pytest.mark.asyncio
    async def test_stream_message_emits_token_and_done():
        repo = ChatRepositorySQL()
        svc = ChatService(repo, DummyLLM(), None)
>       cid = svc.start_conversation("assistant", None, None)
              ^^^^^^^^^^^^^^^^^^^^^^^^^^^^^^^^^^^^^^^^^^^^^^^
E       TypeError: ChatService.start_conversation() takes 3 positional arguments but 4 were given

tests/unit/test_chat_service_stream.py:28: TypeError
__________________ test_stream_message_rejects_large_message ___________________

    @pytest.mark.asyncio
    async def test_stream_message_rejects_large_message():
        import os
        os.environ["CHAT_MAX_MESSAGE_BYTES"] = "10240"
        repo = ChatRepositorySQL()
        svc = ChatService(repo, DummyLLM(), None)
>       cid = svc.start_conversation("assistant", None, None)
              ^^^^^^^^^^^^^^^^^^^^^^^^^^^^^^^^^^^^^^^^^^^^^^^
E       TypeError: ChatService.start_conversation() takes 3 positional arguments but 4 were given

tests/unit/test_chat_service_stream.py:41: TypeError
_______________________ test_utf8_and_heartbeat_emission _______________________

    @pytest.mark.asyncio
    async def test_utf8_and_heartbeat_emission():
        os.environ["CHAT_HEARTBEAT_INTERVAL_SECONDS"] = "1"
        repo = ChatRepositorySQL()
        svc = ChatService(repo, DummyLLM(), None)
>       cid = svc.start_conversation("assistant", None, None)
              ^^^^^^^^^^^^^^^^^^^^^^^^^^^^^^^^^^^^^^^^^^^^^^^
E       TypeError: ChatService.start_conversation() takes 3 positional arguments but 4 were given

tests/unit/test_chat_service_utf8_heartbeat.py:27: TypeError
____________ test_streaming_service_emits_protocol_partial_and_done ____________

    @pytest.mark.asyncio
    async def test_streaming_service_emits_protocol_partial_and_done():
        repo = _FakeRepo()
        convo_service = ConversationService(repo)
        msg_orch = _FakeMessageOrchestration()
        streaming = StreamingService(
            repo=repo,
            llm_service=_FakeLLM(),
            tool_service=None,
            prompt_service=_FakePromptService(),
            rag_service=None,
            conversation_service=convo_service,
            message_orchestration_service=msg_orch,
        )
    
>       lines = [
            line
            async for line in streaming.stream_message(
                conversation_id="conv-1",
                message="hello",
                role=ModelRole.ORCHESTRATOR,
                priority=ModelPriority.FAST_AND_CHEAP,
            )
        ]

tests/unit/test_chat_streaming_service.py:169: 
_ _ _ _ _ _ _ _ _ _ _ _ _ _ _ _ _ _ _ _ _ _ _ _ _ _ _ _ _ _ _ _ _ _ _ _ _ _ _ _ 

self = <app.services.chat.streaming_service.StreamingService object at 0x1495e2510>
conversation_id = 'conv-1', message = 'hello'
role = <ModelRole.ORCHESTRATOR: 'orchestrator'>
priority = <ModelPriority.FAST_AND_CHEAP: 'fast_and_cheap'>
timeout_seconds = None, user_id = None, project_id = None
knowledge_space_id = None, identity_source = 'unknown', requested_role = None
routing_decision = None, route_applied = None

    async def stream_message(
        self,
        conversation_id: str,
        message: str,
        role: ModelRole | None = None,
        priority: ModelPriority | None = None,
        timeout_seconds: int | None = None,
        user_id: str | None = None,
        project_id: str | None = None,
        knowledge_space_id: str | None = None,
        identity_source: str = "unknown",
        requested_role: str | None = None,
        routing_decision: Any | None = None,
        route_applied: bool | None = None,
    ):
        role = role or ModelRole.ORCHESTRATOR
        priority = priority or ModelPriority.HIGH_QUALITY
    
        max_bytes = int(os.getenv("CHAT_MAX_MESSAGE_BYTES", str(10 * 1024)))
        default_timeout = int(os.getenv("CHAT_DEFAULT_TIMEOUT_SECONDS", "30"))
        heartbeat_interval = int(os.getenv("CHAT_HEARTBEAT_INTERVAL_SECONDS", "30"))
        protocol_version = os.getenv("CHAT_SSE_PROTOCOL_VERSION", "2025-11.v1")
        deprecate_partial_at = os.getenv("CHAT_SSE_PARTIAL_DEPRECATE_AT", "2026-03-01")
    
        try:
            if message and len(message.encode("utf-8")) > max_bytes:
                err = json.dumps(
                    chat_sse_error_payload(
                        code="CHAT_MESSAGE_TOO_LARGE",
                        message="Message too large",
                        category="validation",
                        retryable=False,
                        http_status=413,
                    ),
                    ensure_ascii=False,
                )
                yield f"event: error\ndata: {err}\n\n"
                return
        except Exception:
            pass
    
        understanding = build_understanding_payload(message)
        try:
            conv = self._repo.get_conversation(conversation_id)
>           self._conversation_service.validate_conversation_access(
                conversation_id, conv, user_id, project_id
            )
E           TypeError: ConversationService.validate_conversation_access() takes 4 positional arguments but 5 were given

app/services/chat/streaming_service.py:110: TypeError
__ test_streaming_service_sse_high_risk_emits_confirmation_and_waiting_state ___

monkeypatch = <_pytest.monkeypatch.MonkeyPatch object at 0x149678800>

    @pytest.mark.asyncio
    async def test_streaming_service_sse_high_risk_emits_confirmation_and_waiting_state(monkeypatch):
        repo = _FakeRepo()
        convo_service = ConversationService(repo)
        msg_orch = _FakeMessageOrchestration()
        streaming = StreamingService(
            repo=repo,
            llm_service=_FakeLLM(),
            tool_service=None,
            prompt_service=_FakePromptService(),
            rag_service=None,
            conversation_service=convo_service,
            message_orchestration_service=msg_orch,
        )
    
        def _fake_fallback_pending_action(**kwargs):
            understanding = kwargs.get("understanding") or {}
            assert understanding.get("requires_confirmation") is True
            assert understanding.get("confirmation_reason") == "high_risk"
            return 999, "high_risk"
    
        monkeypatch.setattr(
            "app.services.chat.streaming_service.maybe_create_fallback_pending_action",
            _fake_fallback_pending_action,
        )
    
>       chunks = [
            line
            async for line in streaming.stream_message(
                conversation_id="conv-1",
                message="execute deploy in production now",
                role=ModelRole.ORCHESTRATOR,
                priority=ModelPriority.FAST_AND_CHEAP,
                requested_role="auto",
                routing_decision=_FakeRoutingDecision(risk_level="high"),
                route_applied=True,
            )
        ]

tests/unit/test_chat_streaming_service.py:212: 
_ _ _ _ _ _ _ _ _ _ _ _ _ _ _ _ _ _ _ _ _ _ _ _ _ _ _ _ _ _ _ _ _ _ _ _ _ _ _ _ 

self = <app.services.chat.streaming_service.StreamingService object at 0x149679b20>
conversation_id = 'conv-1', message = 'execute deploy in production now'
role = <ModelRole.ORCHESTRATOR: 'orchestrator'>
priority = <ModelPriority.FAST_AND_CHEAP: 'fast_and_cheap'>
timeout_seconds = None, user_id = None, project_id = None
knowledge_space_id = None, identity_source = 'unknown', requested_role = 'auto'
routing_decision = <test_chat_streaming_service._FakeRoutingDecision object at 0x1496785f0>
route_applied = True

    async def stream_message(
        self,
        conversation_id: str,
        message: str,
        role: ModelRole | None = None,
        priority: ModelPriority | None = None,
        timeout_seconds: int | None = None,
        user_id: str | None = None,
        project_id: str | None = None,
        knowledge_space_id: str | None = None,
        identity_source: str = "unknown",
        requested_role: str | None = None,
        routing_decision: Any | None = None,
        route_applied: bool | None = None,
    ):
        role = role or ModelRole.ORCHESTRATOR
        priority = priority or ModelPriority.HIGH_QUALITY
    
        max_bytes = int(os.getenv("CHAT_MAX_MESSAGE_BYTES", str(10 * 1024)))
        default_timeout = int(os.getenv("CHAT_DEFAULT_TIMEOUT_SECONDS", "30"))
        heartbeat_interval = int(os.getenv("CHAT_HEARTBEAT_INTERVAL_SECONDS", "30"))
        protocol_version = os.getenv("CHAT_SSE_PROTOCOL_VERSION", "2025-11.v1")
        deprecate_partial_at = os.getenv("CHAT_SSE_PARTIAL_DEPRECATE_AT", "2026-03-01")
    
        try:
            if message and len(message.encode("utf-8")) > max_bytes:
                err = json.dumps(
                    chat_sse_error_payload(
                        code="CHAT_MESSAGE_TOO_LARGE",
                        message="Message too large",
                        category="validation",
                        retryable=False,
                        http_status=413,
                    ),
                    ensure_ascii=False,
                )
                yield f"event: error\ndata: {err}\n\n"
                return
        except Exception:
            pass
    
        understanding = build_understanding_payload(message)
        try:
            conv = self._repo.get_conversation(conversation_id)
>           self._conversation_service.validate_conversation_access(
                conversation_id, conv, user_id, project_id
            )
E           TypeError: ConversationService.validate_conversation_access() takes 4 positional arguments but 5 were given

app/services/chat/streaming_service.py:110: TypeError
________ test_streaming_service_sse_non_risk_does_not_emit_confirmation ________

monkeypatch = <_pytest.monkeypatch.MonkeyPatch object at 0x149654800>

    @pytest.mark.asyncio
    async def test_streaming_service_sse_non_risk_does_not_emit_confirmation(monkeypatch):
        repo = _FakeRepo()
        convo_service = ConversationService(repo)
        msg_orch = _FakeMessageOrchestration()
        streaming = StreamingService(
            repo=repo,
            llm_service=_FakeLLM(),
            tool_service=None,
            prompt_service=_FakePromptService(),
            rag_service=None,
            conversation_service=convo_service,
            message_orchestration_service=msg_orch,
        )
    
        monkeypatch.setattr(
            "app.services.chat.streaming_service.maybe_create_fallback_pending_action",
            lambda **kwargs: (None, None),
        )
    
>       chunks = [
            line
            async for line in streaming.stream_message(
                conversation_id="conv-1",
                message="hello docs",
                role=ModelRole.ORCHESTRATOR,
                priority=ModelPriority.FAST_AND_CHEAP,
                requested_role="auto",
                routing_decision=_FakeRoutingDecision(risk_level="low"),
                route_applied=True,
            )
        ]

tests/unit/test_chat_streaming_service.py:263: 
_ _ _ _ _ _ _ _ _ _ _ _ _ _ _ _ _ _ _ _ _ _ _ _ _ _ _ _ _ _ _ _ _ _ _ _ _ _ _ _ 

self = <app.services.chat.streaming_service.StreamingService object at 0x1496542f0>
conversation_id = 'conv-1', message = 'hello docs'
role = <ModelRole.ORCHESTRATOR: 'orchestrator'>
priority = <ModelPriority.FAST_AND_CHEAP: 'fast_and_cheap'>
timeout_seconds = None, user_id = None, project_id = None
knowledge_space_id = None, identity_source = 'unknown', requested_role = 'auto'
routing_decision = <test_chat_streaming_service._FakeRoutingDecision object at 0x149655910>
route_applied = True

    async def stream_message(
        self,
        conversation_id: str,
        message: str,
        role: ModelRole | None = None,
        priority: ModelPriority | None = None,
        timeout_seconds: int | None = None,
        user_id: str | None = None,
        project_id: str | None = None,
        knowledge_space_id: str | None = None,
        identity_source: str = "unknown",
        requested_role: str | None = None,
        routing_decision: Any | None = None,
        route_applied: bool | None = None,
    ):
        role = role or ModelRole.ORCHESTRATOR
        priority = priority or ModelPriority.HIGH_QUALITY
    
        max_bytes = int(os.getenv("CHAT_MAX_MESSAGE_BYTES", str(10 * 1024)))
        default_timeout = int(os.getenv("CHAT_DEFAULT_TIMEOUT_SECONDS", "30"))
        heartbeat_interval = int(os.getenv("CHAT_HEARTBEAT_INTERVAL_SECONDS", "30"))
        protocol_version = os.getenv("CHAT_SSE_PROTOCOL_VERSION", "2025-11.v1")
        deprecate_partial_at = os.getenv("CHAT_SSE_PARTIAL_DEPRECATE_AT", "2026-03-01")
    
        try:
            if message and len(message.encode("utf-8")) > max_bytes:
                err = json.dumps(
                    chat_sse_error_payload(
                        code="CHAT_MESSAGE_TOO_LARGE",
                        message="Message too large",
                        category="validation",
                        retryable=False,
                        http_status=413,
                    ),
                    ensure_ascii=False,
                )
                yield f"event: error\ndata: {err}\n\n"
                return
        except Exception:
            pass
    
        understanding = build_understanding_payload(message)
        try:
            conv = self._repo.get_conversation(conversation_id)
>           self._conversation_service.validate_conversation_access(
                conversation_id, conv, user_id, project_id
            )
E           TypeError: ConversationService.validate_conversation_access() takes 4 positional arguments but 5 were given

app/services/chat/streaming_service.py:110: TypeError
__ test_streaming_service_missing_required_citations_emits_and_persists_guard __

monkeypatch = <_pytest.monkeypatch.MonkeyPatch object at 0x1496542c0>

    @pytest.mark.asyncio
    async def test_streaming_service_missing_required_citations_emits_and_persists_guard(monkeypatch):
        repo = _FakeRepo()
        convo_service = ConversationService(repo)
        msg_orch = _FakeMessageOrchestration()
        streaming = StreamingService(
            repo=repo,
            llm_service=_FakeLLM(),
            tool_service=None,
            prompt_service=_FakePromptService(),
            rag_service=None,
            conversation_service=convo_service,
            message_orchestration_service=msg_orch,
        )
    
        monkeypatch.setattr(
            "app.services.chat.streaming_service.build_citation_status",
            lambda **kwargs: {
                "mode": "required",
                "status": "missing_required",
                "count": 0,
                "reason": "no_retrievable_sources",
            },
        )
    
>       chunks = [
            line
            async for line in streaming.stream_message(
                conversation_id="conv-1",
                message="Onde está a documentação da API",
                role=ModelRole.ORCHESTRATOR,
                priority=ModelPriority.FAST_AND_CHEAP,
            )
        ]

tests/unit/test_chat_streaming_service.py:306: 
_ _ _ _ _ _ _ _ _ _ _ _ _ _ _ _ _ _ _ _ _ _ _ _ _ _ _ _ _ _ _ _ _ _ _ _ _ _ _ _ 

self = <app.services.chat.streaming_service.StreamingService object at 0x149657f80>
conversation_id = 'conv-1', message = 'Onde está a documentação da API'
role = <ModelRole.ORCHESTRATOR: 'orchestrator'>
priority = <ModelPriority.FAST_AND_CHEAP: 'fast_and_cheap'>
timeout_seconds = None, user_id = None, project_id = None
knowledge_space_id = None, identity_source = 'unknown', requested_role = None
routing_decision = None, route_applied = None

    async def stream_message(
        self,
        conversation_id: str,
        message: str,
        role: ModelRole | None = None,
        priority: ModelPriority | None = None,
        timeout_seconds: int | None = None,
        user_id: str | None = None,
        project_id: str | None = None,
        knowledge_space_id: str | None = None,
        identity_source: str = "unknown",
        requested_role: str | None = None,
        routing_decision: Any | None = None,
        route_applied: bool | None = None,
    ):
        role = role or ModelRole.ORCHESTRATOR
        priority = priority or ModelPriority.HIGH_QUALITY
    
        max_bytes = int(os.getenv("CHAT_MAX_MESSAGE_BYTES", str(10 * 1024)))
        default_timeout = int(os.getenv("CHAT_DEFAULT_TIMEOUT_SECONDS", "30"))
        heartbeat_interval = int(os.getenv("CHAT_HEARTBEAT_INTERVAL_SECONDS", "30"))
        protocol_version = os.getenv("CHAT_SSE_PROTOCOL_VERSION", "2025-11.v1")
        deprecate_partial_at = os.getenv("CHAT_SSE_PARTIAL_DEPRECATE_AT", "2026-03-01")
    
        try:
            if message and len(message.encode("utf-8")) > max_bytes:
                err = json.dumps(
                    chat_sse_error_payload(
                        code="CHAT_MESSAGE_TOO_LARGE",
                        message="Message too large",
                        category="validation",
                        retryable=False,
                        http_status=413,
                    ),
                    ensure_ascii=False,
                )
                yield f"event: error\ndata: {err}\n\n"
                return
        except Exception:
            pass
    
        understanding = build_understanding_payload(message)
        try:
            conv = self._repo.get_conversation(conversation_id)
>           self._conversation_service.validate_conversation_access(
                conversation_id, conv, user_id, project_id
            )
E           TypeError: ConversationService.validate_conversation_access() takes 4 positional arguments but 5 were given

app/services/chat/streaming_service.py:110: TypeError
_ test_streaming_service_missing_required_citations_with_knowledge_space_skips_repo_study _

monkeypatch = <_pytest.monkeypatch.MonkeyPatch object at 0x1496552e0>

    @pytest.mark.asyncio
    async def test_streaming_service_missing_required_citations_with_knowledge_space_skips_repo_study(monkeypatch):
        repo = _FakeRepo()
        convo_service = ConversationService(repo)
        msg_orch = _FakeMessageOrchestration()
        streaming = StreamingService(
            repo=repo,
            llm_service=_FakeLLM(),
            tool_service=None,
            prompt_service=_FakePromptService(),
            rag_service=None,
            conversation_service=convo_service,
            message_orchestration_service=msg_orch,
        )
    
        monkeypatch.setattr(
            "app.services.chat.streaming_service.build_citation_status",
            lambda **kwargs: {
                "mode": "required",
                "status": "missing_required",
                "count": 0,
                "reason": "no_retrievable_sources",
            },
        )
    
        async def _explode(*args, **kwargs):
            raise AssertionError("repo study fallback should not run when knowledge space is active")
    
        monkeypatch.setattr(
            "app.services.chat.streaming_service.ChatStudyService.answer_with_study",
            _explode,
        )
    
>       chunks = [
            line
            async for line in streaming.stream_message(
                conversation_id="conv-1",
                message="Monte uma ficha usando o livro",
                role=ModelRole.ORCHESTRATOR,
                priority=ModelPriority.FAST_AND_CHEAP,
                knowledge_space_id="ks-1",
            )
        ]

tests/unit/test_chat_streaming_service.py:368: 
_ _ _ _ _ _ _ _ _ _ _ _ _ _ _ _ _ _ _ _ _ _ _ _ _ _ _ _ _ _ _ _ _ _ _ _ _ _ _ _ 

self = <app.services.chat.streaming_service.StreamingService object at 0x149657e60>
conversation_id = 'conv-1', message = 'Monte uma ficha usando o livro'
role = <ModelRole.ORCHESTRATOR: 'orchestrator'>
priority = <ModelPriority.FAST_AND_CHEAP: 'fast_and_cheap'>
timeout_seconds = None, user_id = None, project_id = None
knowledge_space_id = 'ks-1', identity_source = 'unknown', requested_role = None
routing_decision = None, route_applied = None

    async def stream_message(
        self,
        conversation_id: str,
        message: str,
        role: ModelRole | None = None,
        priority: ModelPriority | None = None,
        timeout_seconds: int | None = None,
        user_id: str | None = None,
        project_id: str | None = None,
[...]
=========================== short test summary info ============================
FAILED tests/unit/core/infrastructure/test_prompt_loader_cutover.py::test_get_formatted_prompt_is_tolerant_on_missing_placeholder - assert 'Variável faltando no prompt' in 'ERROR    app.core.infrastructure.prompt_loader:prompt_loader.py:296 {"prompt_name": "welcome", "error": "\'nome\'", "...10T18:01:13.115973Z", "trace_id": "-", "user_id": "-", "session_id": "-", "conversation_id": "-", "project_id": "-"}\n'
 +  where 'ERROR    app.core.infrastructure.prompt_loader:prompt_loader.py:296 {"prompt_name": "welcome", "error": "\'nome\'", "...10T18:01:13.115973Z", "trace_id": "-", "user_id": "-", "session_id": "-", "conversation_id": "-", "project_id": "-"}\n' = <_pytest.logging.LogCaptureFixture object at 0x148828a70>.text
FAILED tests/unit/core/memory/test_knowledge_graph_manager_indexes.py::test_index_codebase_uses_only_canonical_index_operations - assert False
 +  where False = all(<generator object test_index_codebase_uses_only_canonical_index_operations.<locals>.<genexpr> at 0x14880d8c0>)
FAILED tests/unit/services/test_chat_message_helpers.py::test_build_understanding_payload_summarizes_question_without_echoing_message - AssertionError: assert 'general' == 'question'
  
  - question
  + general
FAILED tests/unit/services/test_knowledge_space_service.py::test_render_operational_answer_uses_ollama_only_and_returns_llm_response - TypeError: KnowledgeSpaceService._render_operational_answer() missing 1 required keyword-only argument: 'user_id'
FAILED tests/unit/services/test_knowledge_space_service.py::test_collect_operational_support_points_skips_conflicting_specific_option_for_target - TypeError: KnowledgeSpaceService._collect_operational_support_points() missing 1 required keyword-only argument: 'user_id'
FAILED tests/unit/services/test_knowledge_space_service.py::test_render_operational_answer_falls_back_when_llm_response_is_low_information - TypeError: KnowledgeSpaceService._render_operational_answer() missing 1 required keyword-only argument: 'user_id'
FAILED tests/unit/services/test_knowledge_space_service.py::test_query_canonical_returns_task_strategy_for_execution_queries - TypeError: KnowledgeSpaceService._query_canonical() missing 1 required keyword-only argument: 'user_id'
FAILED tests/unit/services/test_knowledge_space_service.py::test_collect_operational_support_points_targets_selected_docs_without_scroll_for_tasks - TypeError: KnowledgeSpaceService._collect_operational_support_points() missing 1 required keyword-only argument: 'user_id'
FAILED tests/unit/services/test_knowledge_space_service.py::test_query_space_skips_auto_canonical_when_ready_space_has_no_canonical_metrics - TypeError: KnowledgeSpaceService.query_space() missing 1 required keyword-only argument: 'user_id'
FAILED tests/unit/services/test_knowledge_space_service.py::test_query_space_falls_back_when_canonical_times_out - TypeError: KnowledgeSpaceService.query_space() missing 1 required keyword-only argument: 'user_id'
FAILED tests/unit/services/test_knowledge_space_service.py::test_query_space_uses_extended_timeout_for_task_execution_queries - TypeError: KnowledgeSpaceService.query_space() missing 1 required keyword-only argument: 'user_id'
FAILED tests/unit/services/test_knowledge_space_service.py::test_estimate_query_timing_marks_task_queries_as_deep_and_slow - TypeError: KnowledgeSpaceService.estimate_query_timing() missing 1 required keyword-only argument: 'user_id'
FAILED tests/unit/test_active_memory_service.py::test_active_memory_prioritizes_secret_capture - TypeError: ActiveMemoryService.maybe_capture_from_message() missing 1 required keyword-only argument: 'user_id'
FAILED tests/unit/test_ai016_document_semantic_enrichment.py::test_ingest_file_includes_semantic_metadata_in_payload - TypeError: DocumentIngestionService.ingest_file() missing 1 required positional argument: 'user_id'
FAILED tests/unit/test_autonomy_admin_authz.py::test_autonomy_admin_requires_authentication - AttributeError: <module 'app.core.security.request_guard' from '/Users/arthurparaiso/repos/janus-completo/backend/app/core/security/request_guard.py'> has no attribute 'UserRepository'
FAILED tests/unit/test_autonomy_admin_authz.py::test_autonomy_admin_requires_admin_role - AttributeError: <module 'app.core.security.request_guard' from '/Users/arthurparaiso/repos/janus-completo/backend/app/core/security/request_guard.py'> has no attribute 'UserRepository'
FAILED tests/unit/test_autonomy_admin_authz.py::test_autonomy_admin_allows_admin - AttributeError: <module 'app.core.security.request_guard' from '/Users/arthurparaiso/repos/janus-completo/backend/app/core/security/request_guard.py'> has no attribute 'UserRepository'
FAILED tests/unit/test_autonomy_admin_service_scope.py::test_recall_self_study_memories_prefers_linked_code_summary - assert 0 == 1
 +  where 0 = len([])
FAILED tests/unit/test_autonomy_lock_service.py::test_make_scope_key_variants - TypeError: AutonomyLockService.make_scope_key() missing 1 required keyword-only argument: 'user_id'
FAILED tests/unit/test_chat_contracts_confirmation.py::test_build_confirmation_payload_requires_real_pending_action - AssertionError: assert {'reason': 'high_risk', 'required': True, 'source': 'heuristic'} is None
 +  where {'reason': 'high_risk', 'required': True, 'source': 'heuristic'} = build_confirmation_payload(pending_action_id=None, reason='high_risk')
FAILED tests/unit/test_chat_contracts_confirmation.py::test_maybe_create_fallback_pending_action_from_pending_marker - assert None == 42
FAILED tests/unit/test_chat_deps_identity.py::test_resolve_authenticated_user_context_strict_requires_auth - TypeError: ChatIdentityResolution.__init__() got an unexpected keyword argument 'user_id'
FAILED tests/unit/test_chat_deps_identity.py::test_resolve_authenticated_user_context_transition_accepts_header - TypeError: ChatIdentityResolution.__init__() got an unexpected keyword argument 'user_id'
FAILED tests/unit/test_chat_service_stream.py::test_stream_message_emits_token_and_done - TypeError: ChatService.start_conversation() takes 3 positional arguments but 4 were given
FAILED tests/unit/test_chat_service_stream.py::test_stream_message_rejects_large_message - TypeError: ChatService.start_conversation() takes 3 positional arguments but 4 were given
FAILED tests/unit/test_chat_service_utf8_heartbeat.py::test_utf8_and_heartbeat_emission - TypeError: ChatService.start_conversation() takes 3 positional arguments but 4 were given
FAILED tests/unit/test_chat_streaming_service.py::test_streaming_service_emits_protocol_partial_and_done - TypeError: ConversationService.validate_conversation_access() takes 4 positional arguments but 5 were given
FAILED tests/unit/test_chat_streaming_service.py::test_streaming_service_sse_high_risk_emits_confirmation_and_waiting_state - TypeError: ConversationService.validate_conversation_access() takes 4 positional arguments but 5 were given
FAILED tests/unit/test_chat_streaming_service.py::test_streaming_service_sse_non_risk_does_not_emit_confirmation - TypeError: ConversationService.validate_conversation_access() takes 4 positional arguments but 5 were given
FAILED tests/unit/test_chat_streaming_service.py::test_streaming_service_missing_required_citations_emits_and_persists_guard - TypeError: ConversationService.validate_conversation_access() takes 4 positional arguments but 5 were given
FAILED tests/unit/test_chat_streaming_service.py::test_streaming_service_missing_required_citations_with_knowledge_space_skips_repo_study - TypeError: ConversationService.validate_conversation_access() takes 4 positional arguments but 5 were given
FAILED tests/unit/test_chat_streaming_service.py::test_streaming_service_document_grounding_short_circuits_llm - TypeError: ConversationService.validate_conversation_access() takes 4 positional arguments but 5 were given
FAILED tests/unit/test_circuit_breaker_comprehensive.py::TestCircuitBreakerMonitoring::test_analytics_detects_failure_patterns - KeyError: 'error_rate_trend'
FAILED tests/unit/test_collaboration_service_autonomy_hook.py::test_maybe_finalize_autonomy_goal_marks_completed - AssertionError: assert [] == [('goal-1', 'completed')]
  
  Right contains one more item: ('goal-1', 'completed')
  
  Full diff:
  + []
  - [
  -     (
  -         'goal-1',
  -         'completed',
  -     ),
  - ]
FAILED tests/unit/test_collaboration_service_autonomy_hook.py::test_maybe_finalize_autonomy_goal_marks_failed_for_terminal_error - AssertionError: assert [] == [('goal-2', 'failed')]
  
  Right contains one more item: ('goal-2', 'failed')
  
  Full diff:
  + []
  - [
  -     (
  -         'goal-2',
  -         'failed',
  -     ),
  - ]
FAILED tests/unit/test_collaboration_service_autonomy_hook.py::test_maybe_finalize_autonomy_goal_is_idempotent_on_same_taskstate - AssertionError: assert [] == [('goal-4', 'completed')]
  
  Right contains one more item: ('goal-4', 'completed')
  
  Full diff:
  + []
  - [
  -     (
  -         'goal-4',
  -         'completed',
  -     ),
  - ]
FAILED tests/unit/test_conversation_service.py::test_validate_conversation_access_blocks_user_mismatch - Failed: DID NOT RAISE <class 'app.core.exceptions.chat_exceptions.ChatServiceError'>
FAILED tests/unit/test_conversation_service.py::test_crud_operations_delegate_to_repo - AssertionError: assert ('conv-1', 'N...lo', 'proj-1') == ('conv-1', 'N...-1', 'proj-1')
  
  At index 2 diff: 'proj-1' != 'user-1'
  Right contains one more item: 'proj-1'
  
  Full diff:
    (
        'conv-1',
        'Novo titulo',
  -     'user-1',
        'proj-1',
    )
FAILED tests/unit/test_document_service.py::test_process_staged_document_recovers_when_points_already_indexed - FileNotFoundError: Arquivo staged não encontrado para doc-1
FAILED tests/unit/test_documents_endpoint_async_upload.py::test_upload_document_returns_202_and_accepts_form_user_id - AssertionError: assert 'default' == 'u-1'
  
  - u-1
  + default
FAILED tests/unit/test_documents_endpoint_async_upload.py::test_upload_document_rejects_conflicting_user_identity - assert 202 == 422
 +  where 202 = <Response [202 Accepted]>.status_code
FAILED tests/unit/test_knowledge_service_code_query.py::test_ask_code_with_citations_returns_answer_and_citations - AssertionError: assert 'answer:Como ...app/main.py:7' == 'answer:Como ...pp/main.py?:7'
  
  Skipping 40 identical leading characters in diff, use -v to show
  - pp/main.py?:7
  ?           -
  + pp/main.py:7
FAILED tests/unit/test_knowledge_service_telemetry.py::test_ask_code_with_citations_emits_code_citations_telemetry - AssertionError: assert 'answer:How d...call helper:4' == 'answer:How d...all helper?:4'
  
  - answer:How does run call helper?:4
  ?                                -
  + answer:How does run call helper:4
FAILED tests/unit/test_llm_select_and_cb.py::test_cb_early_block_emits_error_circuit_open - TypeError: ChatService.start_conversation() takes 3 positional arguments but 4 were given
FAILED tests/unit/test_memory_scroll_refactor.py::test_search_recent_failures_uses_scroll - AssertionError: Expected 'scroll' to have been called once. Called 0 times.
FAILED tests/unit/test_memory_scroll_refactor.py::test_search_recent_lessons_uses_scroll - AssertionError: Expected 'scroll' to have been called once. Called 0 times.
FAILED tests/unit/test_memory_service.py::test_index_interaction_uses_chat_collection_and_deterministic_point_id - TypeError: MemoryService.index_interaction() takes 4 positional arguments but 5 were given
FAILED tests/unit/test_message_orchestration_service.py::test_send_message_command_shortcut_persists_and_returns_understanding - TypeError: _FakeConversationService.validate_conversation_access() missing 1 required positional argument: 'project_id'
FAILED tests/unit/test_message_orchestration_service.py::test_send_message_rejects_large_payload - TypeError: _FakeConversationService.validate_conversation_access() missing 1 required positional argument: 'project_id'
FAILED tests/unit/test_message_orchestration_service.py::test_send_message_agent_loop_path_persists_and_enqueues_post_event - TypeError: MessageOrchestrationService.send_message() got an unexpected keyword argument 'user_id'
FAILED tests/unit/test_message_orchestration_service.py::test_send_message_light_chat_bypasses_agent_loop_and_skips_rag_lookup - TypeError: MessageOrchestrationService.send_message() got an unexpected keyword argument 'user_id'
FAILED tests/unit/test_message_orchestration_service.py::test_send_message_document_grounding_uses_evidence_and_preserves_citations - TypeError: MessageOrchestrationService.send_message() got an unexpected keyword argument 'user_id'
FAILED tests/unit/test_message_orchestration_service.py::test_send_message_document_grounding_returns_processing_notice_when_no_indexed_docs - TypeError: MessageOrchestrationService.send_message() got an unexpected keyword argument 'user_id'
FAILED tests/unit/test_message_orchestration_service.py::test_send_message_document_grounding_ignores_processing_doc_chunks - TypeError: MessageOrchestrationService.send_message() got an unexpected keyword argument 'user_id'
FAILED tests/unit/test_message_orchestration_service.py::test_send_message_document_grounding_rechecks_false_negative_extraction - TypeError: MessageOrchestrationService.send_message() got an unexpected keyword argument 'user_id'
FAILED tests/unit/test_message_orchestration_service.py::test_send_message_document_grounding_negative_omits_irrelevant_snippet - TypeError: MessageOrchestrationService.send_message() got an unexpected keyword argument 'user_id'
FAILED tests/unit/test_message_orchestration_service.py::test_send_message_document_grounding_prefers_primary_source_for_operational_requests - TypeError: MessageOrchestrationService.send_message() got an unexpected keyword argument 'user_id'
FAILED tests/unit/test_message_orchestration_service.py::test_send_message_document_grounding_allows_secondary_when_user_requests_it - TypeError: MessageOrchestrationService.send_message() got an unexpected keyword argument 'user_id'
FAILED tests/unit/test_message_orchestration_service.py::test_send_message_document_grounding_operational_task_returns_direct_artifact - TypeError: MessageOrchestrationService.send_message() got an unexpected keyword argument 'user_id'
FAILED tests/unit/test_message_orchestration_service.py::test_send_message_knowledge_space_path_prefers_canonical_answer - TypeError: MessageOrchestrationService.send_message() got an unexpected keyword argument 'user_id'
FAILED tests/unit/test_message_orchestration_service.py::test_send_message_standard_path_reuses_initial_prompt_and_single_rag_lookup - TypeError: MessageOrchestrationService.send_message() got an unexpected keyword argument 'user_id'
FAILED tests/unit/test_message_orchestration_service.py::test_send_message_secret_recall_uses_explicit_authorized_path - TypeError: MessageOrchestrationService.send_message() got an unexpected keyword argument 'user_id'
FAILED tests/unit/test_message_orchestration_service.py::test_apply_response_memory_policies_appends_next_steps - TypeError: MessageOrchestrationService.apply_response_memory_policies() got an unexpected keyword argument 'user_id'
FAILED tests/unit/test_message_orchestration_service.py::test_build_knowledge_space_runtime_notice_returns_estimate_for_resolved_space - TypeError: MessageOrchestrationService.build_knowledge_space_runtime_notice() got an unexpected keyword argument 'user_id'
FAILED tests/unit/test_message_orchestration_service.py::test_resolve_active_knowledge_space_id_prefers_single_manifest_scope - TypeError: MessageOrchestrationService.resolve_active_knowledge_space_id() got an unexpected keyword argument 'user_id'
FAILED tests/unit/test_meta_agent_failure_event.py::test_process_failure_event_persists_and_triggers_cycle - TypeError: test_process_failure_event_persists_and_triggers_cycle.<locals>.fake_publish() got an unexpected keyword argument 'payload_extra'
FAILED tests/unit/test_oq012_data_retention.py::test_cleanup_user_artifacts_awaits_vector_and_graph_cleanup - TypeError: DataRetentionService.cleanup_user_artifacts() takes 0 positional arguments but 1 was given
FAILED tests/unit/test_oq012_data_retention.py::test_dispatch_user_cleanup_uses_running_loop_task - TypeError: DataRetentionService.cleanup_user_artifacts() takes 0 positional arguments but 1 was given
FAILED tests/unit/test_procedural_memory_service.py::test_maybe_capture_builds_procedural_metadata - NameError: name 'user_id' is not defined
FAILED tests/unit/test_rag_service_telemetry.py::test_retrieve_context_emits_skip_telemetry_when_user_missing - AssertionError: assert 'ConnectionError' == 'SKIPPED_MISSING_USER_ID'
  
  - SKIPPED_MISSING_USER_ID
  + ConnectionError
FAILED tests/unit/test_sg012_auth_reset_token_leak.py::test_request_reset_does_not_return_token_in_development_even_when_disabled_flag - AttributeError: 'types.SimpleNamespace' object has no attribute 'headers'
FAILED tests/unit/test_sg012_auth_reset_token_leak.py::test_request_reset_returns_token_only_in_test_env_with_opt_in - AttributeError: 'types.SimpleNamespace' object has no attribute 'headers'
FAILED tests/unit/test_sg012_auth_reset_token_leak.py::test_request_reset_never_returns_token_in_production - AttributeError: 'types.SimpleNamespace' object has no attribute 'headers'
FAILED tests/unit/test_sg012_auth_reset_token_leak.py::test_request_reset_returns_token_in_ci_with_opt_in - AttributeError: 'types.SimpleNamespace' object has no attribute 'headers'
FAILED tests/unit/test_sg012_auth_reset_token_leak.py::test_request_reset_does_not_return_token_in_staging - AttributeError: 'types.SimpleNamespace' object has no attribute 'headers'
FAILED tests/unit/test_sg014_workspace_authz.py::test_workspace_requires_authenticated_actor - AttributeError: <module 'app.core.security.request_guard' from '/Users/arthurparaiso/repos/janus-completo/backend/app/core/security/request_guard.py'> has no attribute 'UserRepository'
FAILED tests/unit/test_sg014_workspace_authz.py::test_workspace_add_artifact_allows_authenticated_actor - AttributeError: <module 'app.core.security.request_guard' from '/Users/arthurparaiso/repos/janus-completo/backend/app/core/security/request_guard.py'> has no attribute 'UserRepository'
FAILED tests/unit/test_sg014_workspace_authz.py::test_workspace_shutdown_requires_admin - AttributeError: <module 'app.core.security.request_guard' from '/Users/arthurparaiso/repos/janus-completo/backend/app/core/security/request_guard.py'> has no attribute 'UserRepository'
FAILED tests/unit/test_sg014_workspace_authz.py::test_workspace_shutdown_allows_admin - AttributeError: <module 'app.core.security.request_guard' from '/Users/arthurparaiso/repos/janus-completo/backend/app/core/security/request_guard.py'> has no attribute 'UserRepository'
FAILED tests/unit/test_sg015_auth_rate_limit.py::test_issue_token_rate_limit_returns_429 - assert 403 == 200
 +  where 403 = <Response [403 Forbidden]>.status_code
FAILED tests/unit/test_sg018_collaboration_workspace_status_auth.py::test_workspace_status_requires_authenticated_actor - assert 200 == 401
 +  where 200 = <Response [200 OK]>.status_code
FAILED tests/unit/test_sg018_secret_defaults_removed.py::test_env_example_uses_required_placeholders_for_critical_secrets - FileNotFoundError: [Errno 2] No such file or directory: 'backend/app/.env.example'
FAILED tests/unit/test_technical_qa_eval_service.py::test_offline_query_fn_uses_dataset_rules - AssertionError: assert 'offline_citation_resolution_failed' is None
FAILED tests/unit/test_user_preference_memory_service.py::test_maybe_capture_builds_structured_metadata - NameError: name 'user_id' is not defined
FAILED tests/unit/test_vector_store_count_api.py::test_user_collection_helpers_build_scoped_names - AssertionError: assert 'global_chat' == 'user_chat_9'
  
  - user_chat_9
  + global_chat
================= 85 failed, 398 passed, 54 warnings in 13.63s =================
